F:\photo_script\brokenphotodir\gbk_encoding\手机2021_09_07之后___2021_09_07___IMG_0043.JPG
F:\photo_script\brokenphotodir\gbk_encoding\手机2021_09_07之后___2021_09_07___IMG_0044.JPG
F:\photo_script\brokenphotodir\gbk_encoding\手机2021_09_07之后___2021_09_07___IMG_0110.jpg
F:\photo_script\brokenphotodir\gbk_encoding\手机2021_09_07之后___2021_09_07___IMG_0163.jpg
F:\photo_script\brokenphotodir\gbk_encoding\手机2021_09_07之后___2021_09_07___IMG_0164.jpg
F:\photo_script\brokenphotodir\gbk_encoding\手机2021_09_07之后___2021_09_07___IMG_0182.jpg
F:\photo_script\brokenphotodir\gbk_encoding\手机2021_09_07之后___2021_09_07___IMG_0183.jpg
F:\photo_script\brokenphotodir\gbk_encoding\手机2021_09_07之后___2021_09_07___IMG_0187.jpg
F:\photo_script\brokenphotodir\gbk_encoding\手机2021_09_07之后___2021_09_07___IMG_0188.jpg
F:\photo_script\brokenphotodir\gbk_encoding\手机2021_09_07之后___2021_09_29___DSC01784.jpg
F:\photo_script\brokenphotodir\gbk_encoding\手机2021_09_07之后___2021_09_29___DSC01785.jpg
F:\photo_script\brokenphotodir\gbk_encoding\手机2021_09_07之后___2021_09_29___DSC01794.jpg
F:\photo_script\brokenphotodir\gbk_encoding\手机2021_09_07之后___2021_09_29___DSC01799.jpg
F:\photo_script\brokenphotodir\gbk_encoding\手机2021_09_07之后___2021_09_29___DSC01801.jpg
F:\photo_script\brokenphotodir\gbk_encoding\手机2021_09_07之后___2021_09_29___DSC01805.jpg
F:\photo_script\brokenphotodir\gbk_encoding\手机2021_09_07之后___2021_09_29___DSC01835.jpg
F:\photo_script\brokenphotodir\gbk_encoding\手机2021_09_07之后___2021_09_29___IMG_0214.jpg
F:\photo_script\brokenphotodir\gbk_encoding\手机2021_09_07之后___2021_09_29___IMG_0216.jpg
F:\photo_script\brokenphotodir\gbk_encoding\手机2021_09_07之后___2021_09_29___IMG_0228.jpg
F:\photo_script\brokenphotodir\gbk_encoding\手机2021_09_07之后___2021_09_29___IMG_0229.jpg
F:\photo_script\brokenphotodir\gbk_encoding\手机2021_09_07之后___2021_09_29___IMG_0237.jpg
F:\photo_script\brokenphotodir\gbk_encoding\手机2021_09_07之后___2021_10_23___IMG_0366.JPG
F:\photo_script\brokenphotodir\gbk_encoding\手机2021_09_07之后___2021_10_23___IMG_0369.JPG
F:\photo_script\brokenphotodir\gbk_encoding\手机2021_09_07之后___2021_10_23___IMG_0383.JPG
F:\photo_script\brokenphotodir\gbk_encoding\手机2021_09_07之后___2021_10_23___IMG_0384.JPG
F:\photo_script\brokenphotodir\gbk_encoding\手机2021_09_07之后___2021_10_29___2021-10-23 194634.jpg
F:\photo_script\brokenphotodir\gbk_encoding\手机2021_09_07之后___2021_11_02___DSC02186.JPG
F:\photo_script\brokenphotodir\gbk_encoding\手机2021_09_07之后___2021_11_02___DSC02188.JPG
F:\photo_script\brokenphotodir\gbk_encoding\手机2021_09_07之后___2021_11_02___DSC02190.JPG
F:\photo_script\brokenphotodir\gbk_encoding\手机2021_09_07之后___2021_11_02___DSC02192.JPG
F:\photo_script\brokenphotodir\gbk_encoding\手机2021_09_07之后___2021_11_02___DSC02193.JPG
F:\photo_script\brokenphotodir\gbk_encoding\手机2021_09_07之后___2021_11_02___DSC02194.JPG
F:\photo_script\brokenphotodir\gbk_encoding\手机2021_09_07之后___2021_11_02___DSC02195.JPG
F:\photo_script\brokenphotodir\gbk_encoding\手机2021_09_07之后___2021_11_15___2021-11-03 174136.jpg
F:\photo_script\brokenphotodir\gbk_encoding\手机2021_09_07之后___2021_11_15___2021-11-03 185328.jpg
F:\photo_script\brokenphotodir\gbk_encoding\手机2021_09_07之后___2021_11_15___2021-11-03 185902.jpg
F:\photo_script\brokenphotodir\gbk_encoding\手机2021_09_07之后___2021_11_15___2021-11-07 135421.jpg
F:\photo_script\brokenphotodir\gbk_encoding\手机2021_09_07之后___2021_11_15___2021-11-07 204846.jpg
F:\photo_script\brokenphotodir\gbk_encoding\手机2021_09_07之后___2021_11_15___2021-11-09 153341.jpg
F:\photo_script\brokenphotodir\gbk_encoding\手机2021_09_07之后___2021_11_15___2021-11-09 230412.png
