F:\photo_script\brokenphotodir\gbk_encoding\GooglePhoto___2021___63193670074__3F54C0CF-BE6B-4076-8EF7-F0E6F188D.HEIC
F:\photo_script\brokenphotodir\gbk_encoding\GooglePhoto___2021___63203378235__86E5BF77-4F6F-4BBA-A216-3742077FC.HEIC
F:\photo_script\brokenphotodir\gbk_encoding\GooglePhoto___2021___63289706953__F19F2BF2-E78E-4259-A9EF-866712A06.HEIC
F:\photo_script\brokenphotodir\gbk_encoding\GooglePhoto___2021___DSC00003.jpg
F:\photo_script\brokenphotodir\gbk_encoding\GooglePhoto___2021___DSC00200.JPG
F:\photo_script\brokenphotodir\gbk_encoding\GooglePhoto___2021___DSC00201.JPG
F:\photo_script\brokenphotodir\gbk_encoding\GooglePhoto___2021___DSC09059.JPG
F:\photo_script\brokenphotodir\gbk_encoding\GooglePhoto___2021___DSC09060.JPG
F:\photo_script\brokenphotodir\gbk_encoding\GooglePhoto___2021___DSC09061.JPG
F:\photo_script\brokenphotodir\gbk_encoding\GooglePhoto___2021___DSC09064.JPG
F:\photo_script\brokenphotodir\gbk_encoding\GooglePhoto___2021___DSC09074.JPG
F:\photo_script\brokenphotodir\gbk_encoding\GooglePhoto___2021___DSC09075.JPG
F:\photo_script\brokenphotodir\gbk_encoding\GooglePhoto___2021___DSC09076.JPG
F:\photo_script\brokenphotodir\gbk_encoding\GooglePhoto___2021___DSC09077.JPG
F:\photo_script\brokenphotodir\gbk_encoding\GooglePhoto___2021___DSC09078.JPG
F:\photo_script\brokenphotodir\gbk_encoding\GooglePhoto___2021___DSC09100.JPG
F:\photo_script\brokenphotodir\gbk_encoding\GooglePhoto___2021___DSC_9075.JPG
F:\photo_script\brokenphotodir\gbk_encoding\GooglePhoto___2021___DSC_9095.JPG
F:\photo_script\brokenphotodir\gbk_encoding\GooglePhoto___2021___DSC_9098.JPG
F:\photo_script\brokenphotodir\gbk_encoding\GooglePhoto___2021___DSC_9099.JPG
F:\photo_script\brokenphotodir\gbk_encoding\GooglePhoto___2021___DSC_9101.JPG
F:\photo_script\brokenphotodir\gbk_encoding\GooglePhoto___2021___DSC_9102.JPG
F:\photo_script\brokenphotodir\gbk_encoding\GooglePhoto___2021___DSC_9103.JPG
F:\photo_script\brokenphotodir\gbk_encoding\GooglePhoto___2021___DSC_9118.JPG
F:\photo_script\brokenphotodir\gbk_encoding\GooglePhoto___2021___DSC_9119.JPG
F:\photo_script\brokenphotodir\gbk_encoding\GooglePhoto___2021___DSC_9120.JPG
F:\photo_script\brokenphotodir\gbk_encoding\GooglePhoto___2021___DSC_9121.JPG
F:\photo_script\brokenphotodir\gbk_encoding\GooglePhoto___2021___DSC_9301.JPG
F:\photo_script\brokenphotodir\gbk_encoding\GooglePhoto___2021___DSC_9302.JPG
F:\photo_script\brokenphotodir\gbk_encoding\GooglePhoto___2021___DSC_9306.JPG
F:\photo_script\brokenphotodir\gbk_encoding\GooglePhoto___2021___DSC_9309.JPG
F:\photo_script\brokenphotodir\gbk_encoding\GooglePhoto___2021___DSC_9312.JPG
F:\photo_script\brokenphotodir\gbk_encoding\GooglePhoto___2021___DSC_9313.JPG
F:\photo_script\brokenphotodir\gbk_encoding\GooglePhoto___2021___DSC_9314.JPG
F:\photo_script\brokenphotodir\gbk_encoding\GooglePhoto___2021___DSC_9322.JPG
F:\photo_script\brokenphotodir\gbk_encoding\GooglePhoto___2021___DSC_9326.JPG
F:\photo_script\brokenphotodir\gbk_encoding\GooglePhoto___2021___DSC_9327.JPG
F:\photo_script\brokenphotodir\gbk_encoding\GooglePhoto___2021___DSC_9328.JPG
F:\photo_script\brokenphotodir\gbk_encoding\GooglePhoto___2021___DSC_9329.JPG
F:\photo_script\brokenphotodir\gbk_encoding\GooglePhoto___2021___DSC_9330.JPG
F:\photo_script\brokenphotodir\gbk_encoding\GooglePhoto___2021___DSC_9347.JPG
F:\photo_script\brokenphotodir\gbk_encoding\GooglePhoto___2021___DSC_9348.JPG
F:\photo_script\brokenphotodir\gbk_encoding\GooglePhoto___2021___DSC_9355.JPG
F:\photo_script\brokenphotodir\gbk_encoding\GooglePhoto___2021___DSC_9357.JPG
F:\photo_script\brokenphotodir\gbk_encoding\GooglePhoto___2021___DSC_9358.JPG
F:\photo_script\brokenphotodir\gbk_encoding\GooglePhoto___2021___DSC_9359.JPG
F:\photo_script\brokenphotodir\gbk_encoding\GooglePhoto___2021___DSC_9360.JPG
F:\photo_script\brokenphotodir\gbk_encoding\GooglePhoto___2021___DSC_9361.JPG
F:\photo_script\brokenphotodir\gbk_encoding\GooglePhoto___2021___DSC_9362.JPG
F:\photo_script\brokenphotodir\gbk_encoding\GooglePhoto___2021___DSC_9363.JPG
F:\photo_script\brokenphotodir\gbk_encoding\GooglePhoto___2021___DSC_9364.JPG
F:\photo_script\brokenphotodir\gbk_encoding\GooglePhoto___2021___DSC_9365.JPG
F:\photo_script\brokenphotodir\gbk_encoding\GooglePhoto___2021___DSC_9391.JPG
F:\photo_script\brokenphotodir\gbk_encoding\GooglePhoto___2021___DSC_9532.JPG
F:\photo_script\brokenphotodir\gbk_encoding\GooglePhoto___2021___DSC_9549.JPG
F:\photo_script\brokenphotodir\gbk_encoding\GooglePhoto___2021___IMG_0091.JPG
F:\photo_script\brokenphotodir\gbk_encoding\GooglePhoto___2021___IMG_0093(1).JPG
F:\photo_script\brokenphotodir\gbk_encoding\GooglePhoto___2021___IMG_0094(1).JPG
F:\photo_script\brokenphotodir\gbk_encoding\GooglePhoto___2021___IMG_0303.PNG
F:\photo_script\brokenphotodir\gbk_encoding\GooglePhoto___2021___IMG_0307.PNG
F:\photo_script\brokenphotodir\gbk_encoding\GooglePhoto___2021___IMG_0320.PNG
F:\photo_script\brokenphotodir\gbk_encoding\GooglePhoto___2021___IMG_0323.PNG
F:\photo_script\brokenphotodir\gbk_encoding\GooglePhoto___2021___IMG_1891.JPG
F:\photo_script\brokenphotodir\gbk_encoding\GooglePhoto___2021___IMG_1894.JPG
F:\photo_script\brokenphotodir\gbk_encoding\GooglePhoto___2021___IMG_5585.PNG
F:\photo_script\brokenphotodir\gbk_encoding\GooglePhoto___2021___IMG_5587.PNG
F:\photo_script\brokenphotodir\gbk_encoding\GooglePhoto___2021___IMG_5668.JPG
F:\photo_script\brokenphotodir\gbk_encoding\GooglePhoto___2021___IMG_5702.PNG
F:\photo_script\brokenphotodir\gbk_encoding\GooglePhoto___2021___IMG_5703.PNG
F:\photo_script\brokenphotodir\gbk_encoding\GooglePhoto___2021___IMG_5739.PNG
F:\photo_script\brokenphotodir\gbk_encoding\GooglePhoto___2021___IMG_5740.PNG
F:\photo_script\brokenphotodir\gbk_encoding\GooglePhoto___2021___IMG_5836.JPG
F:\photo_script\brokenphotodir\gbk_encoding\GooglePhoto___2021___IMG_5855.PNG
F:\photo_script\brokenphotodir\gbk_encoding\GooglePhoto___2021___IMG_5893.JPG
F:\photo_script\brokenphotodir\gbk_encoding\GooglePhoto___2021___IMG_5966.PNG
F:\photo_script\brokenphotodir\gbk_encoding\GooglePhoto___2021___IMG_5967.PNG
F:\photo_script\brokenphotodir\gbk_encoding\GooglePhoto___2021___IMG_6045.PNG
F:\photo_script\brokenphotodir\gbk_encoding\GooglePhoto___2021___IMG_6046.PNG
F:\photo_script\brokenphotodir\gbk_encoding\GooglePhoto___2021___IMG_6100.PNG
F:\photo_script\brokenphotodir\gbk_encoding\GooglePhoto___2021___IMG_6107.JPG
F:\photo_script\brokenphotodir\gbk_encoding\GooglePhoto___2021___IMG_6125.PNG
F:\photo_script\brokenphotodir\gbk_encoding\GooglePhoto___2021___IMG_6126.PNG
F:\photo_script\brokenphotodir\gbk_encoding\GooglePhoto___2021___IMG_6127.PNG
F:\photo_script\brokenphotodir\gbk_encoding\GooglePhoto___2021___IMG_6128.PNG
F:\photo_script\brokenphotodir\gbk_encoding\GooglePhoto___2021___IMG_6129.PNG
F:\photo_script\brokenphotodir\gbk_encoding\GooglePhoto___2021___IMG_6130.PNG
F:\photo_script\brokenphotodir\gbk_encoding\GooglePhoto___2021___IMG_6131.PNG
F:\photo_script\brokenphotodir\gbk_encoding\GooglePhoto___2021___IMG_6132.PNG
F:\photo_script\brokenphotodir\gbk_encoding\GooglePhoto___2021___IMG_6133.PNG
F:\photo_script\brokenphotodir\gbk_encoding\GooglePhoto___2021___IMG_6135.PNG
F:\photo_script\brokenphotodir\gbk_encoding\GooglePhoto___2021___IMG_6147.PNG
F:\photo_script\brokenphotodir\gbk_encoding\GooglePhoto___2021___IMG_6192.PNG
F:\photo_script\brokenphotodir\gbk_encoding\GooglePhoto___2021___IMG_6193.PNG
F:\photo_script\brokenphotodir\gbk_encoding\GooglePhoto___2021___IMG_6194.JPG
F:\photo_script\brokenphotodir\gbk_encoding\GooglePhoto___2021___IMG_6201.JPG
F:\photo_script\brokenphotodir\gbk_encoding\GooglePhoto___2021___IMG_6224.PNG
F:\photo_script\brokenphotodir\gbk_encoding\GooglePhoto___2021___IMG_6225.PNG
F:\photo_script\brokenphotodir\gbk_encoding\GooglePhoto___2021___IMG_6231.PNG
F:\photo_script\brokenphotodir\gbk_encoding\GooglePhoto___2021___IMG_6294.PNG
F:\photo_script\brokenphotodir\gbk_encoding\GooglePhoto___2021___IMG_6296.JPG
F:\photo_script\brokenphotodir\gbk_encoding\GooglePhoto___2021___IMG_6307.JPG
F:\photo_script\brokenphotodir\gbk_encoding\GooglePhoto___2021___IMG_6511.PNG
F:\photo_script\brokenphotodir\gbk_encoding\GooglePhoto___2021___IMG_6566.JPG
F:\photo_script\brokenphotodir\gbk_encoding\GooglePhoto___2021___IMG_6659.PNG
F:\photo_script\brokenphotodir\gbk_encoding\GooglePhoto___2021___IMG_6660.PNG
F:\photo_script\brokenphotodir\gbk_encoding\GooglePhoto___2021___IMG_6680.PNG
F:\photo_script\brokenphotodir\gbk_encoding\GooglePhoto___2021___IMG_6681.PNG
F:\photo_script\brokenphotodir\gbk_encoding\GooglePhoto___2021___IMG_6682.PNG
F:\photo_script\brokenphotodir\gbk_encoding\GooglePhoto___2021___IMG_6683.PNG
F:\photo_script\brokenphotodir\gbk_encoding\GooglePhoto___2021___IMG_6684.PNG
F:\photo_script\brokenphotodir\gbk_encoding\GooglePhoto___2021___IMG_6789.JPG
F:\photo_script\brokenphotodir\gbk_encoding\GooglePhoto___2021___IMG_6800.JPG
F:\photo_script\brokenphotodir\gbk_encoding\GooglePhoto___2021___IMG_6801.JPG
F:\photo_script\brokenphotodir\gbk_encoding\GooglePhoto___2021___IMG_6802.JPG
F:\photo_script\brokenphotodir\gbk_encoding\GooglePhoto___2021___IMG_6803.JPG
F:\photo_script\brokenphotodir\gbk_encoding\GooglePhoto___2021___IMG_6804.JPG
F:\photo_script\brokenphotodir\gbk_encoding\GooglePhoto___2021___IMG_6805.JPG
F:\photo_script\brokenphotodir\gbk_encoding\GooglePhoto___2021___IMG_6806.JPG
F:\photo_script\brokenphotodir\gbk_encoding\GooglePhoto___2021___IMG_6807.JPG
F:\photo_script\brokenphotodir\gbk_encoding\GooglePhoto___2021___IMG_6808.JPG
F:\photo_script\brokenphotodir\gbk_encoding\GooglePhoto___2021___IMG_6809.JPG
F:\photo_script\brokenphotodir\gbk_encoding\GooglePhoto___2021___IMG_6810.JPG
F:\photo_script\brokenphotodir\gbk_encoding\GooglePhoto___2021___IMG_6849.JPG
F:\photo_script\brokenphotodir\gbk_encoding\GooglePhoto___2021___IMG_7170.JPG
F:\photo_script\brokenphotodir\gbk_encoding\GooglePhoto___2021___IMG_7347.JPG
F:\photo_script\brokenphotodir\gbk_encoding\GooglePhoto___2021___IMG_7354.JPG
F:\photo_script\brokenphotodir\gbk_encoding\GooglePhoto___2021___IMG_7357.JPG
F:\photo_script\brokenphotodir\gbk_encoding\GooglePhoto___2021___IMG_7372.PNG
F:\photo_script\brokenphotodir\gbk_encoding\GooglePhoto___2021___IMG_7373.PNG
F:\photo_script\brokenphotodir\gbk_encoding\GooglePhoto___2021___IMG_7382.JPG
F:\photo_script\brokenphotodir\gbk_encoding\GooglePhoto___2021___IMG_7386.PNG
F:\photo_script\brokenphotodir\gbk_encoding\GooglePhoto___2021___IMG_7387.PNG
F:\photo_script\brokenphotodir\gbk_encoding\GooglePhoto___2021___IMG_7388.PNG
F:\photo_script\brokenphotodir\gbk_encoding\GooglePhoto___2021___IMG_7389.PNG
F:\photo_script\brokenphotodir\gbk_encoding\GooglePhoto___2021___IMG_7390.PNG
F:\photo_script\brokenphotodir\gbk_encoding\GooglePhoto___2021___IMG_7391.PNG
F:\photo_script\brokenphotodir\gbk_encoding\GooglePhoto___2021___IMG_7392.PNG
F:\photo_script\brokenphotodir\gbk_encoding\GooglePhoto___2021___IMG_7393.PNG
F:\photo_script\brokenphotodir\gbk_encoding\GooglePhoto___2021___IMG_7394.PNG
F:\photo_script\brokenphotodir\gbk_encoding\GooglePhoto___2021___IMG_7395.PNG
F:\photo_script\brokenphotodir\gbk_encoding\GooglePhoto___2021___IMG_7396.PNG
F:\photo_script\brokenphotodir\gbk_encoding\GooglePhoto___2021___IMG_7397.PNG
F:\photo_script\brokenphotodir\gbk_encoding\GooglePhoto___2021___IMG_7398.PNG
F:\photo_script\brokenphotodir\gbk_encoding\GooglePhoto___2021___IMG_7399.PNG
F:\photo_script\brokenphotodir\gbk_encoding\GooglePhoto___2021___IMG_7412.PNG
F:\photo_script\brokenphotodir\gbk_encoding\GooglePhoto___2021___IMG_7413.PNG
F:\photo_script\brokenphotodir\gbk_encoding\GooglePhoto___2021___IMG_7415.PNG
F:\photo_script\brokenphotodir\gbk_encoding\GooglePhoto___2021___IMG_7416.PNG
F:\photo_script\brokenphotodir\gbk_encoding\GooglePhoto___2021___IMG_7425.JPG
F:\photo_script\brokenphotodir\gbk_encoding\GooglePhoto___2021___IMG_7430.PNG
F:\photo_script\brokenphotodir\gbk_encoding\GooglePhoto___2021___IMG_7431.PNG
F:\photo_script\brokenphotodir\gbk_encoding\GooglePhoto___2021___IMG_7443.PNG
F:\photo_script\brokenphotodir\gbk_encoding\GooglePhoto___2021___IMG_7444.PNG
F:\photo_script\brokenphotodir\gbk_encoding\GooglePhoto___2021___IMG_7445.PNG
F:\photo_script\brokenphotodir\gbk_encoding\GooglePhoto___2021___IMG_7446.PNG
F:\photo_script\brokenphotodir\gbk_encoding\GooglePhoto___2021___IMG_7447.PNG
F:\photo_script\brokenphotodir\gbk_encoding\GooglePhoto___2021___IMG_7454.JPG
F:\photo_script\brokenphotodir\gbk_encoding\GooglePhoto___2021___IMG_7477.PNG
F:\photo_script\brokenphotodir\gbk_encoding\GooglePhoto___2021___IMG_7532.JPG
F:\photo_script\brokenphotodir\gbk_encoding\GooglePhoto___2021___IMG_7535.PNG
F:\photo_script\brokenphotodir\gbk_encoding\GooglePhoto___2021___IMG_7539.JPG
F:\photo_script\brokenphotodir\gbk_encoding\GooglePhoto___2021___IMG_7566.PNG
F:\photo_script\brokenphotodir\gbk_encoding\GooglePhoto___2021___IMG_7592.PNG
F:\photo_script\brokenphotodir\gbk_encoding\GooglePhoto___2021___IMG_7593.PNG
F:\photo_script\brokenphotodir\gbk_encoding\GooglePhoto___2021___IMG_7594.PNG
F:\photo_script\brokenphotodir\gbk_encoding\GooglePhoto___2021___IMG_7595.PNG
F:\photo_script\brokenphotodir\gbk_encoding\GooglePhoto___2021___IMG_7596.PNG
F:\photo_script\brokenphotodir\gbk_encoding\GooglePhoto___2021___IMG_7597.PNG
F:\photo_script\brokenphotodir\gbk_encoding\GooglePhoto___2021___IMG_7598.PNG
F:\photo_script\brokenphotodir\gbk_encoding\GooglePhoto___2021___IMG_7602.JPG
F:\photo_script\brokenphotodir\gbk_encoding\GooglePhoto___2021___IMG_7641.PNG
F:\photo_script\brokenphotodir\gbk_encoding\GooglePhoto___2021___IMG_7643.JPG
F:\photo_script\brokenphotodir\gbk_encoding\GooglePhoto___2021___IMG_7684.PNG
F:\photo_script\brokenphotodir\gbk_encoding\GooglePhoto___2021___IMG_7735.PNG
F:\photo_script\brokenphotodir\gbk_encoding\GooglePhoto___2021___IMG_7747.PNG
F:\photo_script\brokenphotodir\gbk_encoding\GooglePhoto___2021___IMG_7760.JPG
F:\photo_script\brokenphotodir\gbk_encoding\GooglePhoto___2021___IMG_7761.JPG
F:\photo_script\brokenphotodir\gbk_encoding\GooglePhoto___2021___IMG_7790.PNG
F:\photo_script\brokenphotodir\gbk_encoding\GooglePhoto___2021___IMG_7792.PNG
F:\photo_script\brokenphotodir\gbk_encoding\GooglePhoto___2021___IMG_7793.PNG
F:\photo_script\brokenphotodir\gbk_encoding\GooglePhoto___2021___IMG_7800.PNG
F:\photo_script\brokenphotodir\gbk_encoding\GooglePhoto___2021___IMG_7801.PNG
F:\photo_script\brokenphotodir\gbk_encoding\GooglePhoto___2021___IMG_7803.PNG
F:\photo_script\brokenphotodir\gbk_encoding\GooglePhoto___2021___IMG_7804.PNG
F:\photo_script\brokenphotodir\gbk_encoding\GooglePhoto___2021___IMG_7821.JPG
F:\photo_script\brokenphotodir\gbk_encoding\GooglePhoto___2021___IMG_7835.PNG
F:\photo_script\brokenphotodir\gbk_encoding\GooglePhoto___2021___IMG_7836.PNG
F:\photo_script\brokenphotodir\gbk_encoding\GooglePhoto___2021___IMG_7839.PNG
F:\photo_script\brokenphotodir\gbk_encoding\GooglePhoto___2021___IMG_7864.PNG
F:\photo_script\brokenphotodir\gbk_encoding\GooglePhoto___2021___IMG_7868.PNG
F:\photo_script\brokenphotodir\gbk_encoding\GooglePhoto___2021___IMG_7869.JPG
F:\photo_script\brokenphotodir\gbk_encoding\GooglePhoto___2021___IMG_7870.JPG
F:\photo_script\brokenphotodir\gbk_encoding\GooglePhoto___2021___IMG_7871.PNG
F:\photo_script\brokenphotodir\gbk_encoding\GooglePhoto___2021___IMG_7872.JPG
F:\photo_script\brokenphotodir\gbk_encoding\GooglePhoto___2021___IMG_7886.JPG
F:\photo_script\brokenphotodir\gbk_encoding\GooglePhoto___2021___IMG_7887.PNG
F:\photo_script\brokenphotodir\gbk_encoding\GooglePhoto___2021___IMG_7888.PNG
F:\photo_script\brokenphotodir\gbk_encoding\GooglePhoto___2021___IMG_7889.PNG
F:\photo_script\brokenphotodir\gbk_encoding\GooglePhoto___2021___IMG_7890.PNG
F:\photo_script\brokenphotodir\gbk_encoding\GooglePhoto___2021___IMG_7891.PNG
F:\photo_script\brokenphotodir\gbk_encoding\GooglePhoto___2021___IMG_7905.PNG
F:\photo_script\brokenphotodir\gbk_encoding\GooglePhoto___2021___IMG_7906.PNG
F:\photo_script\brokenphotodir\gbk_encoding\GooglePhoto___2021___IMG_7907.PNG
F:\photo_script\brokenphotodir\gbk_encoding\GooglePhoto___2021___IMG_7909.JPG
F:\photo_script\brokenphotodir\gbk_encoding\GooglePhoto___2021___IMG_7915.PNG
F:\photo_script\brokenphotodir\gbk_encoding\GooglePhoto___2021___IMG_7916.PNG
F:\photo_script\brokenphotodir\gbk_encoding\GooglePhoto___2021___IMG_7917.PNG
F:\photo_script\brokenphotodir\gbk_encoding\GooglePhoto___2021___IMG_7929.JPG
F:\photo_script\brokenphotodir\gbk_encoding\GooglePhoto___2021___IMG_7949.PNG
F:\photo_script\brokenphotodir\gbk_encoding\GooglePhoto___2021___IMG_7953.JPG
F:\photo_script\brokenphotodir\gbk_encoding\GooglePhoto___2021___IMG_7954.JPG
F:\photo_script\brokenphotodir\gbk_encoding\GooglePhoto___2021___IMG_7960.PNG
F:\photo_script\brokenphotodir\gbk_encoding\GooglePhoto___2021___IMG_7961.PNG
F:\photo_script\brokenphotodir\gbk_encoding\GooglePhoto___2021___IMG_7973.JPG
F:\photo_script\brokenphotodir\gbk_encoding\GooglePhoto___2021___IMG_7983.PNG
F:\photo_script\brokenphotodir\gbk_encoding\GooglePhoto___2021___IMG_8017.PNG
F:\photo_script\brokenphotodir\gbk_encoding\GooglePhoto___2021___IMG_8027.PNG
F:\photo_script\brokenphotodir\gbk_encoding\GooglePhoto___2021___IMG_8028.PNG
F:\photo_script\brokenphotodir\gbk_encoding\GooglePhoto___2021___IMG_8029.PNG
F:\photo_script\brokenphotodir\gbk_encoding\GooglePhoto___2021___IMG_8049.PNG
F:\photo_script\brokenphotodir\gbk_encoding\GooglePhoto___2021___IMG_8056.PNG
F:\photo_script\brokenphotodir\gbk_encoding\GooglePhoto___2021___IMG_8058.JPG
F:\photo_script\brokenphotodir\gbk_encoding\GooglePhoto___2021___IMG_8076.PNG
F:\photo_script\brokenphotodir\gbk_encoding\GooglePhoto___2021___IMG_8084.PNG
F:\photo_script\brokenphotodir\gbk_encoding\GooglePhoto___2021___IMG_8086.JPG
F:\photo_script\brokenphotodir\gbk_encoding\GooglePhoto___2021___IMG_8121.PNG
F:\photo_script\brokenphotodir\gbk_encoding\GooglePhoto___2021___IMG_8124.PNG
F:\photo_script\brokenphotodir\gbk_encoding\GooglePhoto___2021___IMG_8133.PNG
F:\photo_script\brokenphotodir\gbk_encoding\GooglePhoto___2021___IMG_8134.PNG
F:\photo_script\brokenphotodir\gbk_encoding\GooglePhoto___2021___IMG_8163.PNG
F:\photo_script\brokenphotodir\gbk_encoding\GooglePhoto___2021___IMG_8171.JPG
F:\photo_script\brokenphotodir\gbk_encoding\GooglePhoto___2021___IMG_8196.PNG
F:\photo_script\brokenphotodir\gbk_encoding\GooglePhoto___2021___IMG_8197.PNG
F:\photo_script\brokenphotodir\gbk_encoding\GooglePhoto___2021___IMG_8205.PNG
F:\photo_script\brokenphotodir\gbk_encoding\GooglePhoto___2021___IMG_8206.PNG
F:\photo_script\brokenphotodir\gbk_encoding\GooglePhoto___2021___IMG_8208.PNG
F:\photo_script\brokenphotodir\gbk_encoding\GooglePhoto___2021___IMG_8211.PNG
F:\photo_script\brokenphotodir\gbk_encoding\GooglePhoto___2021___IMG_8212.PNG
F:\photo_script\brokenphotodir\gbk_encoding\GooglePhoto___2021___IMG_8214.PNG
F:\photo_script\brokenphotodir\gbk_encoding\GooglePhoto___2021___IMG_8215.JPG
F:\photo_script\brokenphotodir\gbk_encoding\GooglePhoto___2021___IMG_8230.PNG
F:\photo_script\brokenphotodir\gbk_encoding\GooglePhoto___2021___IMG_8243.PNG
F:\photo_script\brokenphotodir\gbk_encoding\GooglePhoto___2021___IMG_8247.PNG
F:\photo_script\brokenphotodir\gbk_encoding\GooglePhoto___2021___IMG_8248.PNG
F:\photo_script\brokenphotodir\gbk_encoding\GooglePhoto___2021___IMG_8249.PNG
F:\photo_script\brokenphotodir\gbk_encoding\GooglePhoto___2021___IMG_8268.PNG
F:\photo_script\brokenphotodir\gbk_encoding\GooglePhoto___2021___IMG_8276.PNG
F:\photo_script\brokenphotodir\gbk_encoding\GooglePhoto___2021___IMG_8284.PNG
F:\photo_script\brokenphotodir\gbk_encoding\GooglePhoto___2021___IMG_8294.PNG
F:\photo_script\brokenphotodir\gbk_encoding\GooglePhoto___2021___IMG_8308.PNG
F:\photo_script\brokenphotodir\gbk_encoding\GooglePhoto___2021___IMG_8309.PNG
F:\photo_script\brokenphotodir\gbk_encoding\GooglePhoto___2021___IMG_8310.PNG
F:\photo_script\brokenphotodir\gbk_encoding\GooglePhoto___2021___IMG_8311.PNG
F:\photo_script\brokenphotodir\gbk_encoding\GooglePhoto___2021___IMG_8320.PNG
F:\photo_script\brokenphotodir\gbk_encoding\GooglePhoto___2021___IMG_8321.PNG
F:\photo_script\brokenphotodir\gbk_encoding\GooglePhoto___2021___IMG_8322.PNG
F:\photo_script\brokenphotodir\gbk_encoding\GooglePhoto___2021___IMG_8329.PNG
F:\photo_script\brokenphotodir\gbk_encoding\GooglePhoto___2021___IMG_8330.PNG
F:\photo_script\brokenphotodir\gbk_encoding\GooglePhoto___2021___IMG_8331.PNG
F:\photo_script\brokenphotodir\gbk_encoding\GooglePhoto___2021___IMG_8332.PNG
F:\photo_script\brokenphotodir\gbk_encoding\GooglePhoto___2021___IMG_8336.PNG
F:\photo_script\brokenphotodir\gbk_encoding\GooglePhoto___2021___IMG_8337.PNG
F:\photo_script\brokenphotodir\gbk_encoding\GooglePhoto___2021___IMG_8338.PNG
F:\photo_script\brokenphotodir\gbk_encoding\GooglePhoto___2021___IMG_8341.PNG
F:\photo_script\brokenphotodir\gbk_encoding\GooglePhoto___2021___IMG_8342.PNG
F:\photo_script\brokenphotodir\gbk_encoding\GooglePhoto___2021___IMG_8345.JPG
F:\photo_script\brokenphotodir\gbk_encoding\GooglePhoto___2021___IMG_8412.PNG
F:\photo_script\brokenphotodir\gbk_encoding\GooglePhoto___2021___IMG_8436.PNG
F:\photo_script\brokenphotodir\gbk_encoding\GooglePhoto___2021___IMG_8437.PNG
F:\photo_script\brokenphotodir\gbk_encoding\GooglePhoto___2021___IMG_8438.PNG
F:\photo_script\brokenphotodir\gbk_encoding\GooglePhoto___2021___IMG_8446.PNG
F:\photo_script\brokenphotodir\gbk_encoding\GooglePhoto___2021___IMG_8447.PNG
F:\photo_script\brokenphotodir\gbk_encoding\GooglePhoto___2021___IMG_8481.PNG
F:\photo_script\brokenphotodir\gbk_encoding\GooglePhoto___2021___IMG_8482.PNG
F:\photo_script\brokenphotodir\gbk_encoding\GooglePhoto___2021___IMG_8485.PNG
F:\photo_script\brokenphotodir\gbk_encoding\GooglePhoto___2021___IMG_8519.PNG
F:\photo_script\brokenphotodir\gbk_encoding\GooglePhoto___2021___IMG_8521.PNG
F:\photo_script\brokenphotodir\gbk_encoding\GooglePhoto___2021___IMG_8522.PNG
F:\photo_script\brokenphotodir\gbk_encoding\GooglePhoto___2021___IMG_8525.PNG
F:\photo_script\brokenphotodir\gbk_encoding\GooglePhoto___2021___IMG_8527.PNG
F:\photo_script\brokenphotodir\gbk_encoding\GooglePhoto___2021___IMG_8557.PNG
F:\photo_script\brokenphotodir\gbk_encoding\GooglePhoto___2021___IMG_8563.PNG
F:\photo_script\brokenphotodir\gbk_encoding\GooglePhoto___2021___IMG_8603.HEIC
F:\photo_script\brokenphotodir\gbk_encoding\GooglePhoto___2021___IMG_8604.PNG
F:\photo_script\brokenphotodir\gbk_encoding\GooglePhoto___2021___IMG_8605.JPG
F:\photo_script\brokenphotodir\gbk_encoding\GooglePhoto___2021___IMG_8609.PNG
F:\photo_script\brokenphotodir\gbk_encoding\GooglePhoto___2021___IMG_8616.JPG
F:\photo_script\brokenphotodir\gbk_encoding\GooglePhoto___2021___IMG_8659.JPG
F:\photo_script\brokenphotodir\gbk_encoding\GooglePhoto___2021___IMG_8660.JPG
F:\photo_script\brokenphotodir\gbk_encoding\GooglePhoto___2021___IMG_8676.JPG
F:\photo_script\brokenphotodir\gbk_encoding\GooglePhoto___2021___IMG_8680.JPG
F:\photo_script\brokenphotodir\gbk_encoding\GooglePhoto___2021___IMG_8691.PNG
F:\photo_script\brokenphotodir\gbk_encoding\GooglePhoto___2021___IMG_8692.PNG
F:\photo_script\brokenphotodir\gbk_encoding\GooglePhoto___2021___IMG_8693.PNG
F:\photo_script\brokenphotodir\gbk_encoding\GooglePhoto___2021___IMG_8696.PNG
F:\photo_script\brokenphotodir\gbk_encoding\GooglePhoto___2021___IMG_8713.JPG
F:\photo_script\brokenphotodir\gbk_encoding\GooglePhoto___2021___IMG_8743.JPG
F:\photo_script\brokenphotodir\gbk_encoding\GooglePhoto___2021___IMG_8753.PNG
F:\photo_script\brokenphotodir\gbk_encoding\GooglePhoto___2021___IMG_8763(1).PNG
F:\photo_script\brokenphotodir\gbk_encoding\GooglePhoto___2021___IMG_8763.PNG
F:\photo_script\brokenphotodir\gbk_encoding\GooglePhoto___2021___IMG_8772.HEIC
F:\photo_script\brokenphotodir\gbk_encoding\GooglePhoto___2021___IMG_8775.HEIC
F:\photo_script\brokenphotodir\gbk_encoding\GooglePhoto___2021___IMG_8777.HEIC
F:\photo_script\brokenphotodir\gbk_encoding\GooglePhoto___2021___IMG_8778.HEIC
F:\photo_script\brokenphotodir\gbk_encoding\GooglePhoto___2021___IMG_8779.HEIC
F:\photo_script\brokenphotodir\gbk_encoding\GooglePhoto___2021___IMG_8782.HEIC
F:\photo_script\brokenphotodir\gbk_encoding\GooglePhoto___2021___IMG_8798.HEIC
F:\photo_script\brokenphotodir\gbk_encoding\GooglePhoto___2021___IMG_8799.HEIC
F:\photo_script\brokenphotodir\gbk_encoding\GooglePhoto___2021___IMG_8799.JPG
F:\photo_script\brokenphotodir\gbk_encoding\GooglePhoto___2021___IMG_8800.HEIC
F:\photo_script\brokenphotodir\gbk_encoding\GooglePhoto___2021___IMG_8802.HEIC
F:\photo_script\brokenphotodir\gbk_encoding\GooglePhoto___2021___IMG_8822.HEIC
F:\photo_script\brokenphotodir\gbk_encoding\GooglePhoto___2021___IMG_8823.HEIC
F:\photo_script\brokenphotodir\gbk_encoding\GooglePhoto___2021___IMG_8825.HEIC
F:\photo_script\brokenphotodir\gbk_encoding\GooglePhoto___2021___IMG_8827.HEIC
F:\photo_script\brokenphotodir\gbk_encoding\GooglePhoto___2021___IMG_8830.HEIC
F:\photo_script\brokenphotodir\gbk_encoding\GooglePhoto___2021___IMG_8833.PNG
F:\photo_script\brokenphotodir\gbk_encoding\GooglePhoto___2021___IMG_8837.HEIC
F:\photo_script\brokenphotodir\gbk_encoding\GooglePhoto___2021___IMG_8849.HEIC
F:\photo_script\brokenphotodir\gbk_encoding\GooglePhoto___2021___IMG_8851.HEIC
F:\photo_script\brokenphotodir\gbk_encoding\GooglePhoto___2021___IMG_8852.HEIC
F:\photo_script\brokenphotodir\gbk_encoding\GooglePhoto___2021___IMG_8853.HEIC
F:\photo_script\brokenphotodir\gbk_encoding\GooglePhoto___2021___IMG_8855.HEIC
F:\photo_script\brokenphotodir\gbk_encoding\GooglePhoto___2021___IMG_8857.JPG
F:\photo_script\brokenphotodir\gbk_encoding\GooglePhoto___2021___IMG_8901.PNG
F:\photo_script\brokenphotodir\gbk_encoding\GooglePhoto___2021___IMG_8904.PNG
F:\photo_script\brokenphotodir\gbk_encoding\GooglePhoto___2021___IMG_8905.PNG
F:\photo_script\brokenphotodir\gbk_encoding\GooglePhoto___2021___IMG_8916.PNG
F:\photo_script\brokenphotodir\gbk_encoding\GooglePhoto___2021___IMG_8924.HEIC
F:\photo_script\brokenphotodir\gbk_encoding\GooglePhoto___2021___IMG_8939.HEIC
F:\photo_script\brokenphotodir\gbk_encoding\GooglePhoto___2021___IMG_8940.HEIC
F:\photo_script\brokenphotodir\gbk_encoding\GooglePhoto___2021___IMG_8977.JPG
F:\photo_script\brokenphotodir\gbk_encoding\GooglePhoto___2021___IMG_8980.PNG
F:\photo_script\brokenphotodir\gbk_encoding\GooglePhoto___2021___IMG_9002.HEIC
F:\photo_script\brokenphotodir\gbk_encoding\GooglePhoto___2021___IMG_9003.HEIC
F:\photo_script\brokenphotodir\gbk_encoding\GooglePhoto___2021___IMG_9004.HEIC
F:\photo_script\brokenphotodir\gbk_encoding\GooglePhoto___2021___IMG_9005.HEIC
F:\photo_script\brokenphotodir\gbk_encoding\GooglePhoto___2021___IMG_9009.HEIC
F:\photo_script\brokenphotodir\gbk_encoding\GooglePhoto___2021___IMG_9010.HEIC
F:\photo_script\brokenphotodir\gbk_encoding\GooglePhoto___2021___IMG_9015.HEIC
F:\photo_script\brokenphotodir\gbk_encoding\GooglePhoto___2021___IMG_9016.HEIC
F:\photo_script\brokenphotodir\gbk_encoding\GooglePhoto___2021___IMG_9017.JPG
F:\photo_script\brokenphotodir\gbk_encoding\GooglePhoto___2021___IMG_9018.JPG
F:\photo_script\brokenphotodir\gbk_encoding\GooglePhoto___2021___IMG_9027.HEIC
F:\photo_script\brokenphotodir\gbk_encoding\GooglePhoto___2021___IMG_9030.HEIC
F:\photo_script\brokenphotodir\gbk_encoding\GooglePhoto___2021___IMG_9034.HEIC
F:\photo_script\brokenphotodir\gbk_encoding\GooglePhoto___2021___IMG_9038.PNG
F:\photo_script\brokenphotodir\gbk_encoding\GooglePhoto___2021___IMG_9056.JPG
F:\photo_script\brokenphotodir\gbk_encoding\GooglePhoto___2021___IMG_9057.HEIC
F:\photo_script\brokenphotodir\gbk_encoding\GooglePhoto___2021___IMG_9067.JPG
F:\photo_script\brokenphotodir\gbk_encoding\GooglePhoto___2021___IMG_9068.PNG
F:\photo_script\brokenphotodir\gbk_encoding\GooglePhoto___2021___IMG_9072.PNG
F:\photo_script\brokenphotodir\gbk_encoding\GooglePhoto___2021___IMG_9079.PNG
F:\photo_script\brokenphotodir\gbk_encoding\GooglePhoto___2021___IMG_9117.PNG
F:\photo_script\brokenphotodir\gbk_encoding\GooglePhoto___2021___IMG_9123.PNG
F:\photo_script\brokenphotodir\gbk_encoding\GooglePhoto___2021___IMG_9146.HEIC
F:\photo_script\brokenphotodir\gbk_encoding\GooglePhoto___2021___IMG_9147.JPG
F:\photo_script\brokenphotodir\gbk_encoding\GooglePhoto___2021___IMG_9153.JPG
F:\photo_script\brokenphotodir\gbk_encoding\GooglePhoto___2021___IMG_9154.JPG
F:\photo_script\brokenphotodir\gbk_encoding\GooglePhoto___2021___IMG_9186.JPG
F:\photo_script\brokenphotodir\gbk_encoding\GooglePhoto___2021___IMG_9283.JPG
F:\photo_script\brokenphotodir\gbk_encoding\GooglePhoto___2021___IMG_9299.HEIC
F:\photo_script\brokenphotodir\gbk_encoding\GooglePhoto___2021___IMG_9306.HEIC
F:\photo_script\brokenphotodir\gbk_encoding\GooglePhoto___2021___IMG_9308.HEIC
F:\photo_script\brokenphotodir\gbk_encoding\GooglePhoto___2021___IMG_9309.HEIC
F:\photo_script\brokenphotodir\gbk_encoding\GooglePhoto___2021___IMG_9310.HEIC
F:\photo_script\brokenphotodir\gbk_encoding\GooglePhoto___2021___IMG_9311.HEIC
F:\photo_script\brokenphotodir\gbk_encoding\GooglePhoto___2021___IMG_9314.HEIC
F:\photo_script\brokenphotodir\gbk_encoding\GooglePhoto___2021___IMG_9319.HEIC
F:\photo_script\brokenphotodir\gbk_encoding\GooglePhoto___2021___IMG_9320.HEIC
F:\photo_script\brokenphotodir\gbk_encoding\GooglePhoto___2021___IMG_9323.HEIC
F:\photo_script\brokenphotodir\gbk_encoding\GooglePhoto___2021___IMG_9326.HEIC
F:\photo_script\brokenphotodir\gbk_encoding\GooglePhoto___2021___IMG_9331.HEIC
F:\photo_script\brokenphotodir\gbk_encoding\GooglePhoto___2021___IMG_9332.JPG
F:\photo_script\brokenphotodir\gbk_encoding\GooglePhoto___2021___IMG_9336.HEIC
F:\photo_script\brokenphotodir\gbk_encoding\GooglePhoto___2021___IMG_9356.HEIC
F:\photo_script\brokenphotodir\gbk_encoding\GooglePhoto___2021___IMG_9360.HEIC
F:\photo_script\brokenphotodir\gbk_encoding\GooglePhoto___2021___IMG_9361.HEIC
F:\photo_script\brokenphotodir\gbk_encoding\GooglePhoto___2021___IMG_9391.JPG
F:\photo_script\brokenphotodir\gbk_encoding\GooglePhoto___2021___IMG_9404.HEIC
F:\photo_script\brokenphotodir\gbk_encoding\GooglePhoto___2021___IMG_9415.HEIC
F:\photo_script\brokenphotodir\gbk_encoding\GooglePhoto___2021___IMG_9422.JPG
F:\photo_script\brokenphotodir\gbk_encoding\GooglePhoto___2021___IMG_9439.HEIC
F:\photo_script\brokenphotodir\gbk_encoding\GooglePhoto___2021___IMG_9445.HEIC
F:\photo_script\brokenphotodir\gbk_encoding\GooglePhoto___2021___IMG_9446.HEIC
F:\photo_script\brokenphotodir\gbk_encoding\GooglePhoto___2021___IMG_9460.HEIC
F:\photo_script\brokenphotodir\gbk_encoding\GooglePhoto___2021___IMG_9468.JPG
F:\photo_script\brokenphotodir\gbk_encoding\GooglePhoto___2021___IMG_9492.JPG
F:\photo_script\brokenphotodir\gbk_encoding\GooglePhoto___2021___IMG_9493.HEIC
F:\photo_script\brokenphotodir\gbk_encoding\GooglePhoto___2021___IMG_9494.HEIC
F:\photo_script\brokenphotodir\gbk_encoding\GooglePhoto___2021___IMG_9495.HEIC
F:\photo_script\brokenphotodir\gbk_encoding\GooglePhoto___2021___IMG_9503.HEIC
F:\photo_script\brokenphotodir\gbk_encoding\GooglePhoto___2021___IMG_9511.HEIC
F:\photo_script\brokenphotodir\gbk_encoding\GooglePhoto___2021___IMG_9523.HEIC
F:\photo_script\brokenphotodir\gbk_encoding\GooglePhoto___2021___IMG_9530.HEIC
F:\photo_script\brokenphotodir\gbk_encoding\GooglePhoto___2021___IMG_9532.HEIC
F:\photo_script\brokenphotodir\gbk_encoding\GooglePhoto___2021___IMG_9546.HEIC
F:\photo_script\brokenphotodir\gbk_encoding\GooglePhoto___2021___IMG_9574.HEIC
F:\photo_script\brokenphotodir\gbk_encoding\GooglePhoto___2021___IMG_9575.HEIC
F:\photo_script\brokenphotodir\gbk_encoding\GooglePhoto___2021___IMG_9579.HEIC
F:\photo_script\brokenphotodir\gbk_encoding\GooglePhoto___2021___IMG_9581.HEIC
F:\photo_script\brokenphotodir\gbk_encoding\GooglePhoto___2021___IMG_9582.HEIC
F:\photo_script\brokenphotodir\gbk_encoding\GooglePhoto___2021___IMG_9585.HEIC
F:\photo_script\brokenphotodir\gbk_encoding\GooglePhoto___2021___IMG_9613.HEIC
F:\photo_script\brokenphotodir\gbk_encoding\GooglePhoto___2021___IMG_9616.HEIC
F:\photo_script\brokenphotodir\gbk_encoding\GooglePhoto___2021___IMG_9620.HEIC
F:\photo_script\brokenphotodir\gbk_encoding\GooglePhoto___2021___IMG_9624.HEIC
F:\photo_script\brokenphotodir\gbk_encoding\GooglePhoto___2021___IMG_9645.PNG
F:\photo_script\brokenphotodir\gbk_encoding\GooglePhoto___2021___IMG_9646.PNG
F:\photo_script\brokenphotodir\gbk_encoding\GooglePhoto___2021___IMG_9668.HEIC
F:\photo_script\brokenphotodir\gbk_encoding\GooglePhoto___2021___IMG_9669.HEIC
F:\photo_script\brokenphotodir\gbk_encoding\GooglePhoto___2021___IMG_9671.HEIC
F:\photo_script\brokenphotodir\gbk_encoding\GooglePhoto___2021___IMG_9676.HEIC
F:\photo_script\brokenphotodir\gbk_encoding\GooglePhoto___2021___IMG_9689.HEIC
F:\photo_script\brokenphotodir\gbk_encoding\GooglePhoto___2021___IMG_9707.JPG
F:\photo_script\brokenphotodir\gbk_encoding\GooglePhoto___2021___IMG_9712.HEIC
F:\photo_script\brokenphotodir\gbk_encoding\GooglePhoto___2021___IMG_9719.HEIC
F:\photo_script\brokenphotodir\gbk_encoding\GooglePhoto___2021___IMG_9733.HEIC
F:\photo_script\brokenphotodir\gbk_encoding\GooglePhoto___2021___IMG_9763.HEIC
F:\photo_script\brokenphotodir\gbk_encoding\GooglePhoto___2021___IMG_9780.HEIC
F:\photo_script\brokenphotodir\gbk_encoding\GooglePhoto___2021___IMG_9781.HEIC
F:\photo_script\brokenphotodir\gbk_encoding\GooglePhoto___2021___IMG_9798.HEIC
F:\photo_script\brokenphotodir\gbk_encoding\GooglePhoto___2021___IMG_9799.HEIC
F:\photo_script\brokenphotodir\gbk_encoding\GooglePhoto___2021___IMG_9801.HEIC
F:\photo_script\brokenphotodir\gbk_encoding\GooglePhoto___2021___IMG_9809.JPG
F:\photo_script\brokenphotodir\gbk_encoding\GooglePhoto___2021___IMG_9810.JPG
F:\photo_script\brokenphotodir\gbk_encoding\GooglePhoto___2021___IMG_9811.JPG
F:\photo_script\brokenphotodir\gbk_encoding\GooglePhoto___2021___IMG_9814.HEIC
F:\photo_script\brokenphotodir\gbk_encoding\GooglePhoto___2021___IMG_9819.HEIC
F:\photo_script\brokenphotodir\gbk_encoding\GooglePhoto___2021___IMG_9829.HEIC
F:\photo_script\brokenphotodir\gbk_encoding\GooglePhoto___2021___IMG_9838.HEIC
F:\photo_script\brokenphotodir\gbk_encoding\GooglePhoto___2021___IMG_9852.HEIC
F:\photo_script\brokenphotodir\gbk_encoding\GooglePhoto___2021___IMG_9853.HEIC
F:\photo_script\brokenphotodir\gbk_encoding\GooglePhoto___2021___IMG_9854.HEIC
F:\photo_script\brokenphotodir\gbk_encoding\GooglePhoto___2021___IMG_9889.HEIC
F:\photo_script\brokenphotodir\gbk_encoding\GooglePhoto___2021___IMG_9893.HEIC
F:\photo_script\brokenphotodir\gbk_encoding\GooglePhoto___2021___IMG_9894.HEIC
F:\photo_script\brokenphotodir\gbk_encoding\GooglePhoto___2021___IMG_9903.HEIC
F:\photo_script\brokenphotodir\gbk_encoding\GooglePhoto___2021___IMG_9908.HEIC
F:\photo_script\brokenphotodir\gbk_encoding\GooglePhoto___2021___IMG_9918.HEIC
F:\photo_script\brokenphotodir\gbk_encoding\GooglePhoto___2021___IMG_9931.HEIC
F:\photo_script\brokenphotodir\gbk_encoding\GooglePhoto___2021___IMG_9932.JPG
F:\photo_script\brokenphotodir\gbk_encoding\GooglePhoto___2021___IMG_9933.JPG
F:\photo_script\brokenphotodir\gbk_encoding\GooglePhoto___2021___IMG_9934.JPG
F:\photo_script\brokenphotodir\gbk_encoding\GooglePhoto___2021___IMG_9936.JPG
F:\photo_script\brokenphotodir\gbk_encoding\GooglePhoto___2021___IMG_9966.HEIC
F:\photo_script\brokenphotodir\gbk_encoding\GooglePhoto___2021___IMG_9968.HEIC
F:\photo_script\brokenphotodir\gbk_encoding\GooglePhoto___2021___IMG_9969.JPG
F:\photo_script\brokenphotodir\gbk_encoding\GooglePhoto___2021___IMG_9988.HEIC
F:\photo_script\brokenphotodir\gbk_encoding\GooglePhoto___2021___IMG_9989.HEIC
F:\photo_script\brokenphotodir\gbk_encoding\GooglePhoto___2021___IMG_9994.HEIC
F:\photo_script\brokenphotodir\gbk_encoding\GooglePhoto___2021___IMG_9995.HEIC
F:\photo_script\brokenphotodir\gbk_encoding\GooglePhoto___2021___IMG_9998.HEIC
F:\photo_script\brokenphotodir\gbk_encoding\GooglePhoto___2021___moments_01_02_15_53_10.JPG
F:\photo_script\brokenphotodir\gbk_encoding\GooglePhoto___2021___moments_06_06_20_03_30.JPG
F:\photo_script\brokenphotodir\gbk_encoding\GooglePhoto___2021___psc-16.jpeg
F:\photo_script\brokenphotodir\gbk_encoding\GooglePhoto___2021___psc-17.jpeg
F:\photo_script\brokenphotodir\gbk_encoding\GooglePhoto___2021___psc-18.jpeg
F:\photo_script\brokenphotodir\gbk_encoding\GooglePhoto___2021___psc-20.jpeg
F:\photo_script\brokenphotodir\gbk_encoding\GooglePhoto___2021___psc-21.jpeg
F:\photo_script\brokenphotodir\gbk_encoding\GooglePhoto___2021___psc-22.jpeg
F:\photo_script\brokenphotodir\gbk_encoding\GooglePhoto___2021___psc-34.jpeg
F:\photo_script\brokenphotodir\gbk_encoding\GooglePhoto___2021___psc-35.jpeg
F:\photo_script\brokenphotodir\gbk_encoding\GooglePhoto___2021___psc-41.jpeg
F:\photo_script\brokenphotodir\gbk_encoding\GooglePhoto___2021___WeChat30009110d06c5ea21121004aa79df566.png
F:\photo_script\brokenphotodir\gbk_encoding\GooglePhoto___2021___WeChata6c65136353441f33697ae756363572f.png
F:\photo_script\brokenphotodir\gbk_encoding\GooglePhoto___2021___WeChatbedc4b957394543daf4c1cca094833ad.png
F:\photo_script\brokenphotodir\gbk_encoding\GooglePhoto___2021___WechatIMG9.png
F:\photo_script\brokenphotodir\gbk_encoding\GooglePhoto___2021___WX20210707-014555@2x.png
F:\photo_script\brokenphotodir\gbk_encoding\GooglePhoto___2021___Xnip2021-04-05_00-11-47.jpg
F:\photo_script\brokenphotodir\gbk_encoding\GooglePhoto___2021___Xnip2021-07-04_23-30-16.jpg
F:\photo_script\brokenphotodir\gbk_encoding\GooglePhoto___2021___Xnip2021-07-15_19-24-40.jpg
