f:\photo_script\brokenphotodir\gbk_encoding\GooglePhoto___2017___1.jpg
f:\photo_script\brokenphotodir\gbk_encoding\GooglePhoto___2017___10.jpg
f:\photo_script\brokenphotodir\gbk_encoding\GooglePhoto___2017___11.jpg
f:\photo_script\brokenphotodir\gbk_encoding\GooglePhoto___2017___2.jpg
f:\photo_script\brokenphotodir\gbk_encoding\GooglePhoto___2017___2017-01-01 123429.jpg
f:\photo_script\brokenphotodir\gbk_encoding\GooglePhoto___2017___2017-01-02 110124.jpg
f:\photo_script\brokenphotodir\gbk_encoding\GooglePhoto___2017___2017-01-02 235820.jpg
f:\photo_script\brokenphotodir\gbk_encoding\GooglePhoto___2017___2017-01-26 113213.jpg
f:\photo_script\brokenphotodir\gbk_encoding\GooglePhoto___2017___2017-01-26 122431.jpg
f:\photo_script\brokenphotodir\gbk_encoding\GooglePhoto___2017___2017-02-06 120951.jpg
f:\photo_script\brokenphotodir\gbk_encoding\GooglePhoto___2017___2017-02-06 162253.jpg
f:\photo_script\brokenphotodir\gbk_encoding\GooglePhoto___2017___2017-02-06 162828.jpg
f:\photo_script\brokenphotodir\gbk_encoding\GooglePhoto___2017___2017-02-06 162836.jpg
f:\photo_script\brokenphotodir\gbk_encoding\GooglePhoto___2017___2017-02-06 162851.jpg
f:\photo_script\brokenphotodir\gbk_encoding\GooglePhoto___2017___2017-02-06 162853.jpg
f:\photo_script\brokenphotodir\gbk_encoding\GooglePhoto___2017___2017-02-09 160403.jpg
f:\photo_script\brokenphotodir\gbk_encoding\GooglePhoto___2017___2017-02-10 181146.jpg
f:\photo_script\brokenphotodir\gbk_encoding\GooglePhoto___2017___2017-02-12 114340.jpg
f:\photo_script\brokenphotodir\gbk_encoding\GooglePhoto___2017___2017-02-12 120341.jpg
f:\photo_script\brokenphotodir\gbk_encoding\GooglePhoto___2017___2017-02-12 120356.jpg
f:\photo_script\brokenphotodir\gbk_encoding\GooglePhoto___2017___2017-02-13 154421.jpg
f:\photo_script\brokenphotodir\gbk_encoding\GooglePhoto___2017___2017-02-13 154424.jpg
f:\photo_script\brokenphotodir\gbk_encoding\GooglePhoto___2017___2017-02-14 091734.jpg
f:\photo_script\brokenphotodir\gbk_encoding\GooglePhoto___2017___2017-02-14 091757.jpg
f:\photo_script\brokenphotodir\gbk_encoding\GooglePhoto___2017___2017-02-14 091829.jpg
f:\photo_script\brokenphotodir\gbk_encoding\GooglePhoto___2017___2017-02-21 131506.jpg
f:\photo_script\brokenphotodir\gbk_encoding\GooglePhoto___2017___2017-03-20 161649.jpg
f:\photo_script\brokenphotodir\gbk_encoding\GooglePhoto___2017___2017-04-01 205128.jpg
f:\photo_script\brokenphotodir\gbk_encoding\GooglePhoto___2017___2017-04-01 233520.jpg
f:\photo_script\brokenphotodir\gbk_encoding\GooglePhoto___2017___2017-04-02 072654.jpg
f:\photo_script\brokenphotodir\gbk_encoding\GooglePhoto___2017___2017-04-02 230436.jpg
f:\photo_script\brokenphotodir\gbk_encoding\GooglePhoto___2017___2017-04-02 231831.jpg
f:\photo_script\brokenphotodir\gbk_encoding\GooglePhoto___2017___2017-05-04 095839.jpg
f:\photo_script\brokenphotodir\gbk_encoding\GooglePhoto___2017___2017-05-28 130802.jpg
f:\photo_script\brokenphotodir\gbk_encoding\GooglePhoto___2017___2017-05-28 164231.jpg
f:\photo_script\brokenphotodir\gbk_encoding\GooglePhoto___2017___2017-05-28 164244.jpg
f:\photo_script\brokenphotodir\gbk_encoding\GooglePhoto___2017___2017-05-28 173133.jpg
f:\photo_script\brokenphotodir\gbk_encoding\GooglePhoto___2017___2017-05-28 173145.jpg
f:\photo_script\brokenphotodir\gbk_encoding\GooglePhoto___2017___2017-06-04 154520.jpg
f:\photo_script\brokenphotodir\gbk_encoding\GooglePhoto___2017___2017-06-04 155122.jpg
f:\photo_script\brokenphotodir\gbk_encoding\GooglePhoto___2017___2017-06-04 160703.jpg
f:\photo_script\brokenphotodir\gbk_encoding\GooglePhoto___2017___2017-06-04 160716.jpg
f:\photo_script\brokenphotodir\gbk_encoding\GooglePhoto___2017___2017-06-04 160720.jpg
f:\photo_script\brokenphotodir\gbk_encoding\GooglePhoto___2017___2017-06-04 163631.jpg
f:\photo_script\brokenphotodir\gbk_encoding\GooglePhoto___2017___2017-06-16 105055.jpg
f:\photo_script\brokenphotodir\gbk_encoding\GooglePhoto___2017___2017-06-16 105106.jpg
f:\photo_script\brokenphotodir\gbk_encoding\GooglePhoto___2017___2017-06-16 230326.jpg
f:\photo_script\brokenphotodir\gbk_encoding\GooglePhoto___2017___20170201_IMG_3199.JPG
f:\photo_script\brokenphotodir\gbk_encoding\GooglePhoto___2017___20170211_IMG_3950.JPG
f:\photo_script\brokenphotodir\gbk_encoding\GooglePhoto___2017___20170211_IMG_3953.JPG
f:\photo_script\brokenphotodir\gbk_encoding\GooglePhoto___2017___20170211_IMG_3954.JPG
f:\photo_script\brokenphotodir\gbk_encoding\GooglePhoto___2017___20170211_IMG_3955.JPG
f:\photo_script\brokenphotodir\gbk_encoding\GooglePhoto___2017___20170305_IMG_3973.JPG
f:\photo_script\brokenphotodir\gbk_encoding\GooglePhoto___2017___20170305_IMG_3974.JPG
f:\photo_script\brokenphotodir\gbk_encoding\GooglePhoto___2017___20170415_IMG_4723.JPG
f:\photo_script\brokenphotodir\gbk_encoding\GooglePhoto___2017___20170618_IMG_4065.JPG
f:\photo_script\brokenphotodir\gbk_encoding\GooglePhoto___2017___20170618_IMG_4066.JPG
f:\photo_script\brokenphotodir\gbk_encoding\GooglePhoto___2017___20170623_IMG_4069.JPG
f:\photo_script\brokenphotodir\gbk_encoding\GooglePhoto___2017___20170703_IMG_4102.JPG
f:\photo_script\brokenphotodir\gbk_encoding\GooglePhoto___2017___20170704_IMG_4113.JPG
f:\photo_script\brokenphotodir\gbk_encoding\GooglePhoto___2017___20170704_IMG_4121.JPG
f:\photo_script\brokenphotodir\gbk_encoding\GooglePhoto___2017___20170704_IMG_4124.JPG
f:\photo_script\brokenphotodir\gbk_encoding\GooglePhoto___2017___20170705_IMG_4137.JPG
f:\photo_script\brokenphotodir\gbk_encoding\GooglePhoto___2017___20170705_IMG_4175.JPG
f:\photo_script\brokenphotodir\gbk_encoding\GooglePhoto___2017___20170705_IMG_4176.JPG
f:\photo_script\brokenphotodir\gbk_encoding\GooglePhoto___2017___20170705_IMG_4179.JPG
f:\photo_script\brokenphotodir\gbk_encoding\GooglePhoto___2017___20170705_IMG_4181.JPG
f:\photo_script\brokenphotodir\gbk_encoding\GooglePhoto___2017___20170705_IMG_4182.JPG
f:\photo_script\brokenphotodir\gbk_encoding\GooglePhoto___2017___20170705_IMG_4184.JPG
f:\photo_script\brokenphotodir\gbk_encoding\GooglePhoto___2017___20170705_IMG_4185.JPG
f:\photo_script\brokenphotodir\gbk_encoding\GooglePhoto___2017___20170705_IMG_4187.JPG
f:\photo_script\brokenphotodir\gbk_encoding\GooglePhoto___2017___20170705_IMG_4188.JPG
f:\photo_script\brokenphotodir\gbk_encoding\GooglePhoto___2017___20170705_IMG_4189.JPG
f:\photo_script\brokenphotodir\gbk_encoding\GooglePhoto___2017___20170705_IMG_4190.JPG
f:\photo_script\brokenphotodir\gbk_encoding\GooglePhoto___2017___20170705_IMG_4191.JPG
f:\photo_script\brokenphotodir\gbk_encoding\GooglePhoto___2017___20170705_IMG_4192.JPG
f:\photo_script\brokenphotodir\gbk_encoding\GooglePhoto___2017___20170705_IMG_4193.JPG
f:\photo_script\brokenphotodir\gbk_encoding\GooglePhoto___2017___20170705_IMG_4197.JPG
f:\photo_script\brokenphotodir\gbk_encoding\GooglePhoto___2017___20170705_IMG_4200.JPG
f:\photo_script\brokenphotodir\gbk_encoding\GooglePhoto___2017___20170705_IMG_4205.JPG
f:\photo_script\brokenphotodir\gbk_encoding\GooglePhoto___2017___20170705_IMG_4206.JPG
f:\photo_script\brokenphotodir\gbk_encoding\GooglePhoto___2017___20170705_IMG_4208.JPG
f:\photo_script\brokenphotodir\gbk_encoding\GooglePhoto___2017___20170705_IMG_4210.JPG
f:\photo_script\brokenphotodir\gbk_encoding\GooglePhoto___2017___20170705_IMG_4211.JPG
f:\photo_script\brokenphotodir\gbk_encoding\GooglePhoto___2017___20170705_IMG_4212 (2).JPG
f:\photo_script\brokenphotodir\gbk_encoding\GooglePhoto___2017___20170705_IMG_4213 (2).JPG
f:\photo_script\brokenphotodir\gbk_encoding\GooglePhoto___2017___20170712_IMG_7063.JPG
f:\photo_script\brokenphotodir\gbk_encoding\GooglePhoto___2017___20170723_IMG_4261.JPG
f:\photo_script\brokenphotodir\gbk_encoding\GooglePhoto___2017___20170723_IMG_4297.JPG
f:\photo_script\brokenphotodir\gbk_encoding\GooglePhoto___2017___20170805_085743994_iOS.jpg
f:\photo_script\brokenphotodir\gbk_encoding\GooglePhoto___2017___20170805_095709979_iOS.jpg
f:\photo_script\brokenphotodir\gbk_encoding\GooglePhoto___2017___20170805_114607281_iOS.jpg
f:\photo_script\brokenphotodir\gbk_encoding\GooglePhoto___2017___20170817_IMG_4361.JPG
f:\photo_script\brokenphotodir\gbk_encoding\GooglePhoto___2017___20170818_IMG_4382.JPG
f:\photo_script\brokenphotodir\gbk_encoding\GooglePhoto___2017___20170818_IMG_4391.JPG
f:\photo_script\brokenphotodir\gbk_encoding\GooglePhoto___2017___20170819_IMG_4431-edited.JPG
f:\photo_script\brokenphotodir\gbk_encoding\GooglePhoto___2017___20170819_IMG_4440.JPG
f:\photo_script\brokenphotodir\gbk_encoding\GooglePhoto___2017___20170819_IMG_4441.JPG
f:\photo_script\brokenphotodir\gbk_encoding\GooglePhoto___2017___20170819_IMG_4442.JPG
f:\photo_script\brokenphotodir\gbk_encoding\GooglePhoto___2017___20170819_IMG_4443.JPG
f:\photo_script\brokenphotodir\gbk_encoding\GooglePhoto___2017___20170819_IMG_4447.JPG
f:\photo_script\brokenphotodir\gbk_encoding\GooglePhoto___2017___20170820_IMG_4448.JPG
f:\photo_script\brokenphotodir\gbk_encoding\GooglePhoto___2017___20170823_IMG_4451.JPG
f:\photo_script\brokenphotodir\gbk_encoding\GooglePhoto___2017___20170824_IMG_4456.JPG
f:\photo_script\brokenphotodir\gbk_encoding\GooglePhoto___2017___20170824_IMG_4468.JPG
f:\photo_script\brokenphotodir\gbk_encoding\GooglePhoto___2017___20170824_IMG_4471.JPG
f:\photo_script\brokenphotodir\gbk_encoding\GooglePhoto___2017___20170824_IMG_4476.JPG
f:\photo_script\brokenphotodir\gbk_encoding\GooglePhoto___2017___20170824_IMG_4487.JPG
f:\photo_script\brokenphotodir\gbk_encoding\GooglePhoto___2017___20170830_IMG_4519.JPG
f:\photo_script\brokenphotodir\gbk_encoding\GooglePhoto___2017___20170830_IMG_4550.JPG
f:\photo_script\brokenphotodir\gbk_encoding\GooglePhoto___2017___20170830_IMG_4553.JPG
f:\photo_script\brokenphotodir\gbk_encoding\GooglePhoto___2017___20170909_IMG_4564.JPG
f:\photo_script\brokenphotodir\gbk_encoding\GooglePhoto___2017___20170909_IMG_4565.JPG
f:\photo_script\brokenphotodir\gbk_encoding\GooglePhoto___2017___20170913_IMG_4572.JPG
f:\photo_script\brokenphotodir\gbk_encoding\GooglePhoto___2017___20170913_IMG_4573.JPG
f:\photo_script\brokenphotodir\gbk_encoding\GooglePhoto___2017___20170916_IMG_4600.JPG
f:\photo_script\brokenphotodir\gbk_encoding\GooglePhoto___2017___20171001_113058304_iOS.jpg
f:\photo_script\brokenphotodir\gbk_encoding\GooglePhoto___2017___20171001_113113586_iOS.jpg
f:\photo_script\brokenphotodir\gbk_encoding\GooglePhoto___2017___20171003_024416071_iOS.jpg
f:\photo_script\brokenphotodir\gbk_encoding\GooglePhoto___2017___20171003_024711442_iOS.jpg
f:\photo_script\brokenphotodir\gbk_encoding\GooglePhoto___2017___20171003_IMG_4625.JPG
f:\photo_script\brokenphotodir\gbk_encoding\GooglePhoto___2017___20171003_IMG_4634.JPG
f:\photo_script\brokenphotodir\gbk_encoding\GooglePhoto___2017___20171003_IMG_4645.JPG
f:\photo_script\brokenphotodir\gbk_encoding\GooglePhoto___2017___20171003_IMG_4646.JPG
f:\photo_script\brokenphotodir\gbk_encoding\GooglePhoto___2017___20171003_IMG_4659.JPG
f:\photo_script\brokenphotodir\gbk_encoding\GooglePhoto___2017___20171003_IMG_4663.JPG
f:\photo_script\brokenphotodir\gbk_encoding\GooglePhoto___2017___20171003_IMG_4664.JPG
f:\photo_script\brokenphotodir\gbk_encoding\GooglePhoto___2017___20171003_IMG_4665.JPG
f:\photo_script\brokenphotodir\gbk_encoding\GooglePhoto___2017___20171003_IMG_4669.JPG
f:\photo_script\brokenphotodir\gbk_encoding\GooglePhoto___2017___20171004_071344407_iOS.jpg
f:\photo_script\brokenphotodir\gbk_encoding\GooglePhoto___2017___20171004_IMG_4700.JPG
f:\photo_script\brokenphotodir\gbk_encoding\GooglePhoto___2017___20171005_125038376_iOS.jpg
f:\photo_script\brokenphotodir\gbk_encoding\GooglePhoto___2017___20171005_918540AB-D9BB-4080-8199-1CC6A905D944-1.jpg
f:\photo_script\brokenphotodir\gbk_encoding\GooglePhoto___2017___20171014_IMG_4744.JPG
f:\photo_script\brokenphotodir\gbk_encoding\GooglePhoto___2017___20171102_0C86ABF7-6C7F-4922-954D-79A988A122A2-3.jpg
f:\photo_script\brokenphotodir\gbk_encoding\GooglePhoto___2017___20171102_22C9DE3B-DA1B-4422-8837-AFAB588D1959-3.jpg
f:\photo_script\brokenphotodir\gbk_encoding\GooglePhoto___2017___20171102_28D5944E-13F0-47BC-8323-E5E65211B162-3.jpg
f:\photo_script\brokenphotodir\gbk_encoding\GooglePhoto___2017___20171102_382E4213-8642-4308-A922-E54B23C1667C-3.jpg
f:\photo_script\brokenphotodir\gbk_encoding\GooglePhoto___2017___20171102_68A9616A-EDB2-4C2F-A783-8CD43EE4E77A-3.jpg
f:\photo_script\brokenphotodir\gbk_encoding\GooglePhoto___2017___20171102_85BDF538-6C68-4F11-9792-587DAE7E2B3F-3.jpg
f:\photo_script\brokenphotodir\gbk_encoding\GooglePhoto___2017___20171102_892B2F8E-8D4B-4E43-8A64-9984C5D471FC-3.jpg
f:\photo_script\brokenphotodir\gbk_encoding\GooglePhoto___2017___20171102_C13AE9BA-9300-4444-9E39-6902B81BF41D-3.jpg
f:\photo_script\brokenphotodir\gbk_encoding\GooglePhoto___2017___20171102_CE777C62-0286-4D28-A772-D16CD5B60A6A-3.jpg
f:\photo_script\brokenphotodir\gbk_encoding\GooglePhoto___2017___20171102_D3CD8B10-8076-4C85-A175-A50A6F1463E3-3.jpg
f:\photo_script\brokenphotodir\gbk_encoding\GooglePhoto___2017___20171102_DD6B48AB-4362-4036-AE23-67760F7EB216-3.jpg
f:\photo_script\brokenphotodir\gbk_encoding\GooglePhoto___2017___20171102_EC30FA59-62AB-4CB5-A662-130DA878B03F-3.jpg
f:\photo_script\brokenphotodir\gbk_encoding\GooglePhoto___2017___20171102_F2E6D8E8-4158-4368-AA29-85AA903267DF-3.jpg
f:\photo_script\brokenphotodir\gbk_encoding\GooglePhoto___2017___20171129_436FE691-D699-4DF5-91AE-4E91CD2D77C6-1.jpg
f:\photo_script\brokenphotodir\gbk_encoding\GooglePhoto___2017___20171129_5387597E-CA9B-4A9B-AF92-503C877D04BD-1.jpg
f:\photo_script\brokenphotodir\gbk_encoding\GooglePhoto___2017___20171129_6FA994D9-13E8-48C0-ACCE-9FE4884A94FE-1.jpg
f:\photo_script\brokenphotodir\gbk_encoding\GooglePhoto___2017___20171129_704D6FEB-31FF-40B7-819D-DAAF761C42C6-1.jpg
f:\photo_script\brokenphotodir\gbk_encoding\GooglePhoto___2017___20171129_953AB10E-64FB-47AE-97A1-D4D7F40EE4A6-1.jpg
f:\photo_script\brokenphotodir\gbk_encoding\GooglePhoto___2017___20171129_974C000C-1ED6-4640-9A56-C7033271FCFB-1.jpg
f:\photo_script\brokenphotodir\gbk_encoding\GooglePhoto___2017___20171129_ADC47105-7C65-48BB-8139-C14A1EE5576A-1.jpg
f:\photo_script\brokenphotodir\gbk_encoding\GooglePhoto___2017___20171129_C31F8E00-C8BD-4622-963C-88ABF069A552-1.jpg
f:\photo_script\brokenphotodir\gbk_encoding\GooglePhoto___2017___20171129_C7897154-4489-40BE-A6AE-7BE709591727-1.jpg
f:\photo_script\brokenphotodir\gbk_encoding\GooglePhoto___2017___20171129_DDEDD1F5-E4CA-4C05-8ADB-07A4A1142923-1.jpg
f:\photo_script\brokenphotodir\gbk_encoding\GooglePhoto___2017___20171129_E4083C7A-3B6A-4487-9A04-984A4F9A301C-1.jpg
f:\photo_script\brokenphotodir\gbk_encoding\GooglePhoto___2017___20171129_F475FC05-ED4E-4769-A455-778DC93F595D-1.jpg
f:\photo_script\brokenphotodir\gbk_encoding\GooglePhoto___2017___20171129_IMG_4881.JPG
f:\photo_script\brokenphotodir\gbk_encoding\GooglePhoto___2017___20171129_IMG_4896.JPG
f:\photo_script\brokenphotodir\gbk_encoding\GooglePhoto___2017___20171129_IMG_5045.JPG
f:\photo_script\brokenphotodir\gbk_encoding\GooglePhoto___2017___20171129_IMG_5047.JPG
f:\photo_script\brokenphotodir\gbk_encoding\GooglePhoto___2017___20171201_IMG_0360.JPG
f:\photo_script\brokenphotodir\gbk_encoding\GooglePhoto___2017___20171201_IMG_5074.JPG
f:\photo_script\brokenphotodir\gbk_encoding\GooglePhoto___2017___20171201_IMG_5075.JPG
f:\photo_script\brokenphotodir\gbk_encoding\GooglePhoto___2017___20171202_AF9E971B-B595-43DE-96C7-110B28989862-1.jpg
f:\photo_script\brokenphotodir\gbk_encoding\GooglePhoto___2017___20171202_IMG_0557.JPG
f:\photo_script\brokenphotodir\gbk_encoding\GooglePhoto___2017___20171202_IMG_5084.JPG
f:\photo_script\brokenphotodir\gbk_encoding\GooglePhoto___2017___20171202_IMG_5088.JPG
f:\photo_script\brokenphotodir\gbk_encoding\GooglePhoto___2017___20171202_IMG_5102.JPG
f:\photo_script\brokenphotodir\gbk_encoding\GooglePhoto___2017___20171203_IMG_0664.JPG
f:\photo_script\brokenphotodir\gbk_encoding\GooglePhoto___2017___20171203_IMG_0860.JPG
f:\photo_script\brokenphotodir\gbk_encoding\GooglePhoto___2017___20171203_IMG_5110.JPG
f:\photo_script\brokenphotodir\gbk_encoding\GooglePhoto___2017___20171203_IMG_5111.JPG
f:\photo_script\brokenphotodir\gbk_encoding\GooglePhoto___2017___20171203_IMG_5116.JPG
f:\photo_script\brokenphotodir\gbk_encoding\GooglePhoto___2017___20171204_292EE247-DF87-4104-8AD3-316F56916AD5-1.jpg
f:\photo_script\brokenphotodir\gbk_encoding\GooglePhoto___2017___20171204_40AA246D-339A-42DA-B8A3-C20168D34E50-1.jpg
f:\photo_script\brokenphotodir\gbk_encoding\GooglePhoto___2017___20171204_D16A65DF-7B33-4F84-BF3C-C10DF56AD869-1.jpg
f:\photo_script\brokenphotodir\gbk_encoding\GooglePhoto___2017___20171204_IMG_0930.JPG
f:\photo_script\brokenphotodir\gbk_encoding\GooglePhoto___2017___20171204_IMG_5127.JPG
f:\photo_script\brokenphotodir\gbk_encoding\GooglePhoto___2017___20171204_IMG_5134.JPG
f:\photo_script\brokenphotodir\gbk_encoding\GooglePhoto___2017___20171204_IMG_5136.JPG
f:\photo_script\brokenphotodir\gbk_encoding\GooglePhoto___2017___20171204_IMG_5138.JPG
f:\photo_script\brokenphotodir\gbk_encoding\GooglePhoto___2017___20171204_IMG_5139.JPG
f:\photo_script\brokenphotodir\gbk_encoding\GooglePhoto___2017___20171204_IMG_5140.JPG
f:\photo_script\brokenphotodir\gbk_encoding\GooglePhoto___2017___20171204_IMG_5141.JPG
f:\photo_script\brokenphotodir\gbk_encoding\GooglePhoto___2017___20171204_IMG_5142.JPG
f:\photo_script\brokenphotodir\gbk_encoding\GooglePhoto___2017___20171204_IMG_5143.JPG
f:\photo_script\brokenphotodir\gbk_encoding\GooglePhoto___2017___20171204_IMG_5146.JPG
f:\photo_script\brokenphotodir\gbk_encoding\GooglePhoto___2017___20171204_IMG_5147.JPG
f:\photo_script\brokenphotodir\gbk_encoding\GooglePhoto___2017___20171204_IMG_5148.JPG
f:\photo_script\brokenphotodir\gbk_encoding\GooglePhoto___2017___20171204_IMG_5149.JPG
f:\photo_script\brokenphotodir\gbk_encoding\GooglePhoto___2017___20171204_IMG_5155.JPG
f:\photo_script\brokenphotodir\gbk_encoding\GooglePhoto___2017___20171204_IMG_5178.JPG
f:\photo_script\brokenphotodir\gbk_encoding\GooglePhoto___2017___20171205_IMG_1131.JPG
f:\photo_script\brokenphotodir\gbk_encoding\GooglePhoto___2017___20171205_IMG_1132.JPG
f:\photo_script\brokenphotodir\gbk_encoding\GooglePhoto___2017___20171205_IMG_1133.JPG
f:\photo_script\brokenphotodir\gbk_encoding\GooglePhoto___2017___20171205_IMG_1134.JPG
f:\photo_script\brokenphotodir\gbk_encoding\GooglePhoto___2017___20171205_IMG_1148.JPG
f:\photo_script\brokenphotodir\gbk_encoding\GooglePhoto___2017___20171205_IMG_1149.JPG
f:\photo_script\brokenphotodir\gbk_encoding\GooglePhoto___2017___20171205_IMG_5179.JPG
f:\photo_script\brokenphotodir\gbk_encoding\GooglePhoto___2017___20171205_IMG_5180.JPG
f:\photo_script\brokenphotodir\gbk_encoding\GooglePhoto___2017___20171205_IMG_5182.JPG
f:\photo_script\brokenphotodir\gbk_encoding\GooglePhoto___2017___20171205_IMG_5183.JPG
f:\photo_script\brokenphotodir\gbk_encoding\GooglePhoto___2017___20171205_IMG_5184-COLLAGE.jpg
f:\photo_script\brokenphotodir\gbk_encoding\GooglePhoto___2017___20171205_IMG_5184.JPG
f:\photo_script\brokenphotodir\gbk_encoding\GooglePhoto___2017___20171205_IMG_5190.JPG
f:\photo_script\brokenphotodir\gbk_encoding\GooglePhoto___2017___20171205_IMG_5191.JPG
f:\photo_script\brokenphotodir\gbk_encoding\GooglePhoto___2017___20171205_IMG_5192.JPG
f:\photo_script\brokenphotodir\gbk_encoding\GooglePhoto___2017___20171205_IMG_5200.JPG
f:\photo_script\brokenphotodir\gbk_encoding\GooglePhoto___2017___20171205_IMG_5201.JPG
f:\photo_script\brokenphotodir\gbk_encoding\GooglePhoto___2017___20171205_IMG_5202.JPG
f:\photo_script\brokenphotodir\gbk_encoding\GooglePhoto___2017___20171205_IMG_5204.JPG
f:\photo_script\brokenphotodir\gbk_encoding\GooglePhoto___2017___20171206_IMG_1240.JPG
f:\photo_script\brokenphotodir\gbk_encoding\GooglePhoto___2017___20171206_IMG_1241.JPG
f:\photo_script\brokenphotodir\gbk_encoding\GooglePhoto___2017___20171206_IMG_1242.JPG
f:\photo_script\brokenphotodir\gbk_encoding\GooglePhoto___2017___20171206_IMG_5223.JPG
f:\photo_script\brokenphotodir\gbk_encoding\GooglePhoto___2017___20171206_IMG_5225.JPG
f:\photo_script\brokenphotodir\gbk_encoding\GooglePhoto___2017___20171207_151A40BA-A2B1-43C9-AE84-B604FC28FF4B-6.jpg
f:\photo_script\brokenphotodir\gbk_encoding\GooglePhoto___2017___20171207_1C1F1BC7-3209-41A4-8053-6DCA5E67C235-6.jpg
f:\photo_script\brokenphotodir\gbk_encoding\GooglePhoto___2017___20171207_35782820-4468-4046-9AAF-AC153AACD7FC-6.jpg
f:\photo_script\brokenphotodir\gbk_encoding\GooglePhoto___2017___20171207_DA2CA55F-397A-4B1E-8655-45408978DC9A-6.jpg
f:\photo_script\brokenphotodir\gbk_encoding\GooglePhoto___2017___20171207_IMG_5260.JPG
f:\photo_script\brokenphotodir\gbk_encoding\GooglePhoto___2017___20171207_IMG_5261.JPG
f:\photo_script\brokenphotodir\gbk_encoding\GooglePhoto___2017___20171207_IMG_5281.JPG
f:\photo_script\brokenphotodir\gbk_encoding\GooglePhoto___2017___20171207_IMG_5283.JPG
f:\photo_script\brokenphotodir\gbk_encoding\GooglePhoto___2017___20171207_IMG_5298.JPG
f:\photo_script\brokenphotodir\gbk_encoding\GooglePhoto___2017___20171207_IMG_5302.JPG
f:\photo_script\brokenphotodir\gbk_encoding\GooglePhoto___2017___20171207_IMG_5328.JPG
f:\photo_script\brokenphotodir\gbk_encoding\GooglePhoto___2017___20171207_IMG_5330.JPG
f:\photo_script\brokenphotodir\gbk_encoding\GooglePhoto___2017___20171207_IMG_5383.JPG
f:\photo_script\brokenphotodir\gbk_encoding\GooglePhoto___2017___20171217_IMG_5401.JPG
f:\photo_script\brokenphotodir\gbk_encoding\GooglePhoto___2017___20171217_IMG_5406.JPG
f:\photo_script\brokenphotodir\gbk_encoding\GooglePhoto___2017___20171217_IMG_5413.JPG
f:\photo_script\brokenphotodir\gbk_encoding\GooglePhoto___2017___20171224_IMG_5431.JPG
f:\photo_script\brokenphotodir\gbk_encoding\GooglePhoto___2017___20171229_IMG_5466.JPG
f:\photo_script\brokenphotodir\gbk_encoding\GooglePhoto___2017___3.jpg
f:\photo_script\brokenphotodir\gbk_encoding\GooglePhoto___2017___4.jpg
f:\photo_script\brokenphotodir\gbk_encoding\GooglePhoto___2017___5.jpg
f:\photo_script\brokenphotodir\gbk_encoding\GooglePhoto___2017___6.jpg
f:\photo_script\brokenphotodir\gbk_encoding\GooglePhoto___2017___7.jpg
f:\photo_script\brokenphotodir\gbk_encoding\GooglePhoto___2017___8.jpg
f:\photo_script\brokenphotodir\gbk_encoding\GooglePhoto___2017___9.jpg
f:\photo_script\brokenphotodir\gbk_encoding\GooglePhoto___2017___FC33BA38-A868-4A41-AF7F-908B89843170-597-000001.jpg
f:\photo_script\brokenphotodir\gbk_encoding\GooglePhoto___2017___IMG_1413.JPG
f:\photo_script\brokenphotodir\gbk_encoding\GooglePhoto___2017___IMG_1417.JPG
f:\photo_script\brokenphotodir\gbk_encoding\GooglePhoto___2017___IMG_1418.JPG
f:\photo_script\brokenphotodir\gbk_encoding\GooglePhoto___2017___IMG_1419.JPG
f:\photo_script\brokenphotodir\gbk_encoding\GooglePhoto___2017___IMG_1420.JPG
f:\photo_script\brokenphotodir\gbk_encoding\GooglePhoto___2017___IMG_1507.JPG
f:\photo_script\brokenphotodir\gbk_encoding\GooglePhoto___2017___IMG_1593.JPG
f:\photo_script\brokenphotodir\gbk_encoding\GooglePhoto___2017___IMG_1616.JPG
f:\photo_script\brokenphotodir\gbk_encoding\GooglePhoto___2017___IMG_1719.JPG
f:\photo_script\brokenphotodir\gbk_encoding\GooglePhoto___2017___IMG_1726.PNG
f:\photo_script\brokenphotodir\gbk_encoding\GooglePhoto___2017___IMG_1771.JPG
f:\photo_script\brokenphotodir\gbk_encoding\GooglePhoto___2017___IMG_1772.JPG
f:\photo_script\brokenphotodir\gbk_encoding\GooglePhoto___2017___IMG_1784.JPG
f:\photo_script\brokenphotodir\gbk_encoding\GooglePhoto___2017___IMG_1791.JPG
f:\photo_script\brokenphotodir\gbk_encoding\GooglePhoto___2017___IMG_1810.JPG
f:\photo_script\brokenphotodir\gbk_encoding\GooglePhoto___2017___IMG_1811.JPG
f:\photo_script\brokenphotodir\gbk_encoding\GooglePhoto___2017___IMG_1832.JPG
f:\photo_script\brokenphotodir\gbk_encoding\GooglePhoto___2017___IMG_1903.JPG
f:\photo_script\brokenphotodir\gbk_encoding\GooglePhoto___2017___IMG_1905.JPG
f:\photo_script\brokenphotodir\gbk_encoding\GooglePhoto___2017___IMG_1906.JPG
f:\photo_script\brokenphotodir\gbk_encoding\GooglePhoto___2017___IMG_1910.JPG
f:\photo_script\brokenphotodir\gbk_encoding\GooglePhoto___2017___IMG_1911.JPG
f:\photo_script\brokenphotodir\gbk_encoding\GooglePhoto___2017___IMG_1912.JPG
f:\photo_script\brokenphotodir\gbk_encoding\GooglePhoto___2017___IMG_1915.JPG
f:\photo_script\brokenphotodir\gbk_encoding\GooglePhoto___2017___IMG_1927.PNG
f:\photo_script\brokenphotodir\gbk_encoding\GooglePhoto___2017___IMG_2074.JPG
f:\photo_script\brokenphotodir\gbk_encoding\GooglePhoto___2017___IMG_2075.JPG
f:\photo_script\brokenphotodir\gbk_encoding\GooglePhoto___2017___IMG_2132.JPG
f:\photo_script\brokenphotodir\gbk_encoding\GooglePhoto___2017___IMG_2133.JPG
f:\photo_script\brokenphotodir\gbk_encoding\GooglePhoto___2017___IMG_2236.JPG
f:\photo_script\brokenphotodir\gbk_encoding\GooglePhoto___2017___IMG_2265.JPG
f:\photo_script\brokenphotodir\gbk_encoding\GooglePhoto___2017___IMG_2278.JPG
f:\photo_script\brokenphotodir\gbk_encoding\GooglePhoto___2017___IMG_2295.JPG
f:\photo_script\brokenphotodir\gbk_encoding\GooglePhoto___2017___IMG_2296.JPG
f:\photo_script\brokenphotodir\gbk_encoding\GooglePhoto___2017___IMG_2298.JPG
f:\photo_script\brokenphotodir\gbk_encoding\GooglePhoto___2017___IMG_2300.JPG
f:\photo_script\brokenphotodir\gbk_encoding\GooglePhoto___2017___IMG_2301.JPG
f:\photo_script\brokenphotodir\gbk_encoding\GooglePhoto___2017___IMG_2303(1).JPG
f:\photo_script\brokenphotodir\gbk_encoding\GooglePhoto___2017___IMG_2304.JPG
f:\photo_script\brokenphotodir\gbk_encoding\GooglePhoto___2017___IMG_2305.JPG
f:\photo_script\brokenphotodir\gbk_encoding\GooglePhoto___2017___IMG_2314.JPG
f:\photo_script\brokenphotodir\gbk_encoding\GooglePhoto___2017___IMG_2315.JPG
f:\photo_script\brokenphotodir\gbk_encoding\GooglePhoto___2017___IMG_2316.JPG
f:\photo_script\brokenphotodir\gbk_encoding\GooglePhoto___2017___IMG_2317.JPG
f:\photo_script\brokenphotodir\gbk_encoding\GooglePhoto___2017___IMG_2328(1).JPG
f:\photo_script\brokenphotodir\gbk_encoding\GooglePhoto___2017___IMG_2331.JPG
f:\photo_script\brokenphotodir\gbk_encoding\GooglePhoto___2017___IMG_2335.JPG
f:\photo_script\brokenphotodir\gbk_encoding\GooglePhoto___2017___IMG_2338.JPG
f:\photo_script\brokenphotodir\gbk_encoding\GooglePhoto___2017___IMG_2341.JPG
f:\photo_script\brokenphotodir\gbk_encoding\GooglePhoto___2017___IMG_2348.JPG
f:\photo_script\brokenphotodir\gbk_encoding\GooglePhoto___2017___IMG_2353.JPG
f:\photo_script\brokenphotodir\gbk_encoding\GooglePhoto___2017___IMG_2354.JPG
f:\photo_script\brokenphotodir\gbk_encoding\GooglePhoto___2017___IMG_2359(1).JPG
f:\photo_script\brokenphotodir\gbk_encoding\GooglePhoto___2017___IMG_2364.JPG
f:\photo_script\brokenphotodir\gbk_encoding\GooglePhoto___2017___IMG_2400.JPG
f:\photo_script\brokenphotodir\gbk_encoding\GooglePhoto___2017___IMG_2418.JPG
f:\photo_script\brokenphotodir\gbk_encoding\GooglePhoto___2017___IMG_2422.JPG
f:\photo_script\brokenphotodir\gbk_encoding\GooglePhoto___2017___IMG_2425.JPG
f:\photo_script\brokenphotodir\gbk_encoding\GooglePhoto___2017___IMG_2428.JPG
f:\photo_script\brokenphotodir\gbk_encoding\GooglePhoto___2017___IMG_2437.JPG
f:\photo_script\brokenphotodir\gbk_encoding\GooglePhoto___2017___IMG_2438.JPG
f:\photo_script\brokenphotodir\gbk_encoding\GooglePhoto___2017___IMG_2442.JPG
f:\photo_script\brokenphotodir\gbk_encoding\GooglePhoto___2017___IMG_2443.JPG
f:\photo_script\brokenphotodir\gbk_encoding\GooglePhoto___2017___IMG_2444.JPG
f:\photo_script\brokenphotodir\gbk_encoding\GooglePhoto___2017___IMG_2445.JPG
f:\photo_script\brokenphotodir\gbk_encoding\GooglePhoto___2017___IMG_2456.JPG
f:\photo_script\brokenphotodir\gbk_encoding\GooglePhoto___2017___IMG_2477.JPG
f:\photo_script\brokenphotodir\gbk_encoding\GooglePhoto___2017___IMG_2478.JPG
f:\photo_script\brokenphotodir\gbk_encoding\GooglePhoto___2017___IMG_2487.JPG
f:\photo_script\brokenphotodir\gbk_encoding\GooglePhoto___2017___IMG_2495.JPG
f:\photo_script\brokenphotodir\gbk_encoding\GooglePhoto___2017___IMG_2496.JPG
f:\photo_script\brokenphotodir\gbk_encoding\GooglePhoto___2017___IMG_2673.JPG
f:\photo_script\brokenphotodir\gbk_encoding\GooglePhoto___2017___IMG_2705.JPG
f:\photo_script\brokenphotodir\gbk_encoding\GooglePhoto___2017___IMG_2713.JPG
f:\photo_script\brokenphotodir\gbk_encoding\GooglePhoto___2017___IMG_2725.JPG
f:\photo_script\brokenphotodir\gbk_encoding\GooglePhoto___2017___IMG_2746.JPG
f:\photo_script\brokenphotodir\gbk_encoding\GooglePhoto___2017___IMG_2748.JPG
f:\photo_script\brokenphotodir\gbk_encoding\GooglePhoto___2017___IMG_2749.JPG
f:\photo_script\brokenphotodir\gbk_encoding\GooglePhoto___2017___IMG_2751.JPG
f:\photo_script\brokenphotodir\gbk_encoding\GooglePhoto___2017___IMG_2763.JPG
f:\photo_script\brokenphotodir\gbk_encoding\GooglePhoto___2017___IMG_2771.JPG
f:\photo_script\brokenphotodir\gbk_encoding\GooglePhoto___2017___IMG_2774.JPG
f:\photo_script\brokenphotodir\gbk_encoding\GooglePhoto___2017___IMG_2787.JPG
f:\photo_script\brokenphotodir\gbk_encoding\GooglePhoto___2017___IMG_2792.JPG
f:\photo_script\brokenphotodir\gbk_encoding\GooglePhoto___2017___IMG_2797.JPG
f:\photo_script\brokenphotodir\gbk_encoding\GooglePhoto___2017___IMG_2798.JPG
f:\photo_script\brokenphotodir\gbk_encoding\GooglePhoto___2017___IMG_2814.JPG
f:\photo_script\brokenphotodir\gbk_encoding\GooglePhoto___2017___IMG_2820.JPG
f:\photo_script\brokenphotodir\gbk_encoding\GooglePhoto___2017___IMG_2835.JPG
f:\photo_script\brokenphotodir\gbk_encoding\GooglePhoto___2017___IMG_2836.JPG
f:\photo_script\brokenphotodir\gbk_encoding\GooglePhoto___2017___IMG_2846.JPG
f:\photo_script\brokenphotodir\gbk_encoding\GooglePhoto___2017___IMG_2895.JPG
f:\photo_script\brokenphotodir\gbk_encoding\GooglePhoto___2017___IMG_2896.JPG
f:\photo_script\brokenphotodir\gbk_encoding\GooglePhoto___2017___IMG_2901.JPG
f:\photo_script\brokenphotodir\gbk_encoding\GooglePhoto___2017___IMG_2902.JPG
f:\photo_script\brokenphotodir\gbk_encoding\GooglePhoto___2017___IMG_2908.JPG
f:\photo_script\brokenphotodir\gbk_encoding\GooglePhoto___2017___IMG_2915(1).JPG
f:\photo_script\brokenphotodir\gbk_encoding\GooglePhoto___2017___IMG_2940.JPG
f:\photo_script\brokenphotodir\gbk_encoding\GooglePhoto___2017___IMG_2941.JPG
f:\photo_script\brokenphotodir\gbk_encoding\GooglePhoto___2017___IMG_2986.JPG
f:\photo_script\brokenphotodir\gbk_encoding\GooglePhoto___2017___IMG_3014.JPG
f:\photo_script\brokenphotodir\gbk_encoding\GooglePhoto___2017___IMG_3042.JPG
f:\photo_script\brokenphotodir\gbk_encoding\GooglePhoto___2017___IMG_3043.JPG
f:\photo_script\brokenphotodir\gbk_encoding\GooglePhoto___2017___IMG_3044.JPG
f:\photo_script\brokenphotodir\gbk_encoding\GooglePhoto___2017___IMG_3045.JPG
f:\photo_script\brokenphotodir\gbk_encoding\GooglePhoto___2017___IMG_3071.JPG
f:\photo_script\brokenphotodir\gbk_encoding\GooglePhoto___2017___IMG_3086.JPG
f:\photo_script\brokenphotodir\gbk_encoding\GooglePhoto___2017___IMG_3096.JPG
f:\photo_script\brokenphotodir\gbk_encoding\GooglePhoto___2017___IMG_3098.JPG
f:\photo_script\brokenphotodir\gbk_encoding\GooglePhoto___2017___IMG_3101.JPG
f:\photo_script\brokenphotodir\gbk_encoding\GooglePhoto___2017___IMG_3134.JPG
f:\photo_script\brokenphotodir\gbk_encoding\GooglePhoto___2017___IMG_3159.JPG
f:\photo_script\brokenphotodir\gbk_encoding\GooglePhoto___2017___IMG_3172.JPG
f:\photo_script\brokenphotodir\gbk_encoding\GooglePhoto___2017___IMG_3194.JPG
f:\photo_script\brokenphotodir\gbk_encoding\GooglePhoto___2017___IMG_3227.JPG
f:\photo_script\brokenphotodir\gbk_encoding\GooglePhoto___2017___IMG_3949.JPG
f:\photo_script\brokenphotodir\gbk_encoding\GooglePhoto___2017___IMG_3951.JPG
f:\photo_script\brokenphotodir\gbk_encoding\GooglePhoto___2017___IMG_3952.JPG
f:\photo_script\brokenphotodir\gbk_encoding\GooglePhoto___2017___IMG_3972.JPG
f:\photo_script\brokenphotodir\gbk_encoding\GooglePhoto___2017___IMG_4100.JPG
f:\photo_script\brokenphotodir\gbk_encoding\GooglePhoto___2017___IMG_4101.JPG
f:\photo_script\brokenphotodir\gbk_encoding\GooglePhoto___2017___IMG_4103.JPG
f:\photo_script\brokenphotodir\gbk_encoding\GooglePhoto___2017___IMG_4106.JPG
f:\photo_script\brokenphotodir\gbk_encoding\GooglePhoto___2017___IMG_4111.JPG
f:\photo_script\brokenphotodir\gbk_encoding\GooglePhoto___2017___IMG_4116.JPG
f:\photo_script\brokenphotodir\gbk_encoding\GooglePhoto___2017___IMG_4217.JPG
f:\photo_script\brokenphotodir\gbk_encoding\GooglePhoto___2017___IMG_4218.JPG
f:\photo_script\brokenphotodir\gbk_encoding\GooglePhoto___2017___IMG_4219.JPG
f:\photo_script\brokenphotodir\gbk_encoding\GooglePhoto___2017___IMG_4224.JPG
f:\photo_script\brokenphotodir\gbk_encoding\GooglePhoto___2017___IMG_4291.JPG
f:\photo_script\brokenphotodir\gbk_encoding\GooglePhoto___2017___IMG_4292.JPG
f:\photo_script\brokenphotodir\gbk_encoding\GooglePhoto___2017___IMG_4293.JPG
f:\photo_script\brokenphotodir\gbk_encoding\GooglePhoto___2017___IMG_4298.JPG
f:\photo_script\brokenphotodir\gbk_encoding\GooglePhoto___2017___IMG_4360.JPG
f:\photo_script\brokenphotodir\gbk_encoding\GooglePhoto___2017___IMG_4390.JPG
f:\photo_script\brokenphotodir\gbk_encoding\GooglePhoto___2017___IMG_4411.JPG
f:\photo_script\brokenphotodir\gbk_encoding\GooglePhoto___2017___IMG_4425(1).JPG
f:\photo_script\brokenphotodir\gbk_encoding\GooglePhoto___2017___IMG_4426(1).JPG
f:\photo_script\brokenphotodir\gbk_encoding\GooglePhoto___2017___IMG_4462.JPG
f:\photo_script\brokenphotodir\gbk_encoding\GooglePhoto___2017___IMG_4466.JPG
f:\photo_script\brokenphotodir\gbk_encoding\GooglePhoto___2017___IMG_4480.JPG
f:\photo_script\brokenphotodir\gbk_encoding\GooglePhoto___2017___IMG_4484.JPG
f:\photo_script\brokenphotodir\gbk_encoding\GooglePhoto___2017___IMG_4635.JPG
f:\photo_script\brokenphotodir\gbk_encoding\GooglePhoto___2017___IMG_4698.JPG
f:\photo_script\brokenphotodir\gbk_encoding\GooglePhoto___2017___IMG_4699.JPG
f:\photo_script\brokenphotodir\gbk_encoding\GooglePhoto___2017___IMG_4720.JPG
f:\photo_script\brokenphotodir\gbk_encoding\GooglePhoto___2017___IMG_4726.JPG
f:\photo_script\brokenphotodir\gbk_encoding\GooglePhoto___2017___IMG_4848.JPG
f:\photo_script\brokenphotodir\gbk_encoding\GooglePhoto___2017___IMG_4849.JPG
f:\photo_script\brokenphotodir\gbk_encoding\GooglePhoto___2017___IMG_5022.JPG
f:\photo_script\brokenphotodir\gbk_encoding\GooglePhoto___2017___IMG_5025.JPG
f:\photo_script\brokenphotodir\gbk_encoding\GooglePhoto___2017___IMG_5042.JPG
f:\photo_script\brokenphotodir\gbk_encoding\GooglePhoto___2017___IMG_5083.JPG
f:\photo_script\brokenphotodir\gbk_encoding\GooglePhoto___2017___IMG_5100.JPG
f:\photo_script\brokenphotodir\gbk_encoding\GooglePhoto___2017___IMG_5115.JPG
f:\photo_script\brokenphotodir\gbk_encoding\GooglePhoto___2017___IMG_5128.JPG
f:\photo_script\brokenphotodir\gbk_encoding\GooglePhoto___2017___IMG_5226.JPG
f:\photo_script\brokenphotodir\gbk_encoding\GooglePhoto___2017___IMG_5227.JPG
f:\photo_script\brokenphotodir\gbk_encoding\GooglePhoto___2017___IMG_5315.JPG
f:\photo_script\brokenphotodir\gbk_encoding\GooglePhoto___2017___IMG_5332.JPG
f:\photo_script\brokenphotodir\gbk_encoding\GooglePhoto___2017___IMG_5384.JPG
f:\photo_script\brokenphotodir\gbk_encoding\GooglePhoto___2017___IMG_5385.JPG
f:\photo_script\brokenphotodir\gbk_encoding\GooglePhoto___2017___IMG_5407.JPG
f:\photo_script\brokenphotodir\gbk_encoding\GooglePhoto___2017___IMG_5414.JPG
f:\photo_script\brokenphotodir\gbk_encoding\GooglePhoto___2017___IMG_7061.JPG
f:\photo_script\brokenphotodir\gbk_encoding\GooglePhoto___2017___IMG_8101.JPG
f:\photo_script\brokenphotodir\gbk_encoding\GooglePhoto___2017___∑‚√Ê.jpg
f:\photo_script\brokenphotodir\gbk_encoding\GooglePhoto___2018___16f291271e62731bf1d474b8af0ff0a84a85682f.jpg
f:\photo_script\brokenphotodir\gbk_encoding\GooglePhoto___2018___2012-07-19 121521.jpg
f:\photo_script\brokenphotodir\gbk_encoding\GooglePhoto___2018___2012-07-31 172909-edited.jpg
f:\photo_script\brokenphotodir\gbk_encoding\GooglePhoto___2018___2014-07-30 152732.jpg
f:\photo_script\brokenphotodir\gbk_encoding\GooglePhoto___2018___2014-08-02 125918.jpg
f:\photo_script\brokenphotodir\gbk_encoding\GooglePhoto___2018___2014-08-09 101608.jpg
f:\photo_script\brokenphotodir\gbk_encoding\GooglePhoto___2018___2014-08-09 101611.jpg
f:\photo_script\brokenphotodir\gbk_encoding\GooglePhoto___2018___2014-08-09 162422.jpg
f:\photo_script\brokenphotodir\gbk_encoding\GooglePhoto___2018___2014-08-09 192225.jpg
f:\photo_script\brokenphotodir\gbk_encoding\GooglePhoto___2018___2014-08-10 211902.jpg
f:\photo_script\brokenphotodir\gbk_encoding\GooglePhoto___2018___2014-08-11 141039.jpg
f:\photo_script\brokenphotodir\gbk_encoding\GooglePhoto___2018___2014-08-13 135015.jpg
f:\photo_script\brokenphotodir\gbk_encoding\GooglePhoto___2018___2014-08-14 074919.jpg
f:\photo_script\brokenphotodir\gbk_encoding\GooglePhoto___2018___2014-08-14 090249.jpg
f:\photo_script\brokenphotodir\gbk_encoding\GooglePhoto___2018___2016-01-07 113506.jpg
f:\photo_script\brokenphotodir\gbk_encoding\GooglePhoto___2018___2016-01-12 130115-edited.jpg
f:\photo_script\brokenphotodir\gbk_encoding\GooglePhoto___2018___2016-01-14 202437.jpg
f:\photo_script\brokenphotodir\gbk_encoding\GooglePhoto___2018___2016-02-03 170214.jpg
f:\photo_script\brokenphotodir\gbk_encoding\GooglePhoto___2018___2016-02-03 214332.jpg
f:\photo_script\brokenphotodir\gbk_encoding\GooglePhoto___2018___2016-02-03 214959.jpg
f:\photo_script\brokenphotodir\gbk_encoding\GooglePhoto___2018___2016-02-07 142122.jpg
f:\photo_script\brokenphotodir\gbk_encoding\GooglePhoto___2018___2016-02-11 110828.jpg
f:\photo_script\brokenphotodir\gbk_encoding\GooglePhoto___2018___2016-02-24 212006.jpg
f:\photo_script\brokenphotodir\gbk_encoding\GooglePhoto___2018___2016-02-25 141151.jpg
f:\photo_script\brokenphotodir\gbk_encoding\GooglePhoto___2018___2016-03-03 085312.jpg
f:\photo_script\brokenphotodir\gbk_encoding\GooglePhoto___2018___2016-03-05 124543.jpg
f:\photo_script\brokenphotodir\gbk_encoding\GooglePhoto___2018___2016-08-09 135732.jpg
f:\photo_script\brokenphotodir\gbk_encoding\GooglePhoto___2018___2016-08-09 135908.jpg
f:\photo_script\brokenphotodir\gbk_encoding\GooglePhoto___2018___2016-08-19 203552.jpg
