F:\photo_script\brokenphotodir\gbk_encoding\GooglePhoto___2014___20140223_224806.jpg
F:\photo_script\brokenphotodir\gbk_encoding\GooglePhoto___2014___20140612_145235.jpg
F:\photo_script\brokenphotodir\gbk_encoding\GooglePhoto___2014___20140612_145426.jpg
F:\photo_script\brokenphotodir\gbk_encoding\GooglePhoto___2014___20140612_145445.jpg
F:\photo_script\brokenphotodir\gbk_encoding\GooglePhoto___2014___20140612_145453.jpg
F:\photo_script\brokenphotodir\gbk_encoding\GooglePhoto___2014___20140612_145844.jpg
F:\photo_script\brokenphotodir\gbk_encoding\GooglePhoto___2014___20140618_141452.jpg
F:\photo_script\brokenphotodir\gbk_encoding\GooglePhoto___2014___20140618_145738.jpg
F:\photo_script\brokenphotodir\gbk_encoding\GooglePhoto___2014___20140618_152425_1.jpg
F:\photo_script\brokenphotodir\gbk_encoding\GooglePhoto___2014___20140618_152425_2.jpg
F:\photo_script\brokenphotodir\gbk_encoding\GooglePhoto___2014___20140618_152425_3.jpg
F:\photo_script\brokenphotodir\gbk_encoding\GooglePhoto___2014___20140618_152425_4.jpg
F:\photo_script\brokenphotodir\gbk_encoding\GooglePhoto___2014___20140618_152425_5.jpg
F:\photo_script\brokenphotodir\gbk_encoding\GooglePhoto___2014___20140618_152425_6.jpg
F:\photo_script\brokenphotodir\gbk_encoding\GooglePhoto___2014___20140618_152425_7.jpg
F:\photo_script\brokenphotodir\gbk_encoding\GooglePhoto___2014___20140618_152426_10.jpg
F:\photo_script\brokenphotodir\gbk_encoding\GooglePhoto___2014___20140618_152426_11.jpg
F:\photo_script\brokenphotodir\gbk_encoding\GooglePhoto___2014___20140618_152426_8.jpg
F:\photo_script\brokenphotodir\gbk_encoding\GooglePhoto___2014___20140618_152426_9.jpg
F:\photo_script\brokenphotodir\gbk_encoding\GooglePhoto___2014___20140618_152427_12.jpg
F:\photo_script\brokenphotodir\gbk_encoding\GooglePhoto___2014___20140618_152504.jpg
F:\photo_script\brokenphotodir\gbk_encoding\GooglePhoto___2014___20140618_152505(0).jpg
F:\photo_script\brokenphotodir\gbk_encoding\GooglePhoto___2014___20140618_152505.jpg
F:\photo_script\brokenphotodir\gbk_encoding\GooglePhoto___2014___20140618_152507.jpg
F:\photo_script\brokenphotodir\gbk_encoding\GooglePhoto___2014___20140618_152519(0).jpg
F:\photo_script\brokenphotodir\gbk_encoding\GooglePhoto___2014___20140618_152519.jpg
F:\photo_script\brokenphotodir\gbk_encoding\GooglePhoto___2014___20140618_152520.jpg
F:\photo_script\brokenphotodir\gbk_encoding\GooglePhoto___2014___20140618_152532_1.jpg
F:\photo_script\brokenphotodir\gbk_encoding\GooglePhoto___2014___20140618_152532_2.jpg
F:\photo_script\brokenphotodir\gbk_encoding\GooglePhoto___2014___20140618_152532_3.jpg
F:\photo_script\brokenphotodir\gbk_encoding\GooglePhoto___2014___20140618_152538_1.jpg
F:\photo_script\brokenphotodir\gbk_encoding\GooglePhoto___2014___20140618_152538_2.jpg
F:\photo_script\brokenphotodir\gbk_encoding\GooglePhoto___2014___20140618_152538_3.jpg
F:\photo_script\brokenphotodir\gbk_encoding\GooglePhoto___2014___20140618_152538_4.jpg
F:\photo_script\brokenphotodir\gbk_encoding\GooglePhoto___2014___20140618_152538_5.jpg
F:\photo_script\brokenphotodir\gbk_encoding\GooglePhoto___2014___20140618_152539_6.jpg
F:\photo_script\brokenphotodir\gbk_encoding\GooglePhoto___2014___20140618_152539_7.jpg
F:\photo_script\brokenphotodir\gbk_encoding\GooglePhoto___2014___20140618_152539_8.jpg
F:\photo_script\brokenphotodir\gbk_encoding\GooglePhoto___2014___20140618_152540_10.jpg
F:\photo_script\brokenphotodir\gbk_encoding\GooglePhoto___2014___20140618_152540_9.jpg
F:\photo_script\brokenphotodir\gbk_encoding\GooglePhoto___2014___20140618_152554_1.jpg
F:\photo_script\brokenphotodir\gbk_encoding\GooglePhoto___2014___20140618_152555_2.jpg
F:\photo_script\brokenphotodir\gbk_encoding\GooglePhoto___2014___20140618_152555_3.jpg
F:\photo_script\brokenphotodir\gbk_encoding\GooglePhoto___2014___20140618_152555_4.jpg
F:\photo_script\brokenphotodir\gbk_encoding\GooglePhoto___2014___20140618_152555_5.jpg
F:\photo_script\brokenphotodir\gbk_encoding\GooglePhoto___2014___20140618_153504_1.jpg
F:\photo_script\brokenphotodir\gbk_encoding\GooglePhoto___2014___20140618_153504_2.jpg
F:\photo_script\brokenphotodir\gbk_encoding\GooglePhoto___2014___20140618_153504_3.jpg
F:\photo_script\brokenphotodir\gbk_encoding\GooglePhoto___2014___20140618_153504_4.jpg
F:\photo_script\brokenphotodir\gbk_encoding\GooglePhoto___2014___20140618_153505_5.jpg
F:\photo_script\brokenphotodir\gbk_encoding\GooglePhoto___2014___20140618_153505_6.jpg
F:\photo_script\brokenphotodir\gbk_encoding\GooglePhoto___2014___20140618_153505_7.jpg
F:\photo_script\brokenphotodir\gbk_encoding\GooglePhoto___2014___20140623_174105.jpg
F:\photo_script\brokenphotodir\gbk_encoding\GooglePhoto___2014___DSC00478.JPG
F:\photo_script\brokenphotodir\gbk_encoding\GooglePhoto___2014___DSC02147(1).JPG
F:\photo_script\brokenphotodir\gbk_encoding\GooglePhoto___2014___IMG_0661.JPG
F:\photo_script\brokenphotodir\gbk_encoding\GooglePhoto___2014___IMG_0662.JPG
F:\photo_script\brokenphotodir\gbk_encoding\GooglePhoto___2014___IMG_0663.JPG
F:\photo_script\brokenphotodir\gbk_encoding\GooglePhoto___2014___IMG_0667.JPG
F:\photo_script\brokenphotodir\gbk_encoding\GooglePhoto___2014___IMG_0679.JPG
F:\photo_script\brokenphotodir\gbk_encoding\GooglePhoto___2014___IMG_0680.JPG
F:\photo_script\brokenphotodir\gbk_encoding\GooglePhoto___2014___IMG_0681.JPG
F:\photo_script\brokenphotodir\gbk_encoding\GooglePhoto___2014___IMG_0682.JPG
F:\photo_script\brokenphotodir\gbk_encoding\GooglePhoto___2014___IMG_0684.JPG
F:\photo_script\brokenphotodir\gbk_encoding\GooglePhoto___2014___IMG_0686.JPG
F:\photo_script\brokenphotodir\gbk_encoding\GooglePhoto___2014___IMG_0687.JPG
F:\photo_script\brokenphotodir\gbk_encoding\GooglePhoto___2014___IMG_0688.JPG
F:\photo_script\brokenphotodir\gbk_encoding\GooglePhoto___2014___IMG_0690.JPG
F:\photo_script\brokenphotodir\gbk_encoding\GooglePhoto___2014___IMG_0691.JPG
F:\photo_script\brokenphotodir\gbk_encoding\GooglePhoto___2014___IMG_0692.JPG
F:\photo_script\brokenphotodir\gbk_encoding\GooglePhoto___2014___IMG_0693.JPG
F:\photo_script\brokenphotodir\gbk_encoding\GooglePhoto___2014___IMG_0929.JPG
F:\photo_script\brokenphotodir\gbk_encoding\GooglePhoto___2014___IMG_1327.JPG
F:\photo_script\brokenphotodir\gbk_encoding\GooglePhoto___2014___IMG_1329.JPG
F:\photo_script\brokenphotodir\gbk_encoding\GooglePhoto___2014___IMG_1333.JPG
F:\photo_script\brokenphotodir\gbk_encoding\GooglePhoto___2014___IMG_1334.JPG
F:\photo_script\brokenphotodir\gbk_encoding\GooglePhoto___2014___IMG_20140921_160257.jpg
F:\photo_script\brokenphotodir\gbk_encoding\GooglePhoto___2014___IMG_20141017_100641.jpg
F:\photo_script\brokenphotodir\gbk_encoding\GooglePhoto___2014____-37768681_microMsg.1411114346325_1411114361000.jpg
F:\photo_script\brokenphotodir\gbk_encoding\GooglePhoto___2015___13002633C9365C2B9837B29D2F7A80FB.png
F:\photo_script\brokenphotodir\gbk_encoding\GooglePhoto___2015___1619F2704622CE5ECBE0A1CF2ECD6E02.png
F:\photo_script\brokenphotodir\gbk_encoding\GooglePhoto___2015___20150509_IMG_20150509_160448.jpg
F:\photo_script\brokenphotodir\gbk_encoding\GooglePhoto___2015___20150612_IMG_20150612_142058.jpg
F:\photo_script\brokenphotodir\gbk_encoding\GooglePhoto___2015___2CC3531187754E4B29AE11BE2D407CA0.png
F:\photo_script\brokenphotodir\gbk_encoding\GooglePhoto___2015___4E73D1131397D7789D39792EDCC33213.png
F:\photo_script\brokenphotodir\gbk_encoding\GooglePhoto___2015___5194E915CC408CCDAB72315FCEF9AA0F.png
F:\photo_script\brokenphotodir\gbk_encoding\GooglePhoto___2015___8515033D81D4B332DF9F1BE66504FC69.png
F:\photo_script\brokenphotodir\gbk_encoding\GooglePhoto___2015___A2B60ADE73C4D0DC1F2941DA8A90AE4D.png
F:\photo_script\brokenphotodir\gbk_encoding\GooglePhoto___2015___B0A580B0E75235464C437A4A325C7CFA.png
F:\photo_script\brokenphotodir\gbk_encoding\GooglePhoto___2015___B73137122DD5FA169831CA91A0AC2D35.png
F:\photo_script\brokenphotodir\gbk_encoding\GooglePhoto___2015___DC149BD1DC1EB6233349A18709CB67DE.png
F:\photo_script\brokenphotodir\gbk_encoding\GooglePhoto___2015___DSC00076.JPG
F:\photo_script\brokenphotodir\gbk_encoding\GooglePhoto___2015___DSC04310.JPG
F:\photo_script\brokenphotodir\gbk_encoding\GooglePhoto___2015___E385F44C2E1BA5CDF38E63B896A2B6AB.png
F:\photo_script\brokenphotodir\gbk_encoding\GooglePhoto___2015___F1CE5F81A0127E49358D8748EB5EDE4C.png
F:\photo_script\brokenphotodir\gbk_encoding\GooglePhoto___2015___FFA546082151FA1FB37ACAB1C9A024FD.png
F:\photo_script\brokenphotodir\gbk_encoding\GooglePhoto___2015___IMG_1493.JPG
F:\photo_script\brokenphotodir\gbk_encoding\GooglePhoto___2015___IMG_1514.JPG
F:\photo_script\brokenphotodir\gbk_encoding\GooglePhoto___2015___IMG_1515.JPG
F:\photo_script\brokenphotodir\gbk_encoding\GooglePhoto___2015___IMG_1516.JPG
F:\photo_script\brokenphotodir\gbk_encoding\GooglePhoto___2015___IMG_1517.JPG
F:\photo_script\brokenphotodir\gbk_encoding\GooglePhoto___2015___IMG_1547.JPG
F:\photo_script\brokenphotodir\gbk_encoding\GooglePhoto___2015___IMG_1550.JPG
F:\photo_script\brokenphotodir\gbk_encoding\GooglePhoto___2015___IMG_1552.JPG
F:\photo_script\brokenphotodir\gbk_encoding\GooglePhoto___2015___IMG_1554.JPG
F:\photo_script\brokenphotodir\gbk_encoding\GooglePhoto___2015___IMG_1555.JPG
F:\photo_script\brokenphotodir\gbk_encoding\GooglePhoto___2015___IMG_1558.JPG
F:\photo_script\brokenphotodir\gbk_encoding\GooglePhoto___2015___IMG_1560.JPG
F:\photo_script\brokenphotodir\gbk_encoding\GooglePhoto___2015___IMG_1563.JPG
F:\photo_script\brokenphotodir\gbk_encoding\GooglePhoto___2015___IMG_1581.JPG
F:\photo_script\brokenphotodir\gbk_encoding\GooglePhoto___2015___IMG_1684.JPG
F:\photo_script\brokenphotodir\gbk_encoding\GooglePhoto___2015___IMG_1760.JPG
F:\photo_script\brokenphotodir\gbk_encoding\GooglePhoto___2015___IMG_1778.JPG
F:\photo_script\brokenphotodir\gbk_encoding\GooglePhoto___2015___IMG_1780.JPG
F:\photo_script\brokenphotodir\gbk_encoding\GooglePhoto___2015___IMG_1804.JPG
F:\photo_script\brokenphotodir\gbk_encoding\GooglePhoto___2015___IMG_1805.JPG
F:\photo_script\brokenphotodir\gbk_encoding\GooglePhoto___2015___IMG_1809.JPG
F:\photo_script\brokenphotodir\gbk_encoding\GooglePhoto___2015___IMG_1811.JPG
F:\photo_script\brokenphotodir\gbk_encoding\GooglePhoto___2015___IMG_1846.JPG
F:\photo_script\brokenphotodir\gbk_encoding\GooglePhoto___2015___IMG_1847.JPG
F:\photo_script\brokenphotodir\gbk_encoding\GooglePhoto___2015___IMG_1861.JPG
F:\photo_script\brokenphotodir\gbk_encoding\GooglePhoto___2015___IMG_1867.JPG
F:\photo_script\brokenphotodir\gbk_encoding\GooglePhoto___2015___IMG_1868.JPG
F:\photo_script\brokenphotodir\gbk_encoding\GooglePhoto___2015___IMG_1869.JPG
F:\photo_script\brokenphotodir\gbk_encoding\GooglePhoto___2015___IMG_1870.JPG
F:\photo_script\brokenphotodir\gbk_encoding\GooglePhoto___2015___IMG_1872.JPG
F:\photo_script\brokenphotodir\gbk_encoding\GooglePhoto___2015___IMG_1875.JPG
F:\photo_script\brokenphotodir\gbk_encoding\GooglePhoto___2015___IMG_1876.JPG
F:\photo_script\brokenphotodir\gbk_encoding\GooglePhoto___2015___IMG_1890.JPG
F:\photo_script\brokenphotodir\gbk_encoding\GooglePhoto___2015___IMG_1908.JPG
F:\photo_script\brokenphotodir\gbk_encoding\GooglePhoto___2015___IMG_1948.JPG
F:\photo_script\brokenphotodir\gbk_encoding\GooglePhoto___2015___IMG_1949.JPG
F:\photo_script\brokenphotodir\gbk_encoding\GooglePhoto___2015___IMG_1950.JPG
F:\photo_script\brokenphotodir\gbk_encoding\GooglePhoto___2015___IMG_1951.JPG
F:\photo_script\brokenphotodir\gbk_encoding\GooglePhoto___2015___IMG_1958.JPG
F:\photo_script\brokenphotodir\gbk_encoding\GooglePhoto___2015___IMG_1959.JPG
F:\photo_script\brokenphotodir\gbk_encoding\GooglePhoto___2015___IMG_1984.JPG
F:\photo_script\brokenphotodir\gbk_encoding\GooglePhoto___2015___IMG_20150123_094657.jpg
F:\photo_script\brokenphotodir\gbk_encoding\GooglePhoto___2015___IMG_20150123_100004.jpg
F:\photo_script\brokenphotodir\gbk_encoding\GooglePhoto___2015___IMG_20150123_100017.jpg
F:\photo_script\brokenphotodir\gbk_encoding\GooglePhoto___2015___IMG_20150123_104115.jpg
F:\photo_script\brokenphotodir\gbk_encoding\GooglePhoto___2015___IMG_20150402_170040.jpg
F:\photo_script\brokenphotodir\gbk_encoding\GooglePhoto___2015___IMG_20150402_170051.jpg
F:\photo_script\brokenphotodir\gbk_encoding\GooglePhoto___2015___IMG_20150402_200708.jpg
F:\photo_script\brokenphotodir\gbk_encoding\GooglePhoto___2015___IMG_20150509_154215.jpg
F:\photo_script\brokenphotodir\gbk_encoding\GooglePhoto___2015___IMG_20150509_154237.jpg
F:\photo_script\brokenphotodir\gbk_encoding\GooglePhoto___2015___IMG_20150612_142044.jpg
F:\photo_script\brokenphotodir\gbk_encoding\GooglePhoto___2015___IMG_20150618_152139.jpg
F:\photo_script\brokenphotodir\gbk_encoding\GooglePhoto___2015___IMG_20150811_210056.jpg
F:\photo_script\brokenphotodir\gbk_encoding\GooglePhoto___2015___IMG_2045.JPG
F:\photo_script\brokenphotodir\gbk_encoding\GooglePhoto___2015___IMG_2050.JPG
F:\photo_script\brokenphotodir\gbk_encoding\GooglePhoto___2015___IMG_2052.JPG
F:\photo_script\brokenphotodir\gbk_encoding\GooglePhoto___2015___IMG_2063.JPG
F:\photo_script\brokenphotodir\gbk_encoding\GooglePhoto___2015___IMG_2064.JPG
F:\photo_script\brokenphotodir\gbk_encoding\GooglePhoto___2015___IMG_2072.JPG
F:\photo_script\brokenphotodir\gbk_encoding\GooglePhoto___2015___IMG_2112.JPG
F:\photo_script\brokenphotodir\gbk_encoding\GooglePhoto___2015___IMG_3011.JPG
F:\photo_script\brokenphotodir\gbk_encoding\GooglePhoto___2015___IMG_6119.JPG
F:\photo_script\brokenphotodir\gbk_encoding\GooglePhoto___2015___IMG_6120.JPG
F:\photo_script\brokenphotodir\gbk_encoding\GooglePhoto___2015___IMG_6123.JPG
F:\photo_script\brokenphotodir\gbk_encoding\GooglePhoto___2015___IMG_6125.JPG
F:\photo_script\brokenphotodir\gbk_encoding\GooglePhoto___2015___IMG_6132.JPG
F:\photo_script\brokenphotodir\gbk_encoding\GooglePhoto___2015___IMG_7095.JPG
F:\photo_script\brokenphotodir\gbk_encoding\GooglePhoto___2015___∫œ’’2.jpg
F:\photo_script\brokenphotodir\gbk_encoding\GooglePhoto___2016___2016-01-06 091315.jpg
F:\photo_script\brokenphotodir\gbk_encoding\GooglePhoto___2016___2016-01-06 091827.jpg
F:\photo_script\brokenphotodir\gbk_encoding\GooglePhoto___2016___2016-01-06 091828.jpg
F:\photo_script\brokenphotodir\gbk_encoding\GooglePhoto___2016___2016-01-06 091833.jpg
F:\photo_script\brokenphotodir\gbk_encoding\GooglePhoto___2016___2016-01-06 091907.jpg
F:\photo_script\brokenphotodir\gbk_encoding\GooglePhoto___2016___2016-01-06 091910.jpg
F:\photo_script\brokenphotodir\gbk_encoding\GooglePhoto___2016___2016-01-06 091927.jpg
F:\photo_script\brokenphotodir\gbk_encoding\GooglePhoto___2016___2016-01-06 091937.jpg
F:\photo_script\brokenphotodir\gbk_encoding\GooglePhoto___2016___2016-01-06 092042.jpg
F:\photo_script\brokenphotodir\gbk_encoding\GooglePhoto___2016___2016-01-06 092043.jpg
F:\photo_script\brokenphotodir\gbk_encoding\GooglePhoto___2016___2016-01-06 104556.jpg
F:\photo_script\brokenphotodir\gbk_encoding\GooglePhoto___2016___2016-01-06 104648.jpg
F:\photo_script\brokenphotodir\gbk_encoding\GooglePhoto___2016___2016-01-09 140607.jpg
F:\photo_script\brokenphotodir\gbk_encoding\GooglePhoto___2016___2016-01-17 153721.jpg
F:\photo_script\brokenphotodir\gbk_encoding\GooglePhoto___2016___2016-01-17 163442.jpg
F:\photo_script\brokenphotodir\gbk_encoding\GooglePhoto___2016___2016-01-24 141701.jpg
F:\photo_script\brokenphotodir\gbk_encoding\GooglePhoto___2016___2016-01-24 141756.jpg
F:\photo_script\brokenphotodir\gbk_encoding\GooglePhoto___2016___2016-01-24 141815.jpg
F:\photo_script\brokenphotodir\gbk_encoding\GooglePhoto___2016___2016-01-24 141839.jpg
F:\photo_script\brokenphotodir\gbk_encoding\GooglePhoto___2016___2016-01-24 141853.jpg
F:\photo_script\brokenphotodir\gbk_encoding\GooglePhoto___2016___2016-01-24 142131.jpg
F:\photo_script\brokenphotodir\gbk_encoding\GooglePhoto___2016___2016-01-24 152553.jpg
F:\photo_script\brokenphotodir\gbk_encoding\GooglePhoto___2016___2016-01-24 152558.jpg
F:\photo_script\brokenphotodir\gbk_encoding\GooglePhoto___2016___2016-01-24 152603.jpg
F:\photo_script\brokenphotodir\gbk_encoding\GooglePhoto___2016___2016-01-29 191538.jpg
F:\photo_script\brokenphotodir\gbk_encoding\GooglePhoto___2016___2016-01-29 191557.jpg
F:\photo_script\brokenphotodir\gbk_encoding\GooglePhoto___2016___2016-01-30 135618.jpg
F:\photo_script\brokenphotodir\gbk_encoding\GooglePhoto___2016___2016-02-01 195333.jpg
F:\photo_script\brokenphotodir\gbk_encoding\GooglePhoto___2016___2016-02-02 090030.jpg
F:\photo_script\brokenphotodir\gbk_encoding\GooglePhoto___2016___2016-02-02 090051.jpg
F:\photo_script\brokenphotodir\gbk_encoding\GooglePhoto___2016___2016-02-02 090103.jpg
F:\photo_script\brokenphotodir\gbk_encoding\GooglePhoto___2016___2016-02-02 090301.jpg
F:\photo_script\brokenphotodir\gbk_encoding\GooglePhoto___2016___2016-02-02 090307.jpg
F:\photo_script\brokenphotodir\gbk_encoding\GooglePhoto___2016___2016-02-02 090324.jpg
F:\photo_script\brokenphotodir\gbk_encoding\GooglePhoto___2016___2016-02-02 090329.jpg
F:\photo_script\brokenphotodir\gbk_encoding\GooglePhoto___2016___2016-02-03 133046.jpg
F:\photo_script\brokenphotodir\gbk_encoding\GooglePhoto___2016___2016-02-03 133047.jpg
F:\photo_script\brokenphotodir\gbk_encoding\GooglePhoto___2016___2016-02-03 133057.jpg
F:\photo_script\brokenphotodir\gbk_encoding\GooglePhoto___2016___2016-02-03 133111.jpg
F:\photo_script\brokenphotodir\gbk_encoding\GooglePhoto___2016___2016-02-03 133138.jpg
F:\photo_script\brokenphotodir\gbk_encoding\GooglePhoto___2016___2016-02-05 171149.jpg
F:\photo_script\brokenphotodir\gbk_encoding\GooglePhoto___2016___2016-02-05 171203.jpg
F:\photo_script\brokenphotodir\gbk_encoding\GooglePhoto___2016___2016-02-11 111424.jpg
F:\photo_script\brokenphotodir\gbk_encoding\GooglePhoto___2016___2016-02-11 111549.jpg
F:\photo_script\brokenphotodir\gbk_encoding\GooglePhoto___2016___2016-02-21 100507.jpg
F:\photo_script\brokenphotodir\gbk_encoding\GooglePhoto___2016___2016-02-21 100519.jpg
F:\photo_script\brokenphotodir\gbk_encoding\GooglePhoto___2016___2016-02-22 134605.jpg
F:\photo_script\brokenphotodir\gbk_encoding\GooglePhoto___2016___2016-02-22 134626.jpg
F:\photo_script\brokenphotodir\gbk_encoding\GooglePhoto___2016___2016-03-05 141057.jpg
F:\photo_script\brokenphotodir\gbk_encoding\GooglePhoto___2016___2016-08-07 132719.jpg
F:\photo_script\brokenphotodir\gbk_encoding\GooglePhoto___2016___2016-08-07 135420.jpg
F:\photo_script\brokenphotodir\gbk_encoding\GooglePhoto___2016___2016-08-07 151603.jpg
F:\photo_script\brokenphotodir\gbk_encoding\GooglePhoto___2016___2016-08-07 151610.jpg
F:\photo_script\brokenphotodir\gbk_encoding\GooglePhoto___2016___2016-08-07 160704.jpg
F:\photo_script\brokenphotodir\gbk_encoding\GooglePhoto___2016___2016-08-09 170327(1).jpg
F:\photo_script\brokenphotodir\gbk_encoding\GooglePhoto___2016___2016-08-09 170341(1).jpg
F:\photo_script\brokenphotodir\gbk_encoding\GooglePhoto___2016___2016-08-09 170431(1).jpg
F:\photo_script\brokenphotodir\gbk_encoding\GooglePhoto___2016___2016-08-09 171254.jpg
F:\photo_script\brokenphotodir\gbk_encoding\GooglePhoto___2016___2016-08-09 171343.jpg
F:\photo_script\brokenphotodir\gbk_encoding\GooglePhoto___2016___2016-08-09 171601(1).jpg
F:\photo_script\brokenphotodir\gbk_encoding\GooglePhoto___2016___2016-08-09 180551.jpg
F:\photo_script\brokenphotodir\gbk_encoding\GooglePhoto___2016___2016-08-09 205505.jpg
F:\photo_script\brokenphotodir\gbk_encoding\GooglePhoto___2016___2016-08-10 174756.jpg
F:\photo_script\brokenphotodir\gbk_encoding\GooglePhoto___2016___2016-08-10 175236.jpg
F:\photo_script\brokenphotodir\gbk_encoding\GooglePhoto___2016___2016-08-10 175237.jpg
F:\photo_script\brokenphotodir\gbk_encoding\GooglePhoto___2016___2016-08-10 175238.jpg
F:\photo_script\brokenphotodir\gbk_encoding\GooglePhoto___2016___2016-08-10 190337.jpg
F:\photo_script\brokenphotodir\gbk_encoding\GooglePhoto___2016___2016-08-10 200028.jpg
F:\photo_script\brokenphotodir\gbk_encoding\GooglePhoto___2016___2016-08-12 202808.jpg
F:\photo_script\brokenphotodir\gbk_encoding\GooglePhoto___2016___2016-08-12 202810.jpg
F:\photo_script\brokenphotodir\gbk_encoding\GooglePhoto___2016___2016-08-16 133555.jpg
F:\photo_script\brokenphotodir\gbk_encoding\GooglePhoto___2016___2016-08-16 143012.jpg
F:\photo_script\brokenphotodir\gbk_encoding\GooglePhoto___2016___2016-08-16 143410.jpg
F:\photo_script\brokenphotodir\gbk_encoding\GooglePhoto___2016___2016-08-16 143903.jpg
F:\photo_script\brokenphotodir\gbk_encoding\GooglePhoto___2016___2016-08-16 182907(1).jpg
F:\photo_script\brokenphotodir\gbk_encoding\GooglePhoto___2016___2016-08-16 182914.jpg
F:\photo_script\brokenphotodir\gbk_encoding\GooglePhoto___2016___2016-08-20 121759-edited.png
F:\photo_script\brokenphotodir\gbk_encoding\GooglePhoto___2016___2016-08-26 211437.jpg
F:\photo_script\brokenphotodir\gbk_encoding\GooglePhoto___2016___2016-08-28 091837.jpg
F:\photo_script\brokenphotodir\gbk_encoding\GooglePhoto___2016___2016-09-10 143124.jpg
F:\photo_script\brokenphotodir\gbk_encoding\GooglePhoto___2016___2016-09-15 122107.jpg
F:\photo_script\brokenphotodir\gbk_encoding\GooglePhoto___2016___2016-09-15 122318.jpg
F:\photo_script\brokenphotodir\gbk_encoding\GooglePhoto___2016___2016-09-15 182954.jpg
F:\photo_script\brokenphotodir\gbk_encoding\GooglePhoto___2016___2016-09-25 104627.png
F:\photo_script\brokenphotodir\gbk_encoding\GooglePhoto___2016___2016-09-25 104635.png
F:\photo_script\brokenphotodir\gbk_encoding\GooglePhoto___2016___2016-10-02 180018.jpg
F:\photo_script\brokenphotodir\gbk_encoding\GooglePhoto___2016___2016-10-02 180035.jpg
F:\photo_script\brokenphotodir\gbk_encoding\GooglePhoto___2016___2016-10-03 100221.jpg
F:\photo_script\brokenphotodir\gbk_encoding\GooglePhoto___2016___2016-10-03 104606.jpg
F:\photo_script\brokenphotodir\gbk_encoding\GooglePhoto___2016___2016-10-03 104612.jpg
F:\photo_script\brokenphotodir\gbk_encoding\GooglePhoto___2016___2016-10-03 105003.jpg
F:\photo_script\brokenphotodir\gbk_encoding\GooglePhoto___2016___2016-10-03 110417.jpg
F:\photo_script\brokenphotodir\gbk_encoding\GooglePhoto___2016___2016-10-03 115822.jpg
F:\photo_script\brokenphotodir\gbk_encoding\GooglePhoto___2016___2016-10-03 121331.jpg
F:\photo_script\brokenphotodir\gbk_encoding\GooglePhoto___2016___2016-10-03 123357.jpg
F:\photo_script\brokenphotodir\gbk_encoding\GooglePhoto___2016___2016-10-04 094130.jpg
F:\photo_script\brokenphotodir\gbk_encoding\GooglePhoto___2016___2016-10-04 110316.jpg
F:\photo_script\brokenphotodir\gbk_encoding\GooglePhoto___2016___2016-10-16 104256.jpg
F:\photo_script\brokenphotodir\gbk_encoding\GooglePhoto___2016___2016-10-16 111611.jpg
F:\photo_script\brokenphotodir\gbk_encoding\GooglePhoto___2016___2016-10-16 112003.jpg
F:\photo_script\brokenphotodir\gbk_encoding\GooglePhoto___2016___2016-10-16 112106.jpg
F:\photo_script\brokenphotodir\gbk_encoding\GooglePhoto___2016___2016-10-16 112110.jpg
F:\photo_script\brokenphotodir\gbk_encoding\GooglePhoto___2016___2016-10-26 194750.jpg
F:\photo_script\brokenphotodir\gbk_encoding\GooglePhoto___2016___2016-11-06 184347.jpg
F:\photo_script\brokenphotodir\gbk_encoding\GooglePhoto___2016___2016-11-07 094415.jpg
F:\photo_script\brokenphotodir\gbk_encoding\GooglePhoto___2016___2016-11-07 135009.jpg
F:\photo_script\brokenphotodir\gbk_encoding\GooglePhoto___2016___2016-11-11 235043.png
F:\photo_script\brokenphotodir\gbk_encoding\GooglePhoto___2016___2016-12-15 132214.jpg
F:\photo_script\brokenphotodir\gbk_encoding\GooglePhoto___2016___2016-12-26 204622.jpg
F:\photo_script\brokenphotodir\gbk_encoding\GooglePhoto___2016___20160226_IMG_5612.JPG
F:\photo_script\brokenphotodir\gbk_encoding\GooglePhoto___2016___20160305_IMG_1508.JPG
F:\photo_script\brokenphotodir\gbk_encoding\GooglePhoto___2016___20160305_IMG_1523.JPG
F:\photo_script\brokenphotodir\gbk_encoding\GooglePhoto___2016___20160305_IMG_1528.JPG
F:\photo_script\brokenphotodir\gbk_encoding\GooglePhoto___2016___20160305_IMG_1545.JPG
F:\photo_script\brokenphotodir\gbk_encoding\GooglePhoto___2016___20160305_IMG_1559.JPG
F:\photo_script\brokenphotodir\gbk_encoding\GooglePhoto___2016___20160305_IMG_1562.JPG
F:\photo_script\brokenphotodir\gbk_encoding\GooglePhoto___2016___20160305_IMG_1563.JPG
F:\photo_script\brokenphotodir\gbk_encoding\GooglePhoto___2016___20160312_IMG_1861.PNG
F:\photo_script\brokenphotodir\gbk_encoding\GooglePhoto___2016___20160501_IMG_3889.JPG
F:\photo_script\brokenphotodir\gbk_encoding\GooglePhoto___2016___20161003_IMG_3679.JPG
F:\photo_script\brokenphotodir\gbk_encoding\GooglePhoto___2016___20161004_IMG_3697.JPG
F:\photo_script\brokenphotodir\gbk_encoding\GooglePhoto___2016___20161004_IMG_3698.JPG
F:\photo_script\brokenphotodir\gbk_encoding\GooglePhoto___2016___20161004_IMG_3705.JPG
F:\photo_script\brokenphotodir\gbk_encoding\GooglePhoto___2016___20161004_IMG_3706.JPG
F:\photo_script\brokenphotodir\gbk_encoding\GooglePhoto___2016___20161004_IMG_3708.JPG
F:\photo_script\brokenphotodir\gbk_encoding\GooglePhoto___2016___20161004_IMG_3709.JPG
F:\photo_script\brokenphotodir\gbk_encoding\GooglePhoto___2016___20161004_IMG_3713.JPG
F:\photo_script\brokenphotodir\gbk_encoding\GooglePhoto___2016___20161004_IMG_3721.JPG
F:\photo_script\brokenphotodir\gbk_encoding\GooglePhoto___2016___20161004_IMG_3722.JPG
F:\photo_script\brokenphotodir\gbk_encoding\GooglePhoto___2016___20161004_IMG_3732.JPG
F:\photo_script\brokenphotodir\gbk_encoding\GooglePhoto___2016___20161004_IMG_3746.JPG
F:\photo_script\brokenphotodir\gbk_encoding\GooglePhoto___2016___20161004_IMG_3747.JPG
F:\photo_script\brokenphotodir\gbk_encoding\GooglePhoto___2016___20161004_IMG_3748.JPG
F:\photo_script\brokenphotodir\gbk_encoding\GooglePhoto___2016___20161004_IMG_3749.JPG
F:\photo_script\brokenphotodir\gbk_encoding\GooglePhoto___2016___20161004_IMG_3762.JPG
F:\photo_script\brokenphotodir\gbk_encoding\GooglePhoto___2016___20161004_IMG_3763.JPG
F:\photo_script\brokenphotodir\gbk_encoding\GooglePhoto___2016___20161004_IMG_3764.JPG
F:\photo_script\brokenphotodir\gbk_encoding\GooglePhoto___2016___20161004_IMG_3766.JPG
F:\photo_script\brokenphotodir\gbk_encoding\GooglePhoto___2016___20161004_IMG_3768.JPG
F:\photo_script\brokenphotodir\gbk_encoding\GooglePhoto___2016___20161005_IMG_3771.JPG
F:\photo_script\brokenphotodir\gbk_encoding\GooglePhoto___2016___20161005_IMG_3772.JPG
F:\photo_script\brokenphotodir\gbk_encoding\GooglePhoto___2016___20161005_IMG_3773.JPG
F:\photo_script\brokenphotodir\gbk_encoding\GooglePhoto___2016___20161005_IMG_3774.JPG
F:\photo_script\brokenphotodir\gbk_encoding\GooglePhoto___2016___20161005_IMG_3777.JPG
F:\photo_script\brokenphotodir\gbk_encoding\GooglePhoto___2016___20161005_IMG_3805.JPG
F:\photo_script\brokenphotodir\gbk_encoding\GooglePhoto___2016___20161005_IMG_3812.JPG
F:\photo_script\brokenphotodir\gbk_encoding\GooglePhoto___2016___20161005_IMG_3813.JPG
F:\photo_script\brokenphotodir\gbk_encoding\GooglePhoto___2016___20161005_IMG_3815.JPG
F:\photo_script\brokenphotodir\gbk_encoding\GooglePhoto___2016___20161010_IMG_3841.JPG
F:\photo_script\brokenphotodir\gbk_encoding\GooglePhoto___2016___20161010_IMG_3842.JPG
F:\photo_script\brokenphotodir\gbk_encoding\GooglePhoto___2016___20161010_IMG_3844.JPG
F:\photo_script\brokenphotodir\gbk_encoding\GooglePhoto___2016___20161010_IMG_3845.JPG
F:\photo_script\brokenphotodir\gbk_encoding\GooglePhoto___2016___20161010_IMG_3847.JPG
F:\photo_script\brokenphotodir\gbk_encoding\GooglePhoto___2016___20161010_IMG_3849 (2).JPG
F:\photo_script\brokenphotodir\gbk_encoding\GooglePhoto___2016___20161010_IMG_3850.JPG
F:\photo_script\brokenphotodir\gbk_encoding\GooglePhoto___2016___20161010_IMG_3852 (2).JPG
F:\photo_script\brokenphotodir\gbk_encoding\GooglePhoto___2016___20161010_IMG_3853 (2).JPG
F:\photo_script\brokenphotodir\gbk_encoding\GooglePhoto___2016___20161010_IMG_3855 (2).JPG
F:\photo_script\brokenphotodir\gbk_encoding\GooglePhoto___2016___20161010_IMG_3856 (2).JPG
F:\photo_script\brokenphotodir\gbk_encoding\GooglePhoto___2016___20161010_IMG_3860.JPG
F:\photo_script\brokenphotodir\gbk_encoding\GooglePhoto___2016___20161010_IMG_3927.JPG
F:\photo_script\brokenphotodir\gbk_encoding\GooglePhoto___2016___20161016_IMG_3881.JPG
F:\photo_script\brokenphotodir\gbk_encoding\GooglePhoto___2016___20161111_IMG_0545.JPG
F:\photo_script\brokenphotodir\gbk_encoding\GooglePhoto___2016___20161202_IMG_1929.JPG
F:\photo_script\brokenphotodir\gbk_encoding\GooglePhoto___2016___COLOR_POP.jpg
F:\photo_script\brokenphotodir\gbk_encoding\GooglePhoto___2016___DSC00335 (1).JPG
F:\photo_script\brokenphotodir\gbk_encoding\GooglePhoto___2016___DSC00335.JPG
F:\photo_script\brokenphotodir\gbk_encoding\GooglePhoto___2016___IMG_0547.JPG
F:\photo_script\brokenphotodir\gbk_encoding\GooglePhoto___2016___IMG_1083.JPG
F:\photo_script\brokenphotodir\gbk_encoding\GooglePhoto___2016___IMG_1084.JPG
F:\photo_script\brokenphotodir\gbk_encoding\GooglePhoto___2016___IMG_1512.JPG
F:\photo_script\brokenphotodir\gbk_encoding\GooglePhoto___2016___IMG_1564.JPG
F:\photo_script\brokenphotodir\gbk_encoding\GooglePhoto___2016___IMG_1921.JPG
F:\photo_script\brokenphotodir\gbk_encoding\GooglePhoto___2016___IMG_1931.PNG
F:\photo_script\brokenphotodir\gbk_encoding\GooglePhoto___2016___IMG_1941.JPG
F:\photo_script\brokenphotodir\gbk_encoding\GooglePhoto___2016___IMG_1944.JPG
F:\photo_script\brokenphotodir\gbk_encoding\GooglePhoto___2016___IMG_20160129_220857.jpg
F:\photo_script\brokenphotodir\gbk_encoding\GooglePhoto___2016___IMG_20160129_220952.jpg
F:\photo_script\brokenphotodir\gbk_encoding\GooglePhoto___2016___IMG_20160205_200429.jpg
F:\photo_script\brokenphotodir\gbk_encoding\GooglePhoto___2016___IMG_20160205_212654.jpg
F:\photo_script\brokenphotodir\gbk_encoding\GooglePhoto___2016___IMG_3695.JPG
F:\photo_script\brokenphotodir\gbk_encoding\GooglePhoto___2016___IMG_3696.JPG
F:\photo_script\brokenphotodir\gbk_encoding\GooglePhoto___2016___IMG_3700.JPG
F:\photo_script\brokenphotodir\gbk_encoding\GooglePhoto___2016___IMG_3707.JPG
F:\photo_script\brokenphotodir\gbk_encoding\GooglePhoto___2016___IMG_3710(1).JPG
F:\photo_script\brokenphotodir\gbk_encoding\GooglePhoto___2016___IMG_3714.JPG
F:\photo_script\brokenphotodir\gbk_encoding\GooglePhoto___2016___IMG_3723.JPG
F:\photo_script\brokenphotodir\gbk_encoding\GooglePhoto___2016___IMG_3745.JPG
F:\photo_script\brokenphotodir\gbk_encoding\GooglePhoto___2016___IMG_3750.JPG
F:\photo_script\brokenphotodir\gbk_encoding\GooglePhoto___2016___IMG_3751.JPG
F:\photo_script\brokenphotodir\gbk_encoding\GooglePhoto___2016___IMG_3761.JPG
F:\photo_script\brokenphotodir\gbk_encoding\GooglePhoto___2016___IMG_3767.JPG
F:\photo_script\brokenphotodir\gbk_encoding\GooglePhoto___2016___IMG_3770.JPG
F:\photo_script\brokenphotodir\gbk_encoding\GooglePhoto___2016___IMG_3816.JPG
F:\photo_script\brokenphotodir\gbk_encoding\GooglePhoto___2016___IMG_3887.JPG
F:\photo_script\brokenphotodir\gbk_encoding\GooglePhoto___2016___IMG_3888.JPG
F:\photo_script\brokenphotodir\gbk_encoding\GooglePhoto___2016___IMG_4913.JPG
F:\photo_script\brokenphotodir\gbk_encoding\GooglePhoto___2016___IMG_5197.JPG
F:\photo_script\brokenphotodir\gbk_encoding\GooglePhoto___2016___IMG_5198.JPG
F:\photo_script\brokenphotodir\gbk_encoding\GooglePhoto___2016___IMG_5773.PNG
F:\photo_script\brokenphotodir\gbk_encoding\GooglePhoto___2016___IMG_5774.JPG
F:\photo_script\brokenphotodir\gbk_encoding\GooglePhoto___2016___IMG_6139.JPG
F:\photo_script\brokenphotodir\gbk_encoding\GooglePhoto___2016___IMG_6140.JPG
F:\photo_script\brokenphotodir\gbk_encoding\GooglePhoto___2016___IMG_7217.JPG
F:\photo_script\brokenphotodir\gbk_encoding\GooglePhoto___2016___IMG_8037.JPG
F:\photo_script\brokenphotodir\gbk_encoding\GooglePhoto___2016___IMG_8158.JPG
F:\photo_script\brokenphotodir\gbk_encoding\GooglePhoto___2016___IMG_9935.PNG
F:\photo_script\brokenphotodir\gbk_encoding\GooglePhoto___2016___IMG_9949.JPG
F:\photo_script\brokenphotodir\gbk_encoding\GooglePhoto___2016___IMG_9956.JPG
F:\photo_script\brokenphotodir\gbk_encoding\GooglePhoto___2016___ourClass.jpg
