F:\photo_script\brokenphotodir\gbk_encoding\GooglePhoto___2018___20180206_084242942_iOS.jpg
F:\photo_script\brokenphotodir\gbk_encoding\GooglePhoto___2018___20180206_084243042_iOS.jpg
F:\photo_script\brokenphotodir\gbk_encoding\GooglePhoto___2018___20180206_084254723_iOS.jpg
F:\photo_script\brokenphotodir\gbk_encoding\GooglePhoto___2018___20180207_043745419_iOS.jpg
F:\photo_script\brokenphotodir\gbk_encoding\GooglePhoto___2018___20180207_043844755_iOS.jpg
F:\photo_script\brokenphotodir\gbk_encoding\GooglePhoto___2018___20180208_022103738_iOS.jpg
F:\photo_script\brokenphotodir\gbk_encoding\GooglePhoto___2018___20180209_021605270_iOS.jpg
F:\photo_script\brokenphotodir\gbk_encoding\GooglePhoto___2018___20180209_121831243_iOS.jpg
F:\photo_script\brokenphotodir\gbk_encoding\GooglePhoto___2018___20180209_121845872_iOS.jpg
F:\photo_script\brokenphotodir\gbk_encoding\GooglePhoto___2018___20180210_050320222_iOS.jpg
F:\photo_script\brokenphotodir\gbk_encoding\GooglePhoto___2018___20180210_104642585_iOS.jpg
F:\photo_script\brokenphotodir\gbk_encoding\GooglePhoto___2018___20180210_104756596_iOS.jpg
F:\photo_script\brokenphotodir\gbk_encoding\GooglePhoto___2018___20180210_104843933_iOS.jpg
F:\photo_script\brokenphotodir\gbk_encoding\GooglePhoto___2018___20180210_105105456_iOS.jpg
F:\photo_script\brokenphotodir\gbk_encoding\GooglePhoto___2018___20180212_140833000_iOS.jpg
F:\photo_script\brokenphotodir\gbk_encoding\GooglePhoto___2018___20180219_075131379_iOS.jpg
F:\photo_script\brokenphotodir\gbk_encoding\GooglePhoto___2018___20180221_105346878_iOS.png
F:\photo_script\brokenphotodir\gbk_encoding\GooglePhoto___2018___20180223_052244011_iOS.png
F:\photo_script\brokenphotodir\gbk_encoding\GooglePhoto___2018___20180223_154443084_iOS.jpg
F:\photo_script\brokenphotodir\gbk_encoding\GooglePhoto___2018___20180224_142029701_iOS.jpg
F:\photo_script\brokenphotodir\gbk_encoding\GooglePhoto___2018___20180225_042615993_iOS.jpg
F:\photo_script\brokenphotodir\gbk_encoding\GooglePhoto___2018___20180225_042644375_iOS.jpg
F:\photo_script\brokenphotodir\gbk_encoding\GooglePhoto___2018___20180226_033846623_iOS.jpg
F:\photo_script\brokenphotodir\gbk_encoding\GooglePhoto___2018___20180226_033846723_iOS.jpg
F:\photo_script\brokenphotodir\gbk_encoding\GooglePhoto___2018___20180226_034140311_iOS.jpg
F:\photo_script\brokenphotodir\gbk_encoding\GooglePhoto___2018___20180226_052433010_iOS.jpg
F:\photo_script\brokenphotodir\gbk_encoding\GooglePhoto___2018___20180226_080342958_iOS.jpg
F:\photo_script\brokenphotodir\gbk_encoding\GooglePhoto___2018___20180227_102945537_iOS.jpg
F:\photo_script\brokenphotodir\gbk_encoding\GooglePhoto___2018___20180227_IMG_5581.JPG
F:\photo_script\brokenphotodir\gbk_encoding\GooglePhoto___2018___20180228_101507476_iOS.jpg
F:\photo_script\brokenphotodir\gbk_encoding\GooglePhoto___2018___20180301_112519929_iOS.jpg
F:\photo_script\brokenphotodir\gbk_encoding\GooglePhoto___2018___20180301_135921872_iOS.jpg
F:\photo_script\brokenphotodir\gbk_encoding\GooglePhoto___2018___20180301_135956316_iOS.jpg
F:\photo_script\brokenphotodir\gbk_encoding\GooglePhoto___2018___20180301_135958186_iOS.jpg
F:\photo_script\brokenphotodir\gbk_encoding\GooglePhoto___2018___20180301_140324518_iOS.jpg
F:\photo_script\brokenphotodir\gbk_encoding\GooglePhoto___2018___20180301_141546246_iOS.jpg
F:\photo_script\brokenphotodir\gbk_encoding\GooglePhoto___2018___20180301_141608609_iOS.jpg
F:\photo_script\brokenphotodir\gbk_encoding\GooglePhoto___2018___20180301_145252097_iOS.jpg
F:\photo_script\brokenphotodir\gbk_encoding\GooglePhoto___2018___20180301_150910847_iOS.jpg
F:\photo_script\brokenphotodir\gbk_encoding\GooglePhoto___2018___20180302_082817397_iOS.jpg
F:\photo_script\brokenphotodir\gbk_encoding\GooglePhoto___2018___20180303_065556533_iOS.jpg
F:\photo_script\brokenphotodir\gbk_encoding\GooglePhoto___2018___20180303_083020603_iOS.jpg
F:\photo_script\brokenphotodir\gbk_encoding\GooglePhoto___2018___20180303_083020703_iOS.jpg
F:\photo_script\brokenphotodir\gbk_encoding\GooglePhoto___2018___20180303_083051641_iOS.jpg
F:\photo_script\brokenphotodir\gbk_encoding\GooglePhoto___2018___20180303_083051741_iOS.jpg
F:\photo_script\brokenphotodir\gbk_encoding\GooglePhoto___2018___20180303_103645809_iOS.jpg
F:\photo_script\brokenphotodir\gbk_encoding\GooglePhoto___2018___20180303_104338537_iOS.jpg
F:\photo_script\brokenphotodir\gbk_encoding\GooglePhoto___2018___20180303_104340384_iOS.jpg
F:\photo_script\brokenphotodir\gbk_encoding\GooglePhoto___2018___20180308_093303809_iOS.jpg
F:\photo_script\brokenphotodir\gbk_encoding\GooglePhoto___2018___20180308_093303908_iOS.jpg
F:\photo_script\brokenphotodir\gbk_encoding\GooglePhoto___2018___20180308_093313664_iOS.jpg
F:\photo_script\brokenphotodir\gbk_encoding\GooglePhoto___2018___20180308_093313764_iOS.jpg
F:\photo_script\brokenphotodir\gbk_encoding\GooglePhoto___2018___20180308_093324963_iOS.jpg
F:\photo_script\brokenphotodir\gbk_encoding\GooglePhoto___2018___20180308_093325063_iOS.jpg
F:\photo_script\brokenphotodir\gbk_encoding\GooglePhoto___2018___20180308_120916874_iOS.jpg
F:\photo_script\brokenphotodir\gbk_encoding\GooglePhoto___2018___20180308_120926947_iOS.jpg
F:\photo_script\brokenphotodir\gbk_encoding\GooglePhoto___2018___20180311_IMG_5604.JPG
F:\photo_script\brokenphotodir\gbk_encoding\GooglePhoto___2018___20180312_053902692_iOS.jpg
F:\photo_script\brokenphotodir\gbk_encoding\GooglePhoto___2018___20180514_IMG_1338.JPG
F:\photo_script\brokenphotodir\gbk_encoding\GooglePhoto___2018___20180514_IMG_1339.JPG
F:\photo_script\brokenphotodir\gbk_encoding\GooglePhoto___2018___20180514_IMG_1340.JPG
F:\photo_script\brokenphotodir\gbk_encoding\GooglePhoto___2018___20180514_IMG_1341.JPG
F:\photo_script\brokenphotodir\gbk_encoding\GooglePhoto___2018___20180514_IMG_1342.JPG
F:\photo_script\brokenphotodir\gbk_encoding\GooglePhoto___2018___20180514_IMG_1344.JPG
F:\photo_script\brokenphotodir\gbk_encoding\GooglePhoto___2018___7A2DA382-9992-4828-9613-B161965D89DF_big.jpg
F:\photo_script\brokenphotodir\gbk_encoding\GooglePhoto___2018___camera-1-1393909243235.jpg
F:\photo_script\brokenphotodir\gbk_encoding\GooglePhoto___2018___DSC00057.JPG
F:\photo_script\brokenphotodir\gbk_encoding\GooglePhoto___2018___DSC00350.JPG
F:\photo_script\brokenphotodir\gbk_encoding\GooglePhoto___2018___DSC00466.JPG
F:\photo_script\brokenphotodir\gbk_encoding\GooglePhoto___2018___DSC00503.JPG
F:\photo_script\brokenphotodir\gbk_encoding\GooglePhoto___2018___DSC00523.JPG
F:\photo_script\brokenphotodir\gbk_encoding\GooglePhoto___2018___DSC00524.JPG
F:\photo_script\brokenphotodir\gbk_encoding\GooglePhoto___2018___DSC00530.JPG
F:\photo_script\brokenphotodir\gbk_encoding\GooglePhoto___2018___DSC00608.JPG
F:\photo_script\brokenphotodir\gbk_encoding\GooglePhoto___2018___DSC00618.JPG
F:\photo_script\brokenphotodir\gbk_encoding\GooglePhoto___2018___DSC00619.JPG
F:\photo_script\brokenphotodir\gbk_encoding\GooglePhoto___2018___DSC00621.JPG
F:\photo_script\brokenphotodir\gbk_encoding\GooglePhoto___2018___DSC00644.JPG
F:\photo_script\brokenphotodir\gbk_encoding\GooglePhoto___2018___DSC00654.JPG
F:\photo_script\brokenphotodir\gbk_encoding\GooglePhoto___2018___DSC00656.JPG
F:\photo_script\brokenphotodir\gbk_encoding\GooglePhoto___2018___DSC00659.JPG
F:\photo_script\brokenphotodir\gbk_encoding\GooglePhoto___2018___DSC00661.JPG
F:\photo_script\brokenphotodir\gbk_encoding\GooglePhoto___2018___DSC00682.JPG
F:\photo_script\brokenphotodir\gbk_encoding\GooglePhoto___2018___DSC00702.JPG
F:\photo_script\brokenphotodir\gbk_encoding\GooglePhoto___2018___DSC00704.JPG
F:\photo_script\brokenphotodir\gbk_encoding\GooglePhoto___2018___DSC00706.JPG
F:\photo_script\brokenphotodir\gbk_encoding\GooglePhoto___2018___DSC00712.JPG
F:\photo_script\brokenphotodir\gbk_encoding\GooglePhoto___2018___DSC00714.JPG
F:\photo_script\brokenphotodir\gbk_encoding\GooglePhoto___2018___DSC00717.JPG
F:\photo_script\brokenphotodir\gbk_encoding\GooglePhoto___2018___DSC00723.JPG
F:\photo_script\brokenphotodir\gbk_encoding\GooglePhoto___2018___DSC00745.JPG
F:\photo_script\brokenphotodir\gbk_encoding\GooglePhoto___2018___DSC00748.JPG
F:\photo_script\brokenphotodir\gbk_encoding\GooglePhoto___2018___DSC00750.JPG
F:\photo_script\brokenphotodir\gbk_encoding\GooglePhoto___2018___DSC00751.JPG
F:\photo_script\brokenphotodir\gbk_encoding\GooglePhoto___2018___DSC00752.JPG
F:\photo_script\brokenphotodir\gbk_encoding\GooglePhoto___2018___DSC00758.JPG
F:\photo_script\brokenphotodir\gbk_encoding\GooglePhoto___2018___DSC00767.JPG
F:\photo_script\brokenphotodir\gbk_encoding\GooglePhoto___2018___DSC00786.JPG
F:\photo_script\brokenphotodir\gbk_encoding\GooglePhoto___2018___DSC00853.JPG
F:\photo_script\brokenphotodir\gbk_encoding\GooglePhoto___2018___DSC00855.JPG
F:\photo_script\brokenphotodir\gbk_encoding\GooglePhoto___2018___DSC00877.JPG
F:\photo_script\brokenphotodir\gbk_encoding\GooglePhoto___2018___DSC00881.JPG
F:\photo_script\brokenphotodir\gbk_encoding\GooglePhoto___2018___DSC00920.JPG
F:\photo_script\brokenphotodir\gbk_encoding\GooglePhoto___2018___DSC00921.JPG
F:\photo_script\brokenphotodir\gbk_encoding\GooglePhoto___2018___DSC00922.JPG
F:\photo_script\brokenphotodir\gbk_encoding\GooglePhoto___2018___DSC00949.JPG
F:\photo_script\brokenphotodir\gbk_encoding\GooglePhoto___2018___DSC00971.JPG
F:\photo_script\brokenphotodir\gbk_encoding\GooglePhoto___2018___DSC00982.JPG
F:\photo_script\brokenphotodir\gbk_encoding\GooglePhoto___2018___DSC01016.JPG
F:\photo_script\brokenphotodir\gbk_encoding\GooglePhoto___2018___DSC01033.JPG
F:\photo_script\brokenphotodir\gbk_encoding\GooglePhoto___2018___DSC01039.JPG
F:\photo_script\brokenphotodir\gbk_encoding\GooglePhoto___2018___img(10).jpg
F:\photo_script\brokenphotodir\gbk_encoding\GooglePhoto___2018___img(11).jpg
F:\photo_script\brokenphotodir\gbk_encoding\GooglePhoto___2018___img(14).jpg
F:\photo_script\brokenphotodir\gbk_encoding\GooglePhoto___2018___IMG20180401143750.jpg
F:\photo_script\brokenphotodir\gbk_encoding\GooglePhoto___2018___IMG20180408204917.jpg
F:\photo_script\brokenphotodir\gbk_encoding\GooglePhoto___2018___IMG20180409104421.jpg
F:\photo_script\brokenphotodir\gbk_encoding\GooglePhoto___2018___IMG20180414122131.jpg
F:\photo_script\brokenphotodir\gbk_encoding\GooglePhoto___2018___IMG20180414124801.jpg
F:\photo_script\brokenphotodir\gbk_encoding\GooglePhoto___2018___IMG20180414130916.jpg
F:\photo_script\brokenphotodir\gbk_encoding\GooglePhoto___2018___IMG20180414133409.jpg
F:\photo_script\brokenphotodir\gbk_encoding\GooglePhoto___2018___IMG20180425113915.jpg
F:\photo_script\brokenphotodir\gbk_encoding\GooglePhoto___2018___IMG20180426192321.jpg
F:\photo_script\brokenphotodir\gbk_encoding\GooglePhoto___2018___IMG20180513125446.jpg
F:\photo_script\brokenphotodir\gbk_encoding\GooglePhoto___2018___IMG20180519134559.jpg
F:\photo_script\brokenphotodir\gbk_encoding\GooglePhoto___2018___IMG20180602141335.jpg
F:\photo_script\brokenphotodir\gbk_encoding\GooglePhoto___2018___IMG20180602141339.jpg
F:\photo_script\brokenphotodir\gbk_encoding\GooglePhoto___2018___IMG20180602141344.jpg
F:\photo_script\brokenphotodir\gbk_encoding\GooglePhoto___2018___IMG20180602141409.jpg
F:\photo_script\brokenphotodir\gbk_encoding\GooglePhoto___2018___IMG20180602141801.jpg
F:\photo_script\brokenphotodir\gbk_encoding\GooglePhoto___2018___IMG20180602141859.jpg
F:\photo_script\brokenphotodir\gbk_encoding\GooglePhoto___2018___IMG20180602141911.jpg
F:\photo_script\brokenphotodir\gbk_encoding\GooglePhoto___2018___IMG20180602142009.jpg
F:\photo_script\brokenphotodir\gbk_encoding\GooglePhoto___2018___IMG20180602142013.jpg
F:\photo_script\brokenphotodir\gbk_encoding\GooglePhoto___2018___IMG20180602142136.jpg
F:\photo_script\brokenphotodir\gbk_encoding\GooglePhoto___2018___IMG20180602142142.jpg
F:\photo_script\brokenphotodir\gbk_encoding\GooglePhoto___2018___IMG20180602142223.jpg
F:\photo_script\brokenphotodir\gbk_encoding\GooglePhoto___2018___IMG20180617142011.jpg
F:\photo_script\brokenphotodir\gbk_encoding\GooglePhoto___2018___IMG20180617142128.jpg
F:\photo_script\brokenphotodir\gbk_encoding\GooglePhoto___2018___IMG20180723201010.jpg
F:\photo_script\brokenphotodir\gbk_encoding\GooglePhoto___2018___IMG20180723201029.jpg
F:\photo_script\brokenphotodir\gbk_encoding\GooglePhoto___2018___IMG20180723201043.jpg
F:\photo_script\brokenphotodir\gbk_encoding\GooglePhoto___2018___IMG20180723201102.jpg
F:\photo_script\brokenphotodir\gbk_encoding\GooglePhoto___2018___IMG20180723201110.jpg
F:\photo_script\brokenphotodir\gbk_encoding\GooglePhoto___2018___IMG20180723201112.jpg
F:\photo_script\brokenphotodir\gbk_encoding\GooglePhoto___2018___IMG20180723201122.jpg
F:\photo_script\brokenphotodir\gbk_encoding\GooglePhoto___2018___IMG20180723201123.jpg
F:\photo_script\brokenphotodir\gbk_encoding\GooglePhoto___2018___IMG20180723201159.jpg
F:\photo_script\brokenphotodir\gbk_encoding\GooglePhoto___2018___IMG20180723201203.jpg
F:\photo_script\brokenphotodir\gbk_encoding\GooglePhoto___2018___IMG20180723201205.jpg
F:\photo_script\brokenphotodir\gbk_encoding\GooglePhoto___2018___IMG20180723201235.jpg
F:\photo_script\brokenphotodir\gbk_encoding\GooglePhoto___2018___IMG20180723201236.jpg
F:\photo_script\brokenphotodir\gbk_encoding\GooglePhoto___2018___IMG20180804142029.jpg
F:\photo_script\brokenphotodir\gbk_encoding\GooglePhoto___2018___IMG20180804142051.jpg
F:\photo_script\brokenphotodir\gbk_encoding\GooglePhoto___2018___IMG20180804162422.jpg
F:\photo_script\brokenphotodir\gbk_encoding\GooglePhoto___2018___IMG20180811130607.jpg
F:\photo_script\brokenphotodir\gbk_encoding\GooglePhoto___2018___IMG20180811130610.jpg
F:\photo_script\brokenphotodir\gbk_encoding\GooglePhoto___2018___IMG20180811130631.jpg
F:\photo_script\brokenphotodir\gbk_encoding\GooglePhoto___2018___IMG20180826124511.jpg
F:\photo_script\brokenphotodir\gbk_encoding\GooglePhoto___2018___IMG20180826124513.jpg
F:\photo_script\brokenphotodir\gbk_encoding\GooglePhoto___2018___IMG20180927155137.jpg
F:\photo_script\brokenphotodir\gbk_encoding\GooglePhoto___2018___IMG20181001185741.jpg
F:\photo_script\brokenphotodir\gbk_encoding\GooglePhoto___2018___IMG20181001185758.jpg
F:\photo_script\brokenphotodir\gbk_encoding\GooglePhoto___2018___IMG20181001185850.jpg
F:\photo_script\brokenphotodir\gbk_encoding\GooglePhoto___2018___IMG20181005115431.jpg
F:\photo_script\brokenphotodir\gbk_encoding\GooglePhoto___2018___IMG20181016184148.jpg
F:\photo_script\brokenphotodir\gbk_encoding\GooglePhoto___2018___IMG20181017164029.jpg
F:\photo_script\brokenphotodir\gbk_encoding\GooglePhoto___2018___IMG20181017213511.jpg
F:\photo_script\brokenphotodir\gbk_encoding\GooglePhoto___2018___IMG20181027103244.jpg
F:\photo_script\brokenphotodir\gbk_encoding\GooglePhoto___2018___IMG20181027103317-COLLAGE.jpg
F:\photo_script\brokenphotodir\gbk_encoding\GooglePhoto___2018___IMG20181027103317.jpg
F:\photo_script\brokenphotodir\gbk_encoding\GooglePhoto___2018___IMG20181027103322.jpg
F:\photo_script\brokenphotodir\gbk_encoding\GooglePhoto___2018___IMG20181027103753.jpg
F:\photo_script\brokenphotodir\gbk_encoding\GooglePhoto___2018___IMG20181027103838.jpg
F:\photo_script\brokenphotodir\gbk_encoding\GooglePhoto___2018___IMG20181027104041.jpg
F:\photo_script\brokenphotodir\gbk_encoding\GooglePhoto___2018___IMG20181027104706.jpg
F:\photo_script\brokenphotodir\gbk_encoding\GooglePhoto___2018___IMG20181027104714.jpg
F:\photo_script\brokenphotodir\gbk_encoding\GooglePhoto___2018___IMG20181027104746.jpg
F:\photo_script\brokenphotodir\gbk_encoding\GooglePhoto___2018___IMG20181027104810.jpg
F:\photo_script\brokenphotodir\gbk_encoding\GooglePhoto___2018___IMG20181027105005.jpg
F:\photo_script\brokenphotodir\gbk_encoding\GooglePhoto___2018___IMG20181027105207.jpg
F:\photo_script\brokenphotodir\gbk_encoding\GooglePhoto___2018___IMG20181027105223.jpg
F:\photo_script\brokenphotodir\gbk_encoding\GooglePhoto___2018___IMG20181027105235.jpg
F:\photo_script\brokenphotodir\gbk_encoding\GooglePhoto___2018___IMG20181027105250.jpg
F:\photo_script\brokenphotodir\gbk_encoding\GooglePhoto___2018___IMG20181027151327.jpg
F:\photo_script\brokenphotodir\gbk_encoding\GooglePhoto___2018___IMG20181028121111.jpg
F:\photo_script\brokenphotodir\gbk_encoding\GooglePhoto___2018___IMG20181208130328.jpg
F:\photo_script\brokenphotodir\gbk_encoding\GooglePhoto___2018___IMG20181208130342.jpg
F:\photo_script\brokenphotodir\gbk_encoding\GooglePhoto___2018___IMG_024.jpg
F:\photo_script\brokenphotodir\gbk_encoding\GooglePhoto___2018___IMG_0244.JPG
F:\photo_script\brokenphotodir\gbk_encoding\GooglePhoto___2018___IMG_042.jpg
F:\photo_script\brokenphotodir\gbk_encoding\GooglePhoto___2018___IMG_0649.JPG
F:\photo_script\brokenphotodir\gbk_encoding\GooglePhoto___2018___IMG_065.jpg
F:\photo_script\brokenphotodir\gbk_encoding\GooglePhoto___2018___IMG_0672.JPG
F:\photo_script\brokenphotodir\gbk_encoding\GooglePhoto___2018___IMG_0673.JPG
F:\photo_script\brokenphotodir\gbk_encoding\GooglePhoto___2018___IMG_1003.JPG
F:\photo_script\brokenphotodir\gbk_encoding\GooglePhoto___2018___IMG_1004.JPG
F:\photo_script\brokenphotodir\gbk_encoding\GooglePhoto___2018___IMG_1005.JPG
F:\photo_script\brokenphotodir\gbk_encoding\GooglePhoto___2018___IMG_1170.JPG
F:\photo_script\brokenphotodir\gbk_encoding\GooglePhoto___2018___IMG_1379.JPG
F:\photo_script\brokenphotodir\gbk_encoding\GooglePhoto___2018___IMG_1393.JPG
F:\photo_script\brokenphotodir\gbk_encoding\GooglePhoto___2018___IMG_1398.JPG
F:\photo_script\brokenphotodir\gbk_encoding\GooglePhoto___2018___IMG_1448.JPG
F:\photo_script\brokenphotodir\gbk_encoding\GooglePhoto___2018___IMG_1449.JPG
F:\photo_script\brokenphotodir\gbk_encoding\GooglePhoto___2018___IMG_1474.JPG
F:\photo_script\brokenphotodir\gbk_encoding\GooglePhoto___2018___IMG_1502.JPG
F:\photo_script\brokenphotodir\gbk_encoding\GooglePhoto___2018___IMG_1506.PNG
F:\photo_script\brokenphotodir\gbk_encoding\GooglePhoto___2018___IMG_1531.JPG
F:\photo_script\brokenphotodir\gbk_encoding\GooglePhoto___2018___IMG_1565.PNG
F:\photo_script\brokenphotodir\gbk_encoding\GooglePhoto___2018___IMG_1569.JPG
F:\photo_script\brokenphotodir\gbk_encoding\GooglePhoto___2018___IMG_1589.PNG
F:\photo_script\brokenphotodir\gbk_encoding\GooglePhoto___2018___IMG_1591.JPG
F:\photo_script\brokenphotodir\gbk_encoding\GooglePhoto___2018___IMG_1592.JPG
F:\photo_script\brokenphotodir\gbk_encoding\GooglePhoto___2018___IMG_1621.JPG
F:\photo_script\brokenphotodir\gbk_encoding\GooglePhoto___2018___IMG_1622.JPG
F:\photo_script\brokenphotodir\gbk_encoding\GooglePhoto___2018___IMG_1623.JPG
F:\photo_script\brokenphotodir\gbk_encoding\GooglePhoto___2018___IMG_1681.JPG
F:\photo_script\brokenphotodir\gbk_encoding\GooglePhoto___2018___IMG_1683.JPG
F:\photo_script\brokenphotodir\gbk_encoding\GooglePhoto___2018___IMG_1688.JPG
F:\photo_script\brokenphotodir\gbk_encoding\GooglePhoto___2018___IMG_1754.JPG
F:\photo_script\brokenphotodir\gbk_encoding\GooglePhoto___2018___IMG_1755.JPG
F:\photo_script\brokenphotodir\gbk_encoding\GooglePhoto___2018___IMG_1757.JPG
F:\photo_script\brokenphotodir\gbk_encoding\GooglePhoto___2018___IMG_1762.JPG
F:\photo_script\brokenphotodir\gbk_encoding\GooglePhoto___2018___IMG_1766.JPG
F:\photo_script\brokenphotodir\gbk_encoding\GooglePhoto___2018___IMG_1771.JPG
F:\photo_script\brokenphotodir\gbk_encoding\GooglePhoto___2018___IMG_1774.JPG
F:\photo_script\brokenphotodir\gbk_encoding\GooglePhoto___2018___IMG_1783.JPG
F:\photo_script\brokenphotodir\gbk_encoding\GooglePhoto___2018___IMG_1795.JPG
F:\photo_script\brokenphotodir\gbk_encoding\GooglePhoto___2018___IMG_1800.JPG
F:\photo_script\brokenphotodir\gbk_encoding\GooglePhoto___2018___IMG_1801.JPG
F:\photo_script\brokenphotodir\gbk_encoding\GooglePhoto___2018___IMG_1802.JPG
F:\photo_script\brokenphotodir\gbk_encoding\GooglePhoto___2018___IMG_1810.JPG
F:\photo_script\brokenphotodir\gbk_encoding\GooglePhoto___2018___IMG_1819.JPG
F:\photo_script\brokenphotodir\gbk_encoding\GooglePhoto___2018___IMG_1828.JPG
F:\photo_script\brokenphotodir\gbk_encoding\GooglePhoto___2018___IMG_1830.JPG
F:\photo_script\brokenphotodir\gbk_encoding\GooglePhoto___2018___IMG_1849.JPG
F:\photo_script\brokenphotodir\gbk_encoding\GooglePhoto___2018___IMG_1853.JPG
F:\photo_script\brokenphotodir\gbk_encoding\GooglePhoto___2018___IMG_1859(1).JPG
F:\photo_script\brokenphotodir\gbk_encoding\GooglePhoto___2018___IMG_1883.JPG
F:\photo_script\brokenphotodir\gbk_encoding\GooglePhoto___2018___IMG_1895.JPG
F:\photo_script\brokenphotodir\gbk_encoding\GooglePhoto___2018___IMG_1909.JPG
F:\photo_script\brokenphotodir\gbk_encoding\GooglePhoto___2018___IMG_1916.JPG
F:\photo_script\brokenphotodir\gbk_encoding\GooglePhoto___2018___IMG_1918.JPG
F:\photo_script\brokenphotodir\gbk_encoding\GooglePhoto___2018___IMG_1919(1).JPG
F:\photo_script\brokenphotodir\gbk_encoding\GooglePhoto___2018___IMG_1919.JPG
F:\photo_script\brokenphotodir\gbk_encoding\GooglePhoto___2018___IMG_1925.JPG
F:\photo_script\brokenphotodir\gbk_encoding\GooglePhoto___2018___IMG_1926.JPG
F:\photo_script\brokenphotodir\gbk_encoding\GooglePhoto___2018___IMG_1937.JPG
F:\photo_script\brokenphotodir\gbk_encoding\GooglePhoto___2018___IMG_1939.JPG
F:\photo_script\brokenphotodir\gbk_encoding\GooglePhoto___2018___IMG_1945(1).JPG
F:\photo_script\brokenphotodir\gbk_encoding\GooglePhoto___2018___IMG_1945.JPG
F:\photo_script\brokenphotodir\gbk_encoding\GooglePhoto___2018___IMG_1951.JPG
F:\photo_script\brokenphotodir\gbk_encoding\GooglePhoto___2018___IMG_1962.JPG
F:\photo_script\brokenphotodir\gbk_encoding\GooglePhoto___2018___IMG_1968.JPG
F:\photo_script\brokenphotodir\gbk_encoding\GooglePhoto___2018___IMG_1972.JPG
F:\photo_script\brokenphotodir\gbk_encoding\GooglePhoto___2018___IMG_1985.JPG
F:\photo_script\brokenphotodir\gbk_encoding\GooglePhoto___2018___IMG_1986.JPG
F:\photo_script\brokenphotodir\gbk_encoding\GooglePhoto___2018___IMG_1990.JPG
F:\photo_script\brokenphotodir\gbk_encoding\GooglePhoto___2018___IMG_1992.JPG
F:\photo_script\brokenphotodir\gbk_encoding\GooglePhoto___2018___IMG_1997.JPG
F:\photo_script\brokenphotodir\gbk_encoding\GooglePhoto___2018___IMG_2005.JPG
F:\photo_script\brokenphotodir\gbk_encoding\GooglePhoto___2018___IMG_2009.JPG
F:\photo_script\brokenphotodir\gbk_encoding\GooglePhoto___2018___IMG_2022.JPG
F:\photo_script\brokenphotodir\gbk_encoding\GooglePhoto___2018___IMG_2024.JPG
F:\photo_script\brokenphotodir\gbk_encoding\GooglePhoto___2018___IMG_2026.JPG
F:\photo_script\brokenphotodir\gbk_encoding\GooglePhoto___2018___IMG_2034.JPG
F:\photo_script\brokenphotodir\gbk_encoding\GooglePhoto___2018___IMG_2035.JPG
F:\photo_script\brokenphotodir\gbk_encoding\GooglePhoto___2018___IMG_2039.JPG
F:\photo_script\brokenphotodir\gbk_encoding\GooglePhoto___2018___IMG_2040.JPG
F:\photo_script\brokenphotodir\gbk_encoding\GooglePhoto___2018___IMG_2041.JPG
F:\photo_script\brokenphotodir\gbk_encoding\GooglePhoto___2018___IMG_2047.JPG
F:\photo_script\brokenphotodir\gbk_encoding\GooglePhoto___2018___IMG_2079.JPG
F:\photo_script\brokenphotodir\gbk_encoding\GooglePhoto___2018___IMG_2092.JPG
F:\photo_script\brokenphotodir\gbk_encoding\GooglePhoto___2018___IMG_2097.JPG
F:\photo_script\brokenphotodir\gbk_encoding\GooglePhoto___2018___IMG_2101.JPG
F:\photo_script\brokenphotodir\gbk_encoding\GooglePhoto___2018___IMG_2106.JPG
F:\photo_script\brokenphotodir\gbk_encoding\GooglePhoto___2018___IMG_2139.JPG
F:\photo_script\brokenphotodir\gbk_encoding\GooglePhoto___2018___IMG_2167.JPG
F:\photo_script\brokenphotodir\gbk_encoding\GooglePhoto___2018___IMG_2241.JPG
F:\photo_script\brokenphotodir\gbk_encoding\GooglePhoto___2018___IMG_2267.PNG
F:\photo_script\brokenphotodir\gbk_encoding\GooglePhoto___2018___IMG_2285.PNG
F:\photo_script\brokenphotodir\gbk_encoding\GooglePhoto___2018___IMG_2369.JPG
F:\photo_script\brokenphotodir\gbk_encoding\GooglePhoto___2018___IMG_2370.JPG
F:\photo_script\brokenphotodir\gbk_encoding\GooglePhoto___2018___IMG_2457.JPG
F:\photo_script\brokenphotodir\gbk_encoding\GooglePhoto___2018___IMG_2458.JPG
F:\photo_script\brokenphotodir\gbk_encoding\GooglePhoto___2018___IMG_2471.JPG
F:\photo_script\brokenphotodir\gbk_encoding\GooglePhoto___2018___IMG_2472.JPG
F:\photo_script\brokenphotodir\gbk_encoding\GooglePhoto___2018___IMG_2569.PNG
F:\photo_script\brokenphotodir\gbk_encoding\GooglePhoto___2018___IMG_2591.PNG
F:\photo_script\brokenphotodir\gbk_encoding\GooglePhoto___2018___IMG_2706(1).JPG
F:\photo_script\brokenphotodir\gbk_encoding\GooglePhoto___2018___IMG_2735.JPG
F:\photo_script\brokenphotodir\gbk_encoding\GooglePhoto___2018___IMG_2736.JPG
F:\photo_script\brokenphotodir\gbk_encoding\GooglePhoto___2018___IMG_2741.JPG
F:\photo_script\brokenphotodir\gbk_encoding\GooglePhoto___2018___IMG_2750(1).JPG
F:\photo_script\brokenphotodir\gbk_encoding\GooglePhoto___2018___IMG_2809.JPG
F:\photo_script\brokenphotodir\gbk_encoding\GooglePhoto___2018___IMG_3011.JPG
F:\photo_script\brokenphotodir\gbk_encoding\GooglePhoto___2018___IMG_3012.JPG
F:\photo_script\brokenphotodir\gbk_encoding\GooglePhoto___2018___IMG_3013.JPG
F:\photo_script\brokenphotodir\gbk_encoding\GooglePhoto___2018___IMG_3020.JPG
F:\photo_script\brokenphotodir\gbk_encoding\GooglePhoto___2018___IMG_3022.JPG
F:\photo_script\brokenphotodir\gbk_encoding\GooglePhoto___2018___IMG_3069.JPG
F:\photo_script\brokenphotodir\gbk_encoding\GooglePhoto___2018___IMG_3083.JPG
F:\photo_script\brokenphotodir\gbk_encoding\GooglePhoto___2018___IMG_3084.JPG
F:\photo_script\brokenphotodir\gbk_encoding\GooglePhoto___2018___IMG_3086-COLLAGE.jpg
F:\photo_script\brokenphotodir\gbk_encoding\GooglePhoto___2018___IMG_3089.JPG
F:\photo_script\brokenphotodir\gbk_encoding\GooglePhoto___2018___IMG_3090.JPG
F:\photo_script\brokenphotodir\gbk_encoding\GooglePhoto___2018___IMG_3095.JPG
F:\photo_script\brokenphotodir\gbk_encoding\GooglePhoto___2018___IMG_3128.JPG
F:\photo_script\brokenphotodir\gbk_encoding\GooglePhoto___2018___IMG_3162.PNG
F:\photo_script\brokenphotodir\gbk_encoding\GooglePhoto___2018___IMG_3163.PNG
F:\photo_script\brokenphotodir\gbk_encoding\GooglePhoto___2018___IMG_3170.JPG
F:\photo_script\brokenphotodir\gbk_encoding\GooglePhoto___2018___IMG_3171.JPG
F:\photo_script\brokenphotodir\gbk_encoding\GooglePhoto___2018___IMG_3192.JPG
F:\photo_script\brokenphotodir\gbk_encoding\GooglePhoto___2018___IMG_3219.JPG
F:\photo_script\brokenphotodir\gbk_encoding\GooglePhoto___2018___IMG_3220.JPG
F:\photo_script\brokenphotodir\gbk_encoding\GooglePhoto___2018___IMG_3221.JPG
F:\photo_script\brokenphotodir\gbk_encoding\GooglePhoto___2018___IMG_3222.JPG
F:\photo_script\brokenphotodir\gbk_encoding\GooglePhoto___2018___IMG_3223.JPG
F:\photo_script\brokenphotodir\gbk_encoding\GooglePhoto___2018___IMG_3230.JPG
F:\photo_script\brokenphotodir\gbk_encoding\GooglePhoto___2018___IMG_3262.JPG
F:\photo_script\brokenphotodir\gbk_encoding\GooglePhoto___2018___IMG_3264.JPG
F:\photo_script\brokenphotodir\gbk_encoding\GooglePhoto___2018___IMG_3265.JPG
F:\photo_script\brokenphotodir\gbk_encoding\GooglePhoto___2018___IMG_3266.JPG
F:\photo_script\brokenphotodir\gbk_encoding\GooglePhoto___2018___IMG_3267.JPG
F:\photo_script\brokenphotodir\gbk_encoding\GooglePhoto___2018___IMG_3270.JPG
F:\photo_script\brokenphotodir\gbk_encoding\GooglePhoto___2018___IMG_3315.JPG
