F:\photo_script\brokenphotodir\gbk_encoding\GooglePhoto___2020___IMG_1663.JPG
F:\photo_script\brokenphotodir\gbk_encoding\GooglePhoto___2020___IMG_1712.JPG
F:\photo_script\brokenphotodir\gbk_encoding\GooglePhoto___2020___IMG_1723.JPG
F:\photo_script\brokenphotodir\gbk_encoding\GooglePhoto___2020___IMG_1760.JPG
F:\photo_script\brokenphotodir\gbk_encoding\GooglePhoto___2020___IMG_1838.JPG
F:\photo_script\brokenphotodir\gbk_encoding\GooglePhoto___2020___IMG_2083.JPG
F:\photo_script\brokenphotodir\gbk_encoding\GooglePhoto___2020___IMG_2084.JPG
F:\photo_script\brokenphotodir\gbk_encoding\GooglePhoto___2020___IMG_2085.JPG
F:\photo_script\brokenphotodir\gbk_encoding\GooglePhoto___2020___IMG_2086.JPG
F:\photo_script\brokenphotodir\gbk_encoding\GooglePhoto___2020___IMG_2149.JPG
F:\photo_script\brokenphotodir\gbk_encoding\GooglePhoto___2020___IMG_2189.JPG
F:\photo_script\brokenphotodir\gbk_encoding\GooglePhoto___2020___IMG_2190.JPG
F:\photo_script\brokenphotodir\gbk_encoding\GooglePhoto___2020___IMG_2331.JPG
F:\photo_script\brokenphotodir\gbk_encoding\GooglePhoto___2020___IMG_2332.JPG
F:\photo_script\brokenphotodir\gbk_encoding\GooglePhoto___2020___IMG_2361.PNG
F:\photo_script\brokenphotodir\gbk_encoding\GooglePhoto___2020___IMG_2366.JPG
F:\photo_script\brokenphotodir\gbk_encoding\GooglePhoto___2020___IMG_2367.JPG
F:\photo_script\brokenphotodir\gbk_encoding\GooglePhoto___2020___IMG_2668.JPG
F:\photo_script\brokenphotodir\gbk_encoding\GooglePhoto___2020___IMG_2681.JPG
F:\photo_script\brokenphotodir\gbk_encoding\GooglePhoto___2020___IMG_2693.PNG
F:\photo_script\brokenphotodir\gbk_encoding\GooglePhoto___2020___IMG_2712.PNG
F:\photo_script\brokenphotodir\gbk_encoding\GooglePhoto___2020___IMG_2727.PNG
F:\photo_script\brokenphotodir\gbk_encoding\GooglePhoto___2020___IMG_2910(1).PNG
F:\photo_script\brokenphotodir\gbk_encoding\GooglePhoto___2020___IMG_2910.PNG
F:\photo_script\brokenphotodir\gbk_encoding\GooglePhoto___2020___IMG_2937.JPG
F:\photo_script\brokenphotodir\gbk_encoding\GooglePhoto___2020___IMG_2968.JPG
F:\photo_script\brokenphotodir\gbk_encoding\GooglePhoto___2020___IMG_2970.JPG
F:\photo_script\brokenphotodir\gbk_encoding\GooglePhoto___2020___IMG_2971.JPG
F:\photo_script\brokenphotodir\gbk_encoding\GooglePhoto___2020___IMG_3014.PNG
F:\photo_script\brokenphotodir\gbk_encoding\GooglePhoto___2020___IMG_3233.JPG
F:\photo_script\brokenphotodir\gbk_encoding\GooglePhoto___2020___IMG_3236.JPG
F:\photo_script\brokenphotodir\gbk_encoding\GooglePhoto___2020___IMG_3247.JPG
F:\photo_script\brokenphotodir\gbk_encoding\GooglePhoto___2020___IMG_3256.JPG
F:\photo_script\brokenphotodir\gbk_encoding\GooglePhoto___2020___IMG_3278.JPG
F:\photo_script\brokenphotodir\gbk_encoding\GooglePhoto___2020___IMG_3305.JPG
F:\photo_script\brokenphotodir\gbk_encoding\GooglePhoto___2020___IMG_3307.JPG
F:\photo_script\brokenphotodir\gbk_encoding\GooglePhoto___2020___IMG_3372.JPG
F:\photo_script\brokenphotodir\gbk_encoding\GooglePhoto___2020___IMG_3379.JPG
F:\photo_script\brokenphotodir\gbk_encoding\GooglePhoto___2020___IMG_3380.JPG
F:\photo_script\brokenphotodir\gbk_encoding\GooglePhoto___2020___IMG_3381.JPG
F:\photo_script\brokenphotodir\gbk_encoding\GooglePhoto___2020___IMG_3382.JPG
F:\photo_script\brokenphotodir\gbk_encoding\GooglePhoto___2020___IMG_3419.JPG
F:\photo_script\brokenphotodir\gbk_encoding\GooglePhoto___2020___IMG_3420.JPG
F:\photo_script\brokenphotodir\gbk_encoding\GooglePhoto___2020___IMG_3421.JPG
F:\photo_script\brokenphotodir\gbk_encoding\GooglePhoto___2020___IMG_3521.PNG
F:\photo_script\brokenphotodir\gbk_encoding\GooglePhoto___2020___IMG_3542.JPG
F:\photo_script\brokenphotodir\gbk_encoding\GooglePhoto___2020___IMG_3551.JPG
F:\photo_script\brokenphotodir\gbk_encoding\GooglePhoto___2020___IMG_3563.PNG
F:\photo_script\brokenphotodir\gbk_encoding\GooglePhoto___2020___IMG_3564.PNG
F:\photo_script\brokenphotodir\gbk_encoding\GooglePhoto___2020___IMG_3565.PNG
F:\photo_script\brokenphotodir\gbk_encoding\GooglePhoto___2020___IMG_3584.JPG
F:\photo_script\brokenphotodir\gbk_encoding\GooglePhoto___2020___IMG_3599.JPG
F:\photo_script\brokenphotodir\gbk_encoding\GooglePhoto___2020___IMG_3618.JPG
F:\photo_script\brokenphotodir\gbk_encoding\GooglePhoto___2020___IMG_3619.JPG
F:\photo_script\brokenphotodir\gbk_encoding\GooglePhoto___2020___IMG_3642.JPG
F:\photo_script\brokenphotodir\gbk_encoding\GooglePhoto___2020___IMG_3653.JPG
F:\photo_script\brokenphotodir\gbk_encoding\GooglePhoto___2020___IMG_3697.JPG
F:\photo_script\brokenphotodir\gbk_encoding\GooglePhoto___2020___IMG_3698.JPG
F:\photo_script\brokenphotodir\gbk_encoding\GooglePhoto___2020___IMG_3715.JPG
F:\photo_script\brokenphotodir\gbk_encoding\GooglePhoto___2020___IMG_3728.JPG
F:\photo_script\brokenphotodir\gbk_encoding\GooglePhoto___2020___IMG_3736.JPG
F:\photo_script\brokenphotodir\gbk_encoding\GooglePhoto___2020___IMG_3743.JPG
F:\photo_script\brokenphotodir\gbk_encoding\GooglePhoto___2020___IMG_3913.JPG
F:\photo_script\brokenphotodir\gbk_encoding\GooglePhoto___2020___IMG_4015.PNG
F:\photo_script\brokenphotodir\gbk_encoding\GooglePhoto___2020___IMG_4046.JPG
F:\photo_script\brokenphotodir\gbk_encoding\GooglePhoto___2020___IMG_4163.PNG
F:\photo_script\brokenphotodir\gbk_encoding\GooglePhoto___2020___IMG_4164.JPG
F:\photo_script\brokenphotodir\gbk_encoding\GooglePhoto___2020___IMG_4187.PNG
F:\photo_script\brokenphotodir\gbk_encoding\GooglePhoto___2020___IMG_4188.PNG
F:\photo_script\brokenphotodir\gbk_encoding\GooglePhoto___2020___IMG_4265.JPG
F:\photo_script\brokenphotodir\gbk_encoding\GooglePhoto___2020___IMG_5241.PNG
F:\photo_script\brokenphotodir\gbk_encoding\GooglePhoto___2020___IMG_5320.JPG
F:\photo_script\brokenphotodir\gbk_encoding\GooglePhoto___2020___IMG_5321.JPG
F:\photo_script\brokenphotodir\gbk_encoding\GooglePhoto___2020___IMG_5322.JPG
F:\photo_script\brokenphotodir\gbk_encoding\GooglePhoto___2020___IMG_5324.JPG
F:\photo_script\brokenphotodir\gbk_encoding\GooglePhoto___2020___IMG_5326.JPG
F:\photo_script\brokenphotodir\gbk_encoding\GooglePhoto___2020___IMG_5327.JPG
F:\photo_script\brokenphotodir\gbk_encoding\GooglePhoto___2020___IMG_5374.JPG
F:\photo_script\brokenphotodir\gbk_encoding\GooglePhoto___2020___IMG_5420.JPG
F:\photo_script\brokenphotodir\gbk_encoding\GooglePhoto___2020___IMG_5559.JPG
F:\photo_script\brokenphotodir\gbk_encoding\GooglePhoto___2020___IMG_8604.JPG
F:\photo_script\brokenphotodir\gbk_encoding\GooglePhoto___2020___IMG_8605.JPG
F:\photo_script\brokenphotodir\gbk_encoding\GooglePhoto___2020___IMG_8606.JPG
F:\photo_script\brokenphotodir\gbk_encoding\GooglePhoto___2020___IMG_8607.JPG
F:\photo_script\brokenphotodir\gbk_encoding\GooglePhoto___2020___IMG_8608.JPG
F:\photo_script\brokenphotodir\gbk_encoding\GooglePhoto___2020___IMG_8609.JPG
F:\photo_script\brokenphotodir\gbk_encoding\GooglePhoto___2020___IMG_8627.JPG
F:\photo_script\brokenphotodir\gbk_encoding\GooglePhoto___2020___IMG_8637.PNG
F:\photo_script\brokenphotodir\gbk_encoding\GooglePhoto___2020___IMG_8658.JPG
F:\photo_script\brokenphotodir\gbk_encoding\GooglePhoto___2020___IMG_8680.PNG
F:\photo_script\brokenphotodir\gbk_encoding\GooglePhoto___2020___IMG_8686.PNG
F:\photo_script\brokenphotodir\gbk_encoding\GooglePhoto___2020___IMG_8695.PNG
F:\photo_script\brokenphotodir\gbk_encoding\GooglePhoto___2020___IMG_8744.PNG
F:\photo_script\brokenphotodir\gbk_encoding\GooglePhoto___2020___IMG_8770.PNG
F:\photo_script\brokenphotodir\gbk_encoding\GooglePhoto___2020___IMG_8801.JPG
F:\photo_script\brokenphotodir\gbk_encoding\GooglePhoto___2020___IMG_8877.PNG
F:\photo_script\brokenphotodir\gbk_encoding\GooglePhoto___2020___IMG_8885.PNG
F:\photo_script\brokenphotodir\gbk_encoding\GooglePhoto___2020___IMG_8905.JPG
F:\photo_script\brokenphotodir\gbk_encoding\GooglePhoto___2020___IMG_8931.PNG
F:\photo_script\brokenphotodir\gbk_encoding\GooglePhoto___2020___IMG_9012.PNG
F:\photo_script\brokenphotodir\gbk_encoding\GooglePhoto___2020___IMG_9017.PNG
F:\photo_script\brokenphotodir\gbk_encoding\GooglePhoto___2020___IMG_9032.PNG
F:\photo_script\brokenphotodir\gbk_encoding\GooglePhoto___2020___IMG_9051.JPG
F:\photo_script\brokenphotodir\gbk_encoding\GooglePhoto___2020___IMG_9052.JPG
F:\photo_script\brokenphotodir\gbk_encoding\GooglePhoto___2020___IMG_9058.PNG
F:\photo_script\brokenphotodir\gbk_encoding\GooglePhoto___2020___IMG_9059.PNG
F:\photo_script\brokenphotodir\gbk_encoding\GooglePhoto___2020___IMG_9060.PNG
F:\photo_script\brokenphotodir\gbk_encoding\GooglePhoto___2020___IMG_9062.PNG
F:\photo_script\brokenphotodir\gbk_encoding\GooglePhoto___2020___IMG_9087.JPG
F:\photo_script\brokenphotodir\gbk_encoding\GooglePhoto___2020___IMG_9139.PNG
F:\photo_script\brokenphotodir\gbk_encoding\GooglePhoto___2020___IMG_9160.PNG
F:\photo_script\brokenphotodir\gbk_encoding\GooglePhoto___2020___IMG_9167.PNG
F:\photo_script\brokenphotodir\gbk_encoding\GooglePhoto___2020___IMG_9385.PNG
F:\photo_script\brokenphotodir\gbk_encoding\GooglePhoto___2020___IMG_9398.JPG
F:\photo_script\brokenphotodir\gbk_encoding\GooglePhoto___2020___IMG_9428.JPG
F:\photo_script\brokenphotodir\gbk_encoding\GooglePhoto___2020___IMG_9457.PNG
F:\photo_script\brokenphotodir\gbk_encoding\GooglePhoto___2020___IMG_9471.PNG
F:\photo_script\brokenphotodir\gbk_encoding\GooglePhoto___2020___IMG_9477.PNG
F:\photo_script\brokenphotodir\gbk_encoding\GooglePhoto___2020___IMG_9509.JPG
F:\photo_script\brokenphotodir\gbk_encoding\GooglePhoto___2020___IMG_9520.PNG
F:\photo_script\brokenphotodir\gbk_encoding\GooglePhoto___2020___IMG_9540.jpg
F:\photo_script\brokenphotodir\gbk_encoding\GooglePhoto___2020___IMG_9540.PNG
F:\photo_script\brokenphotodir\gbk_encoding\GooglePhoto___2020___IMG_9541.jpg
F:\photo_script\brokenphotodir\gbk_encoding\GooglePhoto___2020___IMG_9592.PNG
F:\photo_script\brokenphotodir\gbk_encoding\GooglePhoto___2020___IMG_9650.JPG
F:\photo_script\brokenphotodir\gbk_encoding\GooglePhoto___2020___IMG_9698.JPG
F:\photo_script\brokenphotodir\gbk_encoding\GooglePhoto___2020___IMG_9866.PNG
F:\photo_script\brokenphotodir\gbk_encoding\GooglePhoto___2020___IMG_9878.PNG
F:\photo_script\brokenphotodir\gbk_encoding\GooglePhoto___2020___IMG_9907.JPG
F:\photo_script\brokenphotodir\gbk_encoding\GooglePhoto___2020___IMG_9975.PNG
F:\photo_script\brokenphotodir\gbk_encoding\GooglePhoto___2020___Xnip2020-11-23_01-37-42.jpg
