f:\photo_script\brokenphotodir\gbk_encoding\GooglePhoto___2018___2016-09-06 075932.jpg
f:\photo_script\brokenphotodir\gbk_encoding\GooglePhoto___2018___2016-09-09 202944.jpg
f:\photo_script\brokenphotodir\gbk_encoding\GooglePhoto___2018___2016-09-10 234535.jpg
f:\photo_script\brokenphotodir\gbk_encoding\GooglePhoto___2018___2016-09-29 173833.png
f:\photo_script\brokenphotodir\gbk_encoding\GooglePhoto___2018___2016-09-30 105532.png
f:\photo_script\brokenphotodir\gbk_encoding\GooglePhoto___2018___2016-10-01 091743.png
f:\photo_script\brokenphotodir\gbk_encoding\GooglePhoto___2018___2016-10-08 083904.png
f:\photo_script\brokenphotodir\gbk_encoding\GooglePhoto___2018___2016-10-22 160735.png
f:\photo_script\brokenphotodir\gbk_encoding\GooglePhoto___2018___2016-10-26 123734.png
f:\photo_script\brokenphotodir\gbk_encoding\GooglePhoto___2018___2016-11-11 183242.png
f:\photo_script\brokenphotodir\gbk_encoding\GooglePhoto___2018___2016-11-14 192826.jpg
f:\photo_script\brokenphotodir\gbk_encoding\GooglePhoto___2018___2016-11-16 144930.jpg
f:\photo_script\brokenphotodir\gbk_encoding\GooglePhoto___2018___2016-11-24 155608.jpg
f:\photo_script\brokenphotodir\gbk_encoding\GooglePhoto___2018___2016-11-26 144403.jpg
f:\photo_script\brokenphotodir\gbk_encoding\GooglePhoto___2018___2016-11-26 144548.jpg
f:\photo_script\brokenphotodir\gbk_encoding\GooglePhoto___2018___2016-11-28 133157.jpg
f:\photo_script\brokenphotodir\gbk_encoding\GooglePhoto___2018___2016-12-01 074756.png
f:\photo_script\brokenphotodir\gbk_encoding\GooglePhoto___2018___2016-12-02 140048.jpg
f:\photo_script\brokenphotodir\gbk_encoding\GooglePhoto___2018___2016-12-11 204819.jpg
f:\photo_script\brokenphotodir\gbk_encoding\GooglePhoto___2018___2016-12-26 153300.jpg
f:\photo_script\brokenphotodir\gbk_encoding\GooglePhoto___2018___2016-12-26 204944.jpg
f:\photo_script\brokenphotodir\gbk_encoding\GooglePhoto___2018___2016-12-30 094707.jpg
f:\photo_script\brokenphotodir\gbk_encoding\GooglePhoto___2018___2016-12-30 105127.jpg
f:\photo_script\brokenphotodir\gbk_encoding\GooglePhoto___2018___2017-01-07 160913.jpg
f:\photo_script\brokenphotodir\gbk_encoding\GooglePhoto___2018___2017-01-09 132923(1).jpg
f:\photo_script\brokenphotodir\gbk_encoding\GooglePhoto___2018___2017-01-09 132923.jpg
f:\photo_script\brokenphotodir\gbk_encoding\GooglePhoto___2018___2017-01-09 132924(1).jpg
f:\photo_script\brokenphotodir\gbk_encoding\GooglePhoto___2018___2017-01-09 132924.jpg
f:\photo_script\brokenphotodir\gbk_encoding\GooglePhoto___2018___2017-01-09 132925.jpg
f:\photo_script\brokenphotodir\gbk_encoding\GooglePhoto___2018___2017-01-10 193343.jpg
f:\photo_script\brokenphotodir\gbk_encoding\GooglePhoto___2018___2017-01-12 131130.jpg
f:\photo_script\brokenphotodir\gbk_encoding\GooglePhoto___2018___2017-01-26 111253.png
f:\photo_script\brokenphotodir\gbk_encoding\GooglePhoto___2018___2017-01-26 113336.png
f:\photo_script\brokenphotodir\gbk_encoding\GooglePhoto___2018___2017-01-27 123626.jpg
f:\photo_script\brokenphotodir\gbk_encoding\GooglePhoto___2018___2017-01-31 191801.png
f:\photo_script\brokenphotodir\gbk_encoding\GooglePhoto___2018___2017-02-01 152619.png
f:\photo_script\brokenphotodir\gbk_encoding\GooglePhoto___2018___2017-02-01 160003.png
f:\photo_script\brokenphotodir\gbk_encoding\GooglePhoto___2018___2017-02-02 115857.png
f:\photo_script\brokenphotodir\gbk_encoding\GooglePhoto___2018___2017-02-05 163934.png
f:\photo_script\brokenphotodir\gbk_encoding\GooglePhoto___2018___2017-02-05 170658.png
f:\photo_script\brokenphotodir\gbk_encoding\GooglePhoto___2018___2017-02-09 092355.png
f:\photo_script\brokenphotodir\gbk_encoding\GooglePhoto___2018___2017-02-09 092736.png
f:\photo_script\brokenphotodir\gbk_encoding\GooglePhoto___2018___2017-02-10 130915.png
f:\photo_script\brokenphotodir\gbk_encoding\GooglePhoto___2018___2017-02-10 132613.png
f:\photo_script\brokenphotodir\gbk_encoding\GooglePhoto___2018___2017-02-10 200525.png
f:\photo_script\brokenphotodir\gbk_encoding\GooglePhoto___2018___2017-02-17 134437.png
f:\photo_script\brokenphotodir\gbk_encoding\GooglePhoto___2018___2017-02-21 072633.jpg
f:\photo_script\brokenphotodir\gbk_encoding\GooglePhoto___2018___2017-02-21 073712.png
f:\photo_script\brokenphotodir\gbk_encoding\GooglePhoto___2018___2017-02-25 122113.png
f:\photo_script\brokenphotodir\gbk_encoding\GooglePhoto___2018___2017-02-25 123711.png
f:\photo_script\brokenphotodir\gbk_encoding\GooglePhoto___2018___2017-03-07 130609.jpg
f:\photo_script\brokenphotodir\gbk_encoding\GooglePhoto___2018___2017-03-19 085016.png
f:\photo_script\brokenphotodir\gbk_encoding\GooglePhoto___2018___2017-03-25 202815.jpg
f:\photo_script\brokenphotodir\gbk_encoding\GooglePhoto___2018___20180109_050413300_iOS.jpg
f:\photo_script\brokenphotodir\gbk_encoding\GooglePhoto___2018___20180111_081603918_iOS.jpg
f:\photo_script\brokenphotodir\gbk_encoding\GooglePhoto___2018___20180117_080430777_iOS.jpg
f:\photo_script\brokenphotodir\gbk_encoding\GooglePhoto___2018___20180117_102601611_iOS.jpg
f:\photo_script\brokenphotodir\gbk_encoding\GooglePhoto___2018___20180118_040136741_iOS.jpg
f:\photo_script\brokenphotodir\gbk_encoding\GooglePhoto___2018___20180118_040137785_iOS.jpg
f:\photo_script\brokenphotodir\gbk_encoding\GooglePhoto___2018___20180119_030845736_iOS.jpg
f:\photo_script\brokenphotodir\gbk_encoding\GooglePhoto___2018___20180119_032232550_iOS.png
f:\photo_script\brokenphotodir\gbk_encoding\GooglePhoto___2018___20180119_111430133_iOS.jpg
f:\photo_script\brokenphotodir\gbk_encoding\GooglePhoto___2018___20180119_134955563_iOS.jpg
f:\photo_script\brokenphotodir\gbk_encoding\GooglePhoto___2018___20180120_052531228_iOS.jpg
f:\photo_script\brokenphotodir\gbk_encoding\GooglePhoto___2018___20180122_144353892_iOS.jpg
f:\photo_script\brokenphotodir\gbk_encoding\GooglePhoto___2018___20180124_135008884_iOS.jpg
f:\photo_script\brokenphotodir\gbk_encoding\GooglePhoto___2018___20180125_035645369_iOS.jpg
f:\photo_script\brokenphotodir\gbk_encoding\GooglePhoto___2018___20180125_035645469_iOS.jpg
f:\photo_script\brokenphotodir\gbk_encoding\GooglePhoto___2018___20180129_034752539_iOS.jpg
f:\photo_script\brokenphotodir\gbk_encoding\GooglePhoto___2018___20180129_034752639_iOS.jpg
f:\photo_script\brokenphotodir\gbk_encoding\GooglePhoto___2018___20180129_034800908_iOS.jpg
f:\photo_script\brokenphotodir\gbk_encoding\GooglePhoto___2018___20180129_034801008_iOS.jpg
f:\photo_script\brokenphotodir\gbk_encoding\GooglePhoto___2018___20180129_054853263_iOS.jpg
